/data/projects/istart-socdoors/derivatives/fsl/L3_model-2_task-socialdoors_n92_flame1+2_randomise/L3_model-2_task-socialdoors_type-act_cnum-4_cname-win-loss_randomise/_clustere_corrp_tstat10.nii.gz
0.000000 0.790600 
/data/projects/istart-socdoors/derivatives/fsl/L3_model-2_task-socialdoors_n92_flame1+2_randomise/L3_model-2_task-socialdoors_type-act_cnum-4_cname-win-loss_randomise/_clustere_corrp_tstat11.nii.gz
0.000000 0.184200 
/data/projects/istart-socdoors/derivatives/fsl/L3_model-2_task-socialdoors_n92_flame1+2_randomise/L3_model-2_task-socialdoors_type-act_cnum-4_cname-win-loss_randomise/_clustere_corrp_tstat12.nii.gz
0.000000 0.256600 
/data/projects/istart-socdoors/derivatives/fsl/L3_model-2_task-socialdoors_n92_flame1+2_randomise/L3_model-2_task-socialdoors_type-act_cnum-4_cname-win-loss_randomise/_clustere_corrp_tstat1.nii.gz
0.000000 0.975800 
/data/projects/istart-socdoors/derivatives/fsl/L3_model-2_task-socialdoors_n92_flame1+2_randomise/L3_model-2_task-socialdoors_type-act_cnum-4_cname-win-loss_randomise/_clustere_corrp_tstat2.nii.gz
0.000000 0.249800 
/data/projects/istart-socdoors/derivatives/fsl/L3_model-2_task-socialdoors_n92_flame1+2_randomise/L3_model-2_task-socialdoors_type-act_cnum-4_cname-win-loss_randomise/_clustere_corrp_tstat3.nii.gz
0.000000 0.484800 
/data/projects/istart-socdoors/derivatives/fsl/L3_model-2_task-socialdoors_n92_flame1+2_randomise/L3_model-2_task-socialdoors_type-act_cnum-4_cname-win-loss_randomise/_clustere_corrp_tstat4.nii.gz
0.000000 0.784600 
/data/projects/istart-socdoors/derivatives/fsl/L3_model-2_task-socialdoors_n92_flame1+2_randomise/L3_model-2_task-socialdoors_type-act_cnum-4_cname-win-loss_randomise/_clustere_corrp_tstat5.nii.gz
0.000000 0.218200 
/data/projects/istart-socdoors/derivatives/fsl/L3_model-2_task-socialdoors_n92_flame1+2_randomise/L3_model-2_task-socialdoors_type-act_cnum-4_cname-win-loss_randomise/_clustere_corrp_tstat6.nii.gz
0.000000 0.812600 
/data/projects/istart-socdoors/derivatives/fsl/L3_model-2_task-socialdoors_n92_flame1+2_randomise/L3_model-2_task-socialdoors_type-act_cnum-4_cname-win-loss_randomise/_clustere_corrp_tstat7.nii.gz
0.000000 0.123600 
/data/projects/istart-socdoors/derivatives/fsl/L3_model-2_task-socialdoors_n92_flame1+2_randomise/L3_model-2_task-socialdoors_type-act_cnum-4_cname-win-loss_randomise/_clustere_corrp_tstat8.nii.gz
0.000000 0.765200 
/data/projects/istart-socdoors/derivatives/fsl/L3_model-2_task-socialdoors_n92_flame1+2_randomise/L3_model-2_task-socialdoors_type-act_cnum-4_cname-win-loss_randomise/_clustere_corrp_tstat9.nii.gz
0.000000 0.580000 
/data/projects/istart-socdoors/derivatives/fsl/L3_model-2_task-socialdoors_n92_flame1+2_randomise/L3_model-2_task-socialdoors_type-act_cnum-4_cname-win-loss_randomise/_tfce_corrp_tstat10.nii.gz
0.000000 0.606200 
/data/projects/istart-socdoors/derivatives/fsl/L3_model-2_task-socialdoors_n92_flame1+2_randomise/L3_model-2_task-socialdoors_type-act_cnum-4_cname-win-loss_randomise/_tfce_corrp_tstat11.nii.gz
0.000000 0.201000 
/data/projects/istart-socdoors/derivatives/fsl/L3_model-2_task-socialdoors_n92_flame1+2_randomise/L3_model-2_task-socialdoors_type-act_cnum-4_cname-win-loss_randomise/_tfce_corrp_tstat12.nii.gz
0.000000 0.169000 
/data/projects/istart-socdoors/derivatives/fsl/L3_model-2_task-socialdoors_n92_flame1+2_randomise/L3_model-2_task-socialdoors_type-act_cnum-4_cname-win-loss_randomise/_tfce_corrp_tstat1.nii.gz
0.000000 0.921400 
/data/projects/istart-socdoors/derivatives/fsl/L3_model-2_task-socialdoors_n92_flame1+2_randomise/L3_model-2_task-socialdoors_type-act_cnum-4_cname-win-loss_randomise/_tfce_corrp_tstat2.nii.gz
0.000000 0.182400 
/data/projects/istart-socdoors/derivatives/fsl/L3_model-2_task-socialdoors_n92_flame1+2_randomise/L3_model-2_task-socialdoors_type-act_cnum-4_cname-win-loss_randomise/_tfce_corrp_tstat3.nii.gz
0.000000 0.374200 
/data/projects/istart-socdoors/derivatives/fsl/L3_model-2_task-socialdoors_n92_flame1+2_randomise/L3_model-2_task-socialdoors_type-act_cnum-4_cname-win-loss_randomise/_tfce_corrp_tstat4.nii.gz
0.000000 0.880200 
/data/projects/istart-socdoors/derivatives/fsl/L3_model-2_task-socialdoors_n92_flame1+2_randomise/L3_model-2_task-socialdoors_type-act_cnum-4_cname-win-loss_randomise/_tfce_corrp_tstat5.nii.gz
0.000000 0.240400 
/data/projects/istart-socdoors/derivatives/fsl/L3_model-2_task-socialdoors_n92_flame1+2_randomise/L3_model-2_task-socialdoors_type-act_cnum-4_cname-win-loss_randomise/_tfce_corrp_tstat6.nii.gz
0.000000 0.913400 
/data/projects/istart-socdoors/derivatives/fsl/L3_model-2_task-socialdoors_n92_flame1+2_randomise/L3_model-2_task-socialdoors_type-act_cnum-4_cname-win-loss_randomise/_tfce_corrp_tstat7.nii.gz
0.000000 0.234800 
/data/projects/istart-socdoors/derivatives/fsl/L3_model-2_task-socialdoors_n92_flame1+2_randomise/L3_model-2_task-socialdoors_type-act_cnum-4_cname-win-loss_randomise/_tfce_corrp_tstat8.nii.gz
0.000000 0.560400 
/data/projects/istart-socdoors/derivatives/fsl/L3_model-2_task-socialdoors_n92_flame1+2_randomise/L3_model-2_task-socialdoors_type-act_cnum-4_cname-win-loss_randomise/_tfce_corrp_tstat9.nii.gz
0.000000 0.397800 
/data/projects/istart-socdoors/derivatives/fsl/L3_model-2_task-socialdoors_n92_flame1+2_randomise/L3_model-2_task-socialdoors_type-act_cnum-4_cname-win-loss_randomise/_tstat10.nii.gz
-5.290822 4.939323 
/data/projects/istart-socdoors/derivatives/fsl/L3_model-2_task-socialdoors_n92_flame1+2_randomise/L3_model-2_task-socialdoors_type-act_cnum-4_cname-win-loss_randomise/_tstat11.nii.gz
-4.386735 4.371861 
/data/projects/istart-socdoors/derivatives/fsl/L3_model-2_task-socialdoors_n92_flame1+2_randomise/L3_model-2_task-socialdoors_type-act_cnum-4_cname-win-loss_randomise/_tstat12.nii.gz
-4.371861 4.386735 
/data/projects/istart-socdoors/derivatives/fsl/L3_model-2_task-socialdoors_n92_flame1+2_randomise/L3_model-2_task-socialdoors_type-act_cnum-4_cname-win-loss_randomise/_tstat1.nii.gz
-4.729496 4.750777 
/data/projects/istart-socdoors/derivatives/fsl/L3_model-2_task-socialdoors_n92_flame1+2_randomise/L3_model-2_task-socialdoors_type-act_cnum-4_cname-win-loss_randomise/_tstat2.nii.gz
-4.750777 4.729496 
/data/projects/istart-socdoors/derivatives/fsl/L3_model-2_task-socialdoors_n92_flame1+2_randomise/L3_model-2_task-socialdoors_type-act_cnum-4_cname-win-loss_randomise/_tstat3.nii.gz
-4.619851 6.191903 
/data/projects/istart-socdoors/derivatives/fsl/L3_model-2_task-socialdoors_n92_flame1+2_randomise/L3_model-2_task-socialdoors_type-act_cnum-4_cname-win-loss_randomise/_tstat4.nii.gz
-6.191903 4.619851 
/data/projects/istart-socdoors/derivatives/fsl/L3_model-2_task-socialdoors_n92_flame1+2_randomise/L3_model-2_task-socialdoors_type-act_cnum-4_cname-win-loss_randomise/_tstat5.nii.gz
-5.353064 4.341964 
/data/projects/istart-socdoors/derivatives/fsl/L3_model-2_task-socialdoors_n92_flame1+2_randomise/L3_model-2_task-socialdoors_type-act_cnum-4_cname-win-loss_randomise/_tstat6.nii.gz
-4.341964 5.353064 
/data/projects/istart-socdoors/derivatives/fsl/L3_model-2_task-socialdoors_n92_flame1+2_randomise/L3_model-2_task-socialdoors_type-act_cnum-4_cname-win-loss_randomise/_tstat7.nii.gz
-5.255611 5.119515 
/data/projects/istart-socdoors/derivatives/fsl/L3_model-2_task-socialdoors_n92_flame1+2_randomise/L3_model-2_task-socialdoors_type-act_cnum-4_cname-win-loss_randomise/_tstat8.nii.gz
-5.119515 5.255611 
/data/projects/istart-socdoors/derivatives/fsl/L3_model-2_task-socialdoors_n92_flame1+2_randomise/L3_model-2_task-socialdoors_type-act_cnum-4_cname-win-loss_randomise/_tstat9.nii.gz
-4.939323 5.290822 
/data/projects/istart-socdoors/derivatives/fsl/L3_model-2_task-socialdoors_n92_flame1+2_randomise/L3_model-2_task-socialdoors_type-act_cnum-4_cname-win-loss_randomise/type-act_model-2_randomise_filteredfunc_diff.nii.gz
-5100.061523 3607.188232 
/data/projects/istart-socdoors/derivatives/fsl/L3_model-2_task-socialdoors_n92_flame1+2_randomise/L3_model-2_task-socialdoors_type-act_cnum-4_cname-win-loss_randomise/_vox_corrp_tstat10.nii.gz
0.000000 0.585600 
/data/projects/istart-socdoors/derivatives/fsl/L3_model-2_task-socialdoors_n92_flame1+2_randomise/L3_model-2_task-socialdoors_type-act_cnum-4_cname-win-loss_randomise/_vox_corrp_tstat11.nii.gz
0.000000 0.275200 
/data/projects/istart-socdoors/derivatives/fsl/L3_model-2_task-socialdoors_n92_flame1+2_randomise/L3_model-2_task-socialdoors_type-act_cnum-4_cname-win-loss_randomise/_vox_corrp_tstat12.nii.gz
0.000000 0.289200 
/data/projects/istart-socdoors/derivatives/fsl/L3_model-2_task-socialdoors_n92_flame1+2_randomise/L3_model-2_task-socialdoors_type-act_cnum-4_cname-win-loss_randomise/_vox_corrp_tstat1.nii.gz
0.000000 0.691400 
/data/projects/istart-socdoors/derivatives/fsl/L3_model-2_task-socialdoors_n92_flame1+2_randomise/L3_model-2_task-socialdoors_type-act_cnum-4_cname-win-loss_randomise/_vox_corrp_tstat2.nii.gz
0.000000 0.674200 
/data/projects/istart-socdoors/derivatives/fsl/L3_model-2_task-socialdoors_n92_flame1+2_randomise/L3_model-2_task-socialdoors_type-act_cnum-4_cname-win-loss_randomise/_vox_corrp_tstat3.nii.gz
0.000000 0.977400 
/data/projects/istart-socdoors/derivatives/fsl/L3_model-2_task-socialdoors_n92_flame1+2_randomise/L3_model-2_task-socialdoors_type-act_cnum-4_cname-win-loss_randomise/_vox_corrp_tstat4.nii.gz
0.000000 0.477600 
/data/projects/istart-socdoors/derivatives/fsl/L3_model-2_task-socialdoors_n92_flame1+2_randomise/L3_model-2_task-socialdoors_type-act_cnum-4_cname-win-loss_randomise/_vox_corrp_tstat5.nii.gz
0.000000 0.342400 
/data/projects/istart-socdoors/derivatives/fsl/L3_model-2_task-socialdoors_n92_flame1+2_randomise/L3_model-2_task-socialdoors_type-act_cnum-4_cname-win-loss_randomise/_vox_corrp_tstat6.nii.gz
0.000000 0.904000 
/data/projects/istart-socdoors/derivatives/fsl/L3_model-2_task-socialdoors_n92_flame1+2_randomise/L3_model-2_task-socialdoors_type-act_cnum-4_cname-win-loss_randomise/_vox_corrp_tstat7.nii.gz
0.000000 0.702200 
/data/projects/istart-socdoors/derivatives/fsl/L3_model-2_task-socialdoors_n92_flame1+2_randomise/L3_model-2_task-socialdoors_type-act_cnum-4_cname-win-loss_randomise/_vox_corrp_tstat8.nii.gz
0.000000 0.757800 
/data/projects/istart-socdoors/derivatives/fsl/L3_model-2_task-socialdoors_n92_flame1+2_randomise/L3_model-2_task-socialdoors_type-act_cnum-4_cname-win-loss_randomise/_vox_corrp_tstat9.nii.gz
0.000000 0.777200 
/data/projects/istart-socdoors/derivatives/fsl/L3_model-2_task-socialdoors_n92_flame1+2_randomise/L3_model-2_task-socialdoors_type-nppi-dmn_cnum-4_cname-win-loss_randomise/_clustere_corrp_tstat10.nii.gz
0.000000 0.003600 
/data/projects/istart-socdoors/derivatives/fsl/L3_model-2_task-socialdoors_n92_flame1+2_randomise/L3_model-2_task-socialdoors_type-nppi-dmn_cnum-4_cname-win-loss_randomise/_clustere_corrp_tstat11.nii.gz
0.000000 0.051000 
/data/projects/istart-socdoors/derivatives/fsl/L3_model-2_task-socialdoors_n92_flame1+2_randomise/L3_model-2_task-socialdoors_type-nppi-dmn_cnum-4_cname-win-loss_randomise/_clustere_corrp_tstat12.nii.gz
0.000000 0.017200 
/data/projects/istart-socdoors/derivatives/fsl/L3_model-2_task-socialdoors_n92_flame1+2_randomise/L3_model-2_task-socialdoors_type-nppi-dmn_cnum-4_cname-win-loss_randomise/_clustere_corrp_tstat1.nii.gz
0.000000 0.872400 
/data/projects/istart-socdoors/derivatives/fsl/L3_model-2_task-socialdoors_n92_flame1+2_randomise/L3_model-2_task-socialdoors_type-nppi-dmn_cnum-4_cname-win-loss_randomise/_clustere_corrp_tstat2.nii.gz
0.000000 0.518600 
/data/projects/istart-socdoors/derivatives/fsl/L3_model-2_task-socialdoors_n92_flame1+2_randomise/L3_model-2_task-socialdoors_type-nppi-dmn_cnum-4_cname-win-loss_randomise/_clustere_corrp_tstat3.nii.gz
0.000000 0.116200 
/data/projects/istart-socdoors/derivatives/fsl/L3_model-2_task-socialdoors_n92_flame1+2_randomise/L3_model-2_task-socialdoors_type-nppi-dmn_cnum-4_cname-win-loss_randomise/_clustere_corrp_tstat4.nii.gz
0.000000 0.386200 
/data/projects/istart-socdoors/derivatives/fsl/L3_model-2_task-socialdoors_n92_flame1+2_randomise/L3_model-2_task-socialdoors_type-nppi-dmn_cnum-4_cname-win-loss_randomise/_clustere_corrp_tstat5.nii.gz
0.000000 0.902600 
/data/projects/istart-socdoors/derivatives/fsl/L3_model-2_task-socialdoors_n92_flame1+2_randomise/L3_model-2_task-socialdoors_type-nppi-dmn_cnum-4_cname-win-loss_randomise/_clustere_corrp_tstat6.nii.gz
0.000000 0.860000 
/data/projects/istart-socdoors/derivatives/fsl/L3_model-2_task-socialdoors_n92_flame1+2_randomise/L3_model-2_task-socialdoors_type-nppi-dmn_cnum-4_cname-win-loss_randomise/_clustere_corrp_tstat7.nii.gz
0.000000 0.050600 
/data/projects/istart-socdoors/derivatives/fsl/L3_model-2_task-socialdoors_n92_flame1+2_randomise/L3_model-2_task-socialdoors_type-nppi-dmn_cnum-4_cname-win-loss_randomise/_clustere_corrp_tstat8.nii.gz
0.000000 0.023000 
/data/projects/istart-socdoors/derivatives/fsl/L3_model-2_task-socialdoors_n92_flame1+2_randomise/L3_model-2_task-socialdoors_type-nppi-dmn_cnum-4_cname-win-loss_randomise/_clustere_corrp_tstat9.nii.gz
0.000000 0.106400 
/data/projects/istart-socdoors/derivatives/fsl/L3_model-2_task-socialdoors_n92_flame1+2_randomise/L3_model-2_task-socialdoors_type-nppi-dmn_cnum-4_cname-win-loss_randomise/_tfce_corrp_tstat10.nii.gz
0.000000 0.071200 
/data/projects/istart-socdoors/derivatives/fsl/L3_model-2_task-socialdoors_n92_flame1+2_randomise/L3_model-2_task-socialdoors_type-nppi-dmn_cnum-4_cname-win-loss_randomise/_tfce_corrp_tstat11.nii.gz
0.000000 0.187400 
/data/projects/istart-socdoors/derivatives/fsl/L3_model-2_task-socialdoors_n92_flame1+2_randomise/L3_model-2_task-socialdoors_type-nppi-dmn_cnum-4_cname-win-loss_randomise/_tfce_corrp_tstat12.nii.gz
0.000000 0.010600 
/data/projects/istart-socdoors/derivatives/fsl/L3_model-2_task-socialdoors_n92_flame1+2_randomise/L3_model-2_task-socialdoors_type-nppi-dmn_cnum-4_cname-win-loss_randomise/_tfce_corrp_tstat1.nii.gz
0.000000 0.697200 
/data/projects/istart-socdoors/derivatives/fsl/L3_model-2_task-socialdoors_n92_flame1+2_randomise/L3_model-2_task-socialdoors_type-nppi-dmn_cnum-4_cname-win-loss_randomise/_tfce_corrp_tstat2.nii.gz
0.000000 0.695600 
/data/projects/istart-socdoors/derivatives/fsl/L3_model-2_task-socialdoors_n92_flame1+2_randomise/L3_model-2_task-socialdoors_type-nppi-dmn_cnum-4_cname-win-loss_randomise/_tfce_corrp_tstat3.nii.gz
0.000000 0.013000 
/data/projects/istart-socdoors/derivatives/fsl/L3_model-2_task-socialdoors_n92_flame1+2_randomise/L3_model-2_task-socialdoors_type-nppi-dmn_cnum-4_cname-win-loss_randomise/_tfce_corrp_tstat4.nii.gz
0.000000 0.798600 
/data/projects/istart-socdoors/derivatives/fsl/L3_model-2_task-socialdoors_n92_flame1+2_randomise/L3_model-2_task-socialdoors_type-nppi-dmn_cnum-4_cname-win-loss_randomise/_tfce_corrp_tstat5.nii.gz
0.000000 0.965600 
/data/projects/istart-socdoors/derivatives/fsl/L3_model-2_task-socialdoors_n92_flame1+2_randomise/L3_model-2_task-socialdoors_type-nppi-dmn_cnum-4_cname-win-loss_randomise/_tfce_corrp_tstat6.nii.gz
0.000000 0.790000 
/data/projects/istart-socdoors/derivatives/fsl/L3_model-2_task-socialdoors_n92_flame1+2_randomise/L3_model-2_task-socialdoors_type-nppi-dmn_cnum-4_cname-win-loss_randomise/_tfce_corrp_tstat7.nii.gz
0.000000 0.274800 
/data/projects/istart-socdoors/derivatives/fsl/L3_model-2_task-socialdoors_n92_flame1+2_randomise/L3_model-2_task-socialdoors_type-nppi-dmn_cnum-4_cname-win-loss_randomise/_tfce_corrp_tstat8.nii.gz
0.000000 0.014000 
/data/projects/istart-socdoors/derivatives/fsl/L3_model-2_task-socialdoors_n92_flame1+2_randomise/L3_model-2_task-socialdoors_type-nppi-dmn_cnum-4_cname-win-loss_randomise/_tfce_corrp_tstat9.nii.gz
0.000000 0.151800 
/data/projects/istart-socdoors/derivatives/fsl/L3_model-2_task-socialdoors_n92_flame1+2_randomise/L3_model-2_task-socialdoors_type-nppi-dmn_cnum-4_cname-win-loss_randomise/_tstat10.nii.gz
-4.290551 3.847458 
/data/projects/istart-socdoors/derivatives/fsl/L3_model-2_task-socialdoors_n92_flame1+2_randomise/L3_model-2_task-socialdoors_type-nppi-dmn_cnum-4_cname-win-loss_randomise/_tstat11.nii.gz
-3.941283 4.019177 
/data/projects/istart-socdoors/derivatives/fsl/L3_model-2_task-socialdoors_n92_flame1+2_randomise/L3_model-2_task-socialdoors_type-nppi-dmn_cnum-4_cname-win-loss_randomise/_tstat12.nii.gz
-4.019177 3.941283 
/data/projects/istart-socdoors/derivatives/fsl/L3_model-2_task-socialdoors_n92_flame1+2_randomise/L3_model-2_task-socialdoors_type-nppi-dmn_cnum-4_cname-win-loss_randomise/_tstat1.nii.gz
-5.827625 4.397048 
/data/projects/istart-socdoors/derivatives/fsl/L3_model-2_task-socialdoors_n92_flame1+2_randomise/L3_model-2_task-socialdoors_type-nppi-dmn_cnum-4_cname-win-loss_randomise/_tstat2.nii.gz
-4.397048 5.827625 
/data/projects/istart-socdoors/derivatives/fsl/L3_model-2_task-socialdoors_n92_flame1+2_randomise/L3_model-2_task-socialdoors_type-nppi-dmn_cnum-4_cname-win-loss_randomise/_tstat3.nii.gz
-4.429713 3.608840 
/data/projects/istart-socdoors/derivatives/fsl/L3_model-2_task-socialdoors_n92_flame1+2_randomise/L3_model-2_task-socialdoors_type-nppi-dmn_cnum-4_cname-win-loss_randomise/_tstat4.nii.gz
-3.608840 4.429713 
/data/projects/istart-socdoors/derivatives/fsl/L3_model-2_task-socialdoors_n92_flame1+2_randomise/L3_model-2_task-socialdoors_type-nppi-dmn_cnum-4_cname-win-loss_randomise/_tstat5.nii.gz
-4.977352 5.363380 
/data/projects/istart-socdoors/derivatives/fsl/L3_model-2_task-socialdoors_n92_flame1+2_randomise/L3_model-2_task-socialdoors_type-nppi-dmn_cnum-4_cname-win-loss_randomise/_tstat6.nii.gz
-5.363380 4.977352 
/data/projects/istart-socdoors/derivatives/fsl/L3_model-2_task-socialdoors_n92_flame1+2_randomise/L3_model-2_task-socialdoors_type-nppi-dmn_cnum-4_cname-win-loss_randomise/_tstat7.nii.gz
-3.584087 3.889153 
/data/projects/istart-socdoors/derivatives/fsl/L3_model-2_task-socialdoors_n92_flame1+2_randomise/L3_model-2_task-socialdoors_type-nppi-dmn_cnum-4_cname-win-loss_randomise/_tstat8.nii.gz
-3.889153 3.584087 
/data/projects/istart-socdoors/derivatives/fsl/L3_model-2_task-socialdoors_n92_flame1+2_randomise/L3_model-2_task-socialdoors_type-nppi-dmn_cnum-4_cname-win-loss_randomise/_tstat9.nii.gz
-3.847458 4.290551 
/data/projects/istart-socdoors/derivatives/fsl/L3_model-2_task-socialdoors_n92_flame1+2_randomise/L3_model-2_task-socialdoors_type-nppi-dmn_cnum-4_cname-win-loss_randomise/type-nppi-dmn_model-2_randomise_filteredfunc_diff.nii.gz
-802.024780 1082.093140 
/data/projects/istart-socdoors/derivatives/fsl/L3_model-2_task-socialdoors_n92_flame1+2_randomise/L3_model-2_task-socialdoors_type-nppi-dmn_cnum-4_cname-win-loss_randomise/_vox_corrp_tstat10.nii.gz
0.000000 0.028400 
/data/projects/istart-socdoors/derivatives/fsl/L3_model-2_task-socialdoors_n92_flame1+2_randomise/L3_model-2_task-socialdoors_type-nppi-dmn_cnum-4_cname-win-loss_randomise/_vox_corrp_tstat11.nii.gz
0.000000 0.070800 
/data/projects/istart-socdoors/derivatives/fsl/L3_model-2_task-socialdoors_n92_flame1+2_randomise/L3_model-2_task-socialdoors_type-nppi-dmn_cnum-4_cname-win-loss_randomise/_vox_corrp_tstat12.nii.gz
0.000000 0.051600 
/data/projects/istart-socdoors/derivatives/fsl/L3_model-2_task-socialdoors_n92_flame1+2_randomise/L3_model-2_task-socialdoors_type-nppi-dmn_cnum-4_cname-win-loss_randomise/_vox_corrp_tstat1.nii.gz
0.000000 0.331800 
/data/projects/istart-socdoors/derivatives/fsl/L3_model-2_task-socialdoors_n92_flame1+2_randomise/L3_model-2_task-socialdoors_type-nppi-dmn_cnum-4_cname-win-loss_randomise/_vox_corrp_tstat2.nii.gz
0.000000 0.982200 
/data/projects/istart-socdoors/derivatives/fsl/L3_model-2_task-socialdoors_n92_flame1+2_randomise/L3_model-2_task-socialdoors_type-nppi-dmn_cnum-4_cname-win-loss_randomise/_vox_corrp_tstat3.nii.gz
0.000000 0.011400 
/data/projects/istart-socdoors/derivatives/fsl/L3_model-2_task-socialdoors_n92_flame1+2_randomise/L3_model-2_task-socialdoors_type-nppi-dmn_cnum-4_cname-win-loss_randomise/_vox_corrp_tstat4.nii.gz
0.000000 0.286800 
/data/projects/istart-socdoors/derivatives/fsl/L3_model-2_task-socialdoors_n92_flame1+2_randomise/L3_model-2_task-socialdoors_type-nppi-dmn_cnum-4_cname-win-loss_randomise/_vox_corrp_tstat5.nii.gz
0.000000 0.901000 
/data/projects/istart-socdoors/derivatives/fsl/L3_model-2_task-socialdoors_n92_flame1+2_randomise/L3_model-2_task-socialdoors_type-nppi-dmn_cnum-4_cname-win-loss_randomise/_vox_corrp_tstat6.nii.gz
0.000000 0.727600 
/data/projects/istart-socdoors/derivatives/fsl/L3_model-2_task-socialdoors_n92_flame1+2_randomise/L3_model-2_task-socialdoors_type-nppi-dmn_cnum-4_cname-win-loss_randomise/_vox_corrp_tstat7.nii.gz
0.000000 0.040000 
/data/projects/istart-socdoors/derivatives/fsl/L3_model-2_task-socialdoors_n92_flame1+2_randomise/L3_model-2_task-socialdoors_type-nppi-dmn_cnum-4_cname-win-loss_randomise/_vox_corrp_tstat8.nii.gz
0.000000 0.008000 
/data/projects/istart-socdoors/derivatives/fsl/L3_model-2_task-socialdoors_n92_flame1+2_randomise/L3_model-2_task-socialdoors_type-nppi-dmn_cnum-4_cname-win-loss_randomise/_vox_corrp_tstat9.nii.gz
0.000000 0.164400 
/data/projects/istart-socdoors/derivatives/fsl/L3_model-2_task-socialdoors_n92_flame1+2_randomise/L3_model-2_task-socialdoors_type-ppi_seed-VS_thr5_cnum-4_cname-win-loss_randomise/_clustere_corrp_tstat10.nii.gz
0.000000 0.264000 
/data/projects/istart-socdoors/derivatives/fsl/L3_model-2_task-socialdoors_n92_flame1+2_randomise/L3_model-2_task-socialdoors_type-ppi_seed-VS_thr5_cnum-4_cname-win-loss_randomise/_clustere_corrp_tstat11.nii.gz
0.000000 0.266800 
/data/projects/istart-socdoors/derivatives/fsl/L3_model-2_task-socialdoors_n92_flame1+2_randomise/L3_model-2_task-socialdoors_type-ppi_seed-VS_thr5_cnum-4_cname-win-loss_randomise/_clustere_corrp_tstat12.nii.gz
0.000000 0.063000 
/data/projects/istart-socdoors/derivatives/fsl/L3_model-2_task-socialdoors_n92_flame1+2_randomise/L3_model-2_task-socialdoors_type-ppi_seed-VS_thr5_cnum-4_cname-win-loss_randomise/_clustere_corrp_tstat1.nii.gz
0.000000 0.592200 
/data/projects/istart-socdoors/derivatives/fsl/L3_model-2_task-socialdoors_n92_flame1+2_randomise/L3_model-2_task-socialdoors_type-ppi_seed-VS_thr5_cnum-4_cname-win-loss_randomise/_clustere_corrp_tstat2.nii.gz
0.000000 0.551400 
/data/projects/istart-socdoors/derivatives/fsl/L3_model-2_task-socialdoors_n92_flame1+2_randomise/L3_model-2_task-socialdoors_type-ppi_seed-VS_thr5_cnum-4_cname-win-loss_randomise/_clustere_corrp_tstat3.nii.gz
0.000000 0.801600 
/data/projects/istart-socdoors/derivatives/fsl/L3_model-2_task-socialdoors_n92_flame1+2_randomise/L3_model-2_task-socialdoors_type-ppi_seed-VS_thr5_cnum-4_cname-win-loss_randomise/_clustere_corrp_tstat4.nii.gz
0.000000 0.271600 
/data/projects/istart-socdoors/derivatives/fsl/L3_model-2_task-socialdoors_n92_flame1+2_randomise/L3_model-2_task-socialdoors_type-ppi_seed-VS_thr5_cnum-4_cname-win-loss_randomise/_clustere_corrp_tstat5.nii.gz
0.000000 0.221000 
/data/projects/istart-socdoors/derivatives/fsl/L3_model-2_task-socialdoors_n92_flame1+2_randomise/L3_model-2_task-socialdoors_type-ppi_seed-VS_thr5_cnum-4_cname-win-loss_randomise/_clustere_corrp_tstat6.nii.gz
0.000000 0.874000 
/data/projects/istart-socdoors/derivatives/fsl/L3_model-2_task-socialdoors_n92_flame1+2_randomise/L3_model-2_task-socialdoors_type-ppi_seed-VS_thr5_cnum-4_cname-win-loss_randomise/_clustere_corrp_tstat7.nii.gz
0.000000 0.268000 
/data/projects/istart-socdoors/derivatives/fsl/L3_model-2_task-socialdoors_n92_flame1+2_randomise/L3_model-2_task-socialdoors_type-ppi_seed-VS_thr5_cnum-4_cname-win-loss_randomise/_clustere_corrp_tstat8.nii.gz
0.000000 0.061000 
/data/projects/istart-socdoors/derivatives/fsl/L3_model-2_task-socialdoors_n92_flame1+2_randomise/L3_model-2_task-socialdoors_type-ppi_seed-VS_thr5_cnum-4_cname-win-loss_randomise/_clustere_corrp_tstat9.nii.gz
0.000000 0.342400 
/data/projects/istart-socdoors/derivatives/fsl/L3_model-2_task-socialdoors_n92_flame1+2_randomise/L3_model-2_task-socialdoors_type-ppi_seed-VS_thr5_cnum-4_cname-win-loss_randomise/_tfce_corrp_tstat10.nii.gz
0.000000 0.288000 
/data/projects/istart-socdoors/derivatives/fsl/L3_model-2_task-socialdoors_n92_flame1+2_randomise/L3_model-2_task-socialdoors_type-ppi_seed-VS_thr5_cnum-4_cname-win-loss_randomise/_tfce_corrp_tstat11.nii.gz
0.000000 0.325200 
/data/projects/istart-socdoors/derivatives/fsl/L3_model-2_task-socialdoors_n92_flame1+2_randomise/L3_model-2_task-socialdoors_type-ppi_seed-VS_thr5_cnum-4_cname-win-loss_randomise/_tfce_corrp_tstat12.nii.gz
0.000000 0.110800 
/data/projects/istart-socdoors/derivatives/fsl/L3_model-2_task-socialdoors_n92_flame1+2_randomise/L3_model-2_task-socialdoors_type-ppi_seed-VS_thr5_cnum-4_cname-win-loss_randomise/_tfce_corrp_tstat1.nii.gz
0.000000 0.463400 
/data/projects/istart-socdoors/derivatives/fsl/L3_model-2_task-socialdoors_n92_flame1+2_randomise/L3_model-2_task-socialdoors_type-ppi_seed-VS_thr5_cnum-4_cname-win-loss_randomise/_tfce_corrp_tstat2.nii.gz
0.000000 0.296000 
/data/projects/istart-socdoors/derivatives/fsl/L3_model-2_task-socialdoors_n92_flame1+2_randomise/L3_model-2_task-socialdoors_type-ppi_seed-VS_thr5_cnum-4_cname-win-loss_randomise/_tfce_corrp_tstat3.nii.gz
0.000000 0.695200 
/data/projects/istart-socdoors/derivatives/fsl/L3_model-2_task-socialdoors_n92_flame1+2_randomise/L3_model-2_task-socialdoors_type-ppi_seed-VS_thr5_cnum-4_cname-win-loss_randomise/_tfce_corrp_tstat4.nii.gz
0.000000 0.446000 
/data/projects/istart-socdoors/derivatives/fsl/L3_model-2_task-socialdoors_n92_flame1+2_randomise/L3_model-2_task-socialdoors_type-ppi_seed-VS_thr5_cnum-4_cname-win-loss_randomise/_tfce_corrp_tstat5.nii.gz
0.000000 0.325600 
/data/projects/istart-socdoors/derivatives/fsl/L3_model-2_task-socialdoors_n92_flame1+2_randomise/L3_model-2_task-socialdoors_type-ppi_seed-VS_thr5_cnum-4_cname-win-loss_randomise/_tfce_corrp_tstat6.nii.gz
0.000000 0.929600 
/data/projects/istart-socdoors/derivatives/fsl/L3_model-2_task-socialdoors_n92_flame1+2_randomise/L3_model-2_task-socialdoors_type-ppi_seed-VS_thr5_cnum-4_cname-win-loss_randomise/_tfce_corrp_tstat7.nii.gz
0.000000 0.583200 
/data/projects/istart-socdoors/derivatives/fsl/L3_model-2_task-socialdoors_n92_flame1+2_randomise/L3_model-2_task-socialdoors_type-ppi_seed-VS_thr5_cnum-4_cname-win-loss_randomise/_tfce_corrp_tstat8.nii.gz
0.000000 0.119600 
/data/projects/istart-socdoors/derivatives/fsl/L3_model-2_task-socialdoors_n92_flame1+2_randomise/L3_model-2_task-socialdoors_type-ppi_seed-VS_thr5_cnum-4_cname-win-loss_randomise/_tfce_corrp_tstat9.nii.gz
0.000000 0.647000 
/data/projects/istart-socdoors/derivatives/fsl/L3_model-2_task-socialdoors_n92_flame1+2_randomise/L3_model-2_task-socialdoors_type-ppi_seed-VS_thr5_cnum-4_cname-win-loss_randomise/_tstat10.nii.gz
-4.199100 4.974246 
/data/projects/istart-socdoors/derivatives/fsl/L3_model-2_task-socialdoors_n92_flame1+2_randomise/L3_model-2_task-socialdoors_type-ppi_seed-VS_thr5_cnum-4_cname-win-loss_randomise/_tstat11.nii.gz
-4.708813 5.616164 
/data/projects/istart-socdoors/derivatives/fsl/L3_model-2_task-socialdoors_n92_flame1+2_randomise/L3_model-2_task-socialdoors_type-ppi_seed-VS_thr5_cnum-4_cname-win-loss_randomise/_tstat12.nii.gz
-5.616164 4.708813 
/data/projects/istart-socdoors/derivatives/fsl/L3_model-2_task-socialdoors_n92_flame1+2_randomise/L3_model-2_task-socialdoors_type-ppi_seed-VS_thr5_cnum-4_cname-win-loss_randomise/_tstat1.nii.gz
-4.387264 4.146338 
/data/projects/istart-socdoors/derivatives/fsl/L3_model-2_task-socialdoors_n92_flame1+2_randomise/L3_model-2_task-socialdoors_type-ppi_seed-VS_thr5_cnum-4_cname-win-loss_randomise/_tstat2.nii.gz
-4.146338 4.387264 
/data/projects/istart-socdoors/derivatives/fsl/L3_model-2_task-socialdoors_n92_flame1+2_randomise/L3_model-2_task-socialdoors_type-ppi_seed-VS_thr5_cnum-4_cname-win-loss_randomise/_tstat3.nii.gz
-4.282382 4.540453 
/data/projects/istart-socdoors/derivatives/fsl/L3_model-2_task-socialdoors_n92_flame1+2_randomise/L3_model-2_task-socialdoors_type-ppi_seed-VS_thr5_cnum-4_cname-win-loss_randomise/_tstat4.nii.gz
-4.540453 4.282382 
/data/projects/istart-socdoors/derivatives/fsl/L3_model-2_task-socialdoors_n92_flame1+2_randomise/L3_model-2_task-socialdoors_type-ppi_seed-VS_thr5_cnum-4_cname-win-loss_randomise/_tstat5.nii.gz
-5.192891 3.850055 
/data/projects/istart-socdoors/derivatives/fsl/L3_model-2_task-socialdoors_n92_flame1+2_randomise/L3_model-2_task-socialdoors_type-ppi_seed-VS_thr5_cnum-4_cname-win-loss_randomise/_tstat6.nii.gz
-3.850055 5.192891 
/data/projects/istart-socdoors/derivatives/fsl/L3_model-2_task-socialdoors_n92_flame1+2_randomise/L3_model-2_task-socialdoors_type-ppi_seed-VS_thr5_cnum-4_cname-win-loss_randomise/_tstat7.nii.gz
-4.213460 5.046217 
/data/projects/istart-socdoors/derivatives/fsl/L3_model-2_task-socialdoors_n92_flame1+2_randomise/L3_model-2_task-socialdoors_type-ppi_seed-VS_thr5_cnum-4_cname-win-loss_randomise/_tstat8.nii.gz
-5.046217 4.213460 
/data/projects/istart-socdoors/derivatives/fsl/L3_model-2_task-socialdoors_n92_flame1+2_randomise/L3_model-2_task-socialdoors_type-ppi_seed-VS_thr5_cnum-4_cname-win-loss_randomise/_tstat9.nii.gz
-4.974246 4.199100 
/data/projects/istart-socdoors/derivatives/fsl/L3_model-2_task-socialdoors_n92_flame1+2_randomise/L3_model-2_task-socialdoors_type-ppi_seed-VS_thr5_cnum-4_cname-win-loss_randomise/type-ppi_seed-VS_thr5_model-2_randomise_filteredfunc_diff.nii.gz
-4343.704102 4063.581543 
/data/projects/istart-socdoors/derivatives/fsl/L3_model-2_task-socialdoors_n92_flame1+2_randomise/L3_model-2_task-socialdoors_type-ppi_seed-VS_thr5_cnum-4_cname-win-loss_randomise/_vox_corrp_tstat10.nii.gz
0.000000 0.635800 
/data/projects/istart-socdoors/derivatives/fsl/L3_model-2_task-socialdoors_n92_flame1+2_randomise/L3_model-2_task-socialdoors_type-ppi_seed-VS_thr5_cnum-4_cname-win-loss_randomise/_vox_corrp_tstat11.nii.gz
0.000000 0.904400 
/data/projects/istart-socdoors/derivatives/fsl/L3_model-2_task-socialdoors_n92_flame1+2_randomise/L3_model-2_task-socialdoors_type-ppi_seed-VS_thr5_cnum-4_cname-win-loss_randomise/_vox_corrp_tstat12.nii.gz
0.000000 0.550600 
/data/projects/istart-socdoors/derivatives/fsl/L3_model-2_task-socialdoors_n92_flame1+2_randomise/L3_model-2_task-socialdoors_type-ppi_seed-VS_thr5_cnum-4_cname-win-loss_randomise/_vox_corrp_tstat1.nii.gz
0.000000 0.301600 
/data/projects/istart-socdoors/derivatives/fsl/L3_model-2_task-socialdoors_n92_flame1+2_randomise/L3_model-2_task-socialdoors_type-ppi_seed-VS_thr5_cnum-4_cname-win-loss_randomise/_vox_corrp_tstat2.nii.gz
0.000000 0.457400 
/data/projects/istart-socdoors/derivatives/fsl/L3_model-2_task-socialdoors_n92_flame1+2_randomise/L3_model-2_task-socialdoors_type-ppi_seed-VS_thr5_cnum-4_cname-win-loss_randomise/_vox_corrp_tstat3.nii.gz
0.000000 0.494800 
/data/projects/istart-socdoors/derivatives/fsl/L3_model-2_task-socialdoors_n92_flame1+2_randomise/L3_model-2_task-socialdoors_type-ppi_seed-VS_thr5_cnum-4_cname-win-loss_randomise/_vox_corrp_tstat4.nii.gz
0.000000 0.301400 
/data/projects/istart-socdoors/derivatives/fsl/L3_model-2_task-socialdoors_n92_flame1+2_randomise/L3_model-2_task-socialdoors_type-ppi_seed-VS_thr5_cnum-4_cname-win-loss_randomise/_vox_corrp_tstat5.nii.gz
0.000000 0.113800 
/data/projects/istart-socdoors/derivatives/fsl/L3_model-2_task-socialdoors_n92_flame1+2_randomise/L3_model-2_task-socialdoors_type-ppi_seed-VS_thr5_cnum-4_cname-win-loss_randomise/_vox_corrp_tstat6.nii.gz
0.000000 0.889000 
/data/projects/istart-socdoors/derivatives/fsl/L3_model-2_task-socialdoors_n92_flame1+2_randomise/L3_model-2_task-socialdoors_type-ppi_seed-VS_thr5_cnum-4_cname-win-loss_randomise/_vox_corrp_tstat7.nii.gz
0.000000 0.682400 
/data/projects/istart-socdoors/derivatives/fsl/L3_model-2_task-socialdoors_n92_flame1+2_randomise/L3_model-2_task-socialdoors_type-ppi_seed-VS_thr5_cnum-4_cname-win-loss_randomise/_vox_corrp_tstat8.nii.gz
0.000000 0.212000 
/data/projects/istart-socdoors/derivatives/fsl/L3_model-2_task-socialdoors_n92_flame1+2_randomise/L3_model-2_task-socialdoors_type-ppi_seed-VS_thr5_cnum-4_cname-win-loss_randomise/_vox_corrp_tstat9.nii.gz
0.000000 0.208200 
/data/projects/istart-socdoors/derivatives/fsl/L3_model-3_task-socialdoors_n92_flame1+2_randomise/L3_model-3_task-socialdoors_type-act_cnum-4_cname-win-loss_randomise/_clustere_corrp_tstat1.nii.gz
0.000000 0.976800 
/data/projects/istart-socdoors/derivatives/fsl/L3_model-3_task-socialdoors_n92_flame1+2_randomise/L3_model-3_task-socialdoors_type-act_cnum-4_cname-win-loss_randomise/_clustere_corrp_tstat2.nii.gz
0.000000 0.161600 
/data/projects/istart-socdoors/derivatives/fsl/L3_model-3_task-socialdoors_n92_flame1+2_randomise/L3_model-3_task-socialdoors_type-act_cnum-4_cname-win-loss_randomise/_clustere_corrp_tstat3.nii.gz
0.000000 0.008400 
/data/projects/istart-socdoors/derivatives/fsl/L3_model-3_task-socialdoors_n92_flame1+2_randomise/L3_model-3_task-socialdoors_type-act_cnum-4_cname-win-loss_randomise/_clustere_corrp_tstat4.nii.gz
0.000000 0.972800 
/data/projects/istart-socdoors/derivatives/fsl/L3_model-3_task-socialdoors_n92_flame1+2_randomise/L3_model-3_task-socialdoors_type-act_cnum-4_cname-win-loss_randomise/_clustere_corrp_tstat5.nii.gz
0.000000 0.736600 
/data/projects/istart-socdoors/derivatives/fsl/L3_model-3_task-socialdoors_n92_flame1+2_randomise/L3_model-3_task-socialdoors_type-act_cnum-4_cname-win-loss_randomise/_clustere_corrp_tstat6.nii.gz
0.000000 0.898800 
/data/projects/istart-socdoors/derivatives/fsl/L3_model-3_task-socialdoors_n92_flame1+2_randomise/L3_model-3_task-socialdoors_type-act_cnum-4_cname-win-loss_randomise/_clustere_corrp_tstat7.nii.gz
0.000000 0.162800 
/data/projects/istart-socdoors/derivatives/fsl/L3_model-3_task-socialdoors_n92_flame1+2_randomise/L3_model-3_task-socialdoors_type-act_cnum-4_cname-win-loss_randomise/_clustere_corrp_tstat8.nii.gz
0.000000 0.853000 
/data/projects/istart-socdoors/derivatives/fsl/L3_model-3_task-socialdoors_n92_flame1+2_randomise/L3_model-3_task-socialdoors_type-act_cnum-4_cname-win-loss_randomise/_tfce_corrp_tstat1.nii.gz
0.000000 0.928400 
/data/projects/istart-socdoors/derivatives/fsl/L3_model-3_task-socialdoors_n92_flame1+2_randomise/L3_model-3_task-socialdoors_type-act_cnum-4_cname-win-loss_randomise/_tfce_corrp_tstat2.nii.gz
0.000000 0.172000 
/data/projects/istart-socdoors/derivatives/fsl/L3_model-3_task-socialdoors_n92_flame1+2_randomise/L3_model-3_task-socialdoors_type-act_cnum-4_cname-win-loss_randomise/_tfce_corrp_tstat3.nii.gz
0.000000 0.070000 
/data/projects/istart-socdoors/derivatives/fsl/L3_model-3_task-socialdoors_n92_flame1+2_randomise/L3_model-3_task-socialdoors_type-act_cnum-4_cname-win-loss_randomise/_tfce_corrp_tstat4.nii.gz
0.000000 0.941600 
/data/projects/istart-socdoors/derivatives/fsl/L3_model-3_task-socialdoors_n92_flame1+2_randomise/L3_model-3_task-socialdoors_type-act_cnum-4_cname-win-loss_randomise/_tfce_corrp_tstat5.nii.gz
0.000000 0.512200 
/data/projects/istart-socdoors/derivatives/fsl/L3_model-3_task-socialdoors_n92_flame1+2_randomise/L3_model-3_task-socialdoors_type-act_cnum-4_cname-win-loss_randomise/_tfce_corrp_tstat6.nii.gz
0.000000 0.975200 
/data/projects/istart-socdoors/derivatives/fsl/L3_model-3_task-socialdoors_n92_flame1+2_randomise/L3_model-3_task-socialdoors_type-act_cnum-4_cname-win-loss_randomise/_tfce_corrp_tstat7.nii.gz
0.000000 0.173000 
/data/projects/istart-socdoors/derivatives/fsl/L3_model-3_task-socialdoors_n92_flame1+2_randomise/L3_model-3_task-socialdoors_type-act_cnum-4_cname-win-loss_randomise/_tfce_corrp_tstat8.nii.gz
0.000000 0.664200 
/data/projects/istart-socdoors/derivatives/fsl/L3_model-3_task-socialdoors_n92_flame1+2_randomise/L3_model-3_task-socialdoors_type-act_cnum-4_cname-win-loss_randomise/_tstat1.nii.gz
-4.594574 4.707280 
/data/projects/istart-socdoors/derivatives/fsl/L3_model-3_task-socialdoors_n92_flame1+2_randomise/L3_model-3_task-socialdoors_type-act_cnum-4_cname-win-loss_randomise/_tstat2.nii.gz
-4.707280 4.594574 
/data/projects/istart-socdoors/derivatives/fsl/L3_model-3_task-socialdoors_n92_flame1+2_randomise/L3_model-3_task-socialdoors_type-act_cnum-4_cname-win-loss_randomise/_tstat3.nii.gz
-4.841130 3.715329 
/data/projects/istart-socdoors/derivatives/fsl/L3_model-3_task-socialdoors_n92_flame1+2_randomise/L3_model-3_task-socialdoors_type-act_cnum-4_cname-win-loss_randomise/_tstat4.nii.gz
-3.715329 4.841130 
/data/projects/istart-socdoors/derivatives/fsl/L3_model-3_task-socialdoors_n92_flame1+2_randomise/L3_model-3_task-socialdoors_type-act_cnum-4_cname-win-loss_randomise/_tstat5.nii.gz
-5.295211 4.576970 
/data/projects/istart-socdoors/derivatives/fsl/L3_model-3_task-socialdoors_n92_flame1+2_randomise/L3_model-3_task-socialdoors_type-act_cnum-4_cname-win-loss_randomise/_tstat6.nii.gz
-4.576970 5.295211 
/data/projects/istart-socdoors/derivatives/fsl/L3_model-3_task-socialdoors_n92_flame1+2_randomise/L3_model-3_task-socialdoors_type-act_cnum-4_cname-win-loss_randomise/_tstat7.nii.gz
-4.695205 4.617501 
/data/projects/istart-socdoors/derivatives/fsl/L3_model-3_task-socialdoors_n92_flame1+2_randomise/L3_model-3_task-socialdoors_type-act_cnum-4_cname-win-loss_randomise/_tstat8.nii.gz
-4.617501 4.695205 
/data/projects/istart-socdoors/derivatives/fsl/L3_model-3_task-socialdoors_n92_flame1+2_randomise/L3_model-3_task-socialdoors_type-act_cnum-4_cname-win-loss_randomise/type-act_model-3_randomise_filteredfunc_diff.nii.gz
-5100.061523 3607.188232 
/data/projects/istart-socdoors/derivatives/fsl/L3_model-3_task-socialdoors_n92_flame1+2_randomise/L3_model-3_task-socialdoors_type-act_cnum-4_cname-win-loss_randomise/_vox_corrp_tstat1.nii.gz
0.000000 0.658600 
/data/projects/istart-socdoors/derivatives/fsl/L3_model-3_task-socialdoors_n92_flame1+2_randomise/L3_model-3_task-socialdoors_type-act_cnum-4_cname-win-loss_randomise/_vox_corrp_tstat2.nii.gz
0.000000 0.565200 
/data/projects/istart-socdoors/derivatives/fsl/L3_model-3_task-socialdoors_n92_flame1+2_randomise/L3_model-3_task-socialdoors_type-act_cnum-4_cname-win-loss_randomise/_vox_corrp_tstat3.nii.gz
0.000000 0.038000 
/data/projects/istart-socdoors/derivatives/fsl/L3_model-3_task-socialdoors_n92_flame1+2_randomise/L3_model-3_task-socialdoors_type-act_cnum-4_cname-win-loss_randomise/_vox_corrp_tstat4.nii.gz
0.000000 0.753400 
/data/projects/istart-socdoors/derivatives/fsl/L3_model-3_task-socialdoors_n92_flame1+2_randomise/L3_model-3_task-socialdoors_type-act_cnum-4_cname-win-loss_randomise/_vox_corrp_tstat5.nii.gz
0.000000 0.543400 
/data/projects/istart-socdoors/derivatives/fsl/L3_model-3_task-socialdoors_n92_flame1+2_randomise/L3_model-3_task-socialdoors_type-act_cnum-4_cname-win-loss_randomise/_vox_corrp_tstat6.nii.gz
0.000000 0.908600 
/data/projects/istart-socdoors/derivatives/fsl/L3_model-3_task-socialdoors_n92_flame1+2_randomise/L3_model-3_task-socialdoors_type-act_cnum-4_cname-win-loss_randomise/_vox_corrp_tstat7.nii.gz
0.000000 0.309600 
/data/projects/istart-socdoors/derivatives/fsl/L3_model-3_task-socialdoors_n92_flame1+2_randomise/L3_model-3_task-socialdoors_type-act_cnum-4_cname-win-loss_randomise/_vox_corrp_tstat8.nii.gz
0.000000 0.376400 
/data/projects/istart-socdoors/derivatives/fsl/L3_model-3_task-socialdoors_n92_flame1+2_randomise/L3_model-3_task-socialdoors_type-nppi-dmn_cnum-4_cname-win-loss_randomise/_clustere_corrp_tstat1.nii.gz
0.000000 0.897800 
/data/projects/istart-socdoors/derivatives/fsl/L3_model-3_task-socialdoors_n92_flame1+2_randomise/L3_model-3_task-socialdoors_type-nppi-dmn_cnum-4_cname-win-loss_randomise/_clustere_corrp_tstat2.nii.gz
0.000000 0.564800 
/data/projects/istart-socdoors/derivatives/fsl/L3_model-3_task-socialdoors_n92_flame1+2_randomise/L3_model-3_task-socialdoors_type-nppi-dmn_cnum-4_cname-win-loss_randomise/_clustere_corrp_tstat3.nii.gz
0.000000 0.107400 
/data/projects/istart-socdoors/derivatives/fsl/L3_model-3_task-socialdoors_n92_flame1+2_randomise/L3_model-3_task-socialdoors_type-nppi-dmn_cnum-4_cname-win-loss_randomise/_clustere_corrp_tstat4.nii.gz
0.000000 0.103800 
/data/projects/istart-socdoors/derivatives/fsl/L3_model-3_task-socialdoors_n92_flame1+2_randomise/L3_model-3_task-socialdoors_type-nppi-dmn_cnum-4_cname-win-loss_randomise/_clustere_corrp_tstat5.nii.gz
0.000000 0.923000 
/data/projects/istart-socdoors/derivatives/fsl/L3_model-3_task-socialdoors_n92_flame1+2_randomise/L3_model-3_task-socialdoors_type-nppi-dmn_cnum-4_cname-win-loss_randomise/_clustere_corrp_tstat6.nii.gz
0.000000 0.939400 
/data/projects/istart-socdoors/derivatives/fsl/L3_model-3_task-socialdoors_n92_flame1+2_randomise/L3_model-3_task-socialdoors_type-nppi-dmn_cnum-4_cname-win-loss_randomise/_clustere_corrp_tstat7.nii.gz
0.000000 0.599800 
/data/projects/istart-socdoors/derivatives/fsl/L3_model-3_task-socialdoors_n92_flame1+2_randomise/L3_model-3_task-socialdoors_type-nppi-dmn_cnum-4_cname-win-loss_randomise/_clustere_corrp_tstat8.nii.gz
0.000000 0.151200 
/data/projects/istart-socdoors/derivatives/fsl/L3_model-3_task-socialdoors_n92_flame1+2_randomise/L3_model-3_task-socialdoors_type-nppi-dmn_cnum-4_cname-win-loss_randomise/_tfce_corrp_tstat1.nii.gz
0.000000 0.688400 
/data/projects/istart-socdoors/derivatives/fsl/L3_model-3_task-socialdoors_n92_flame1+2_randomise/L3_model-3_task-socialdoors_type-nppi-dmn_cnum-4_cname-win-loss_randomise/_tfce_corrp_tstat2.nii.gz
0.000000 0.551200 
/data/projects/istart-socdoors/derivatives/fsl/L3_model-3_task-socialdoors_n92_flame1+2_randomise/L3_model-3_task-socialdoors_type-nppi-dmn_cnum-4_cname-win-loss_randomise/_tfce_corrp_tstat3.nii.gz
0.000000 0.027600 
/data/projects/istart-socdoors/derivatives/fsl/L3_model-3_task-socialdoors_n92_flame1+2_randomise/L3_model-3_task-socialdoors_type-nppi-dmn_cnum-4_cname-win-loss_randomise/_tfce_corrp_tstat4.nii.gz
0.000000 0.709800 
/data/projects/istart-socdoors/derivatives/fsl/L3_model-3_task-socialdoors_n92_flame1+2_randomise/L3_model-3_task-socialdoors_type-nppi-dmn_cnum-4_cname-win-loss_randomise/_tfce_corrp_tstat5.nii.gz
0.000000 0.962800 
/data/projects/istart-socdoors/derivatives/fsl/L3_model-3_task-socialdoors_n92_flame1+2_randomise/L3_model-3_task-socialdoors_type-nppi-dmn_cnum-4_cname-win-loss_randomise/_tfce_corrp_tstat6.nii.gz
0.000000 0.948800 
/data/projects/istart-socdoors/derivatives/fsl/L3_model-3_task-socialdoors_n92_flame1+2_randomise/L3_model-3_task-socialdoors_type-nppi-dmn_cnum-4_cname-win-loss_randomise/_tfce_corrp_tstat7.nii.gz
0.000000 0.761800 
/data/projects/istart-socdoors/derivatives/fsl/L3_model-3_task-socialdoors_n92_flame1+2_randomise/L3_model-3_task-socialdoors_type-nppi-dmn_cnum-4_cname-win-loss_randomise/_tfce_corrp_tstat8.nii.gz
0.000000 0.333800 
/data/projects/istart-socdoors/derivatives/fsl/L3_model-3_task-socialdoors_n92_flame1+2_randomise/L3_model-3_task-socialdoors_type-nppi-dmn_cnum-4_cname-win-loss_randomise/_tstat1.nii.gz
-5.364392 4.437505 
/data/projects/istart-socdoors/derivatives/fsl/L3_model-3_task-socialdoors_n92_flame1+2_randomise/L3_model-3_task-socialdoors_type-nppi-dmn_cnum-4_cname-win-loss_randomise/_tstat2.nii.gz
-4.437505 5.364392 
/data/projects/istart-socdoors/derivatives/fsl/L3_model-3_task-socialdoors_n92_flame1+2_randomise/L3_model-3_task-socialdoors_type-nppi-dmn_cnum-4_cname-win-loss_randomise/_tstat3.nii.gz
-4.986944 3.624982 
/data/projects/istart-socdoors/derivatives/fsl/L3_model-3_task-socialdoors_n92_flame1+2_randomise/L3_model-3_task-socialdoors_type-nppi-dmn_cnum-4_cname-win-loss_randomise/_tstat4.nii.gz
-3.624982 4.986944 
/data/projects/istart-socdoors/derivatives/fsl/L3_model-3_task-socialdoors_n92_flame1+2_randomise/L3_model-3_task-socialdoors_type-nppi-dmn_cnum-4_cname-win-loss_randomise/_tstat5.nii.gz
-5.122268 5.670325 
/data/projects/istart-socdoors/derivatives/fsl/L3_model-3_task-socialdoors_n92_flame1+2_randomise/L3_model-3_task-socialdoors_type-nppi-dmn_cnum-4_cname-win-loss_randomise/_tstat6.nii.gz
-5.670325 5.122268 
/data/projects/istart-socdoors/derivatives/fsl/L3_model-3_task-socialdoors_n92_flame1+2_randomise/L3_model-3_task-socialdoors_type-nppi-dmn_cnum-4_cname-win-loss_randomise/_tstat7.nii.gz
-5.226607 4.960953 
/data/projects/istart-socdoors/derivatives/fsl/L3_model-3_task-socialdoors_n92_flame1+2_randomise/L3_model-3_task-socialdoors_type-nppi-dmn_cnum-4_cname-win-loss_randomise/_tstat8.nii.gz
-4.960953 5.226607 
/data/projects/istart-socdoors/derivatives/fsl/L3_model-3_task-socialdoors_n92_flame1+2_randomise/L3_model-3_task-socialdoors_type-nppi-dmn_cnum-4_cname-win-loss_randomise/type-nppi-dmn_model-3_randomise_filteredfunc_diff.nii.gz
-802.024780 1082.093140 
/data/projects/istart-socdoors/derivatives/fsl/L3_model-3_task-socialdoors_n92_flame1+2_randomise/L3_model-3_task-socialdoors_type-nppi-dmn_cnum-4_cname-win-loss_randomise/_vox_corrp_tstat1.nii.gz
0.000000 0.346000 
/data/projects/istart-socdoors/derivatives/fsl/L3_model-3_task-socialdoors_n92_flame1+2_randomise/L3_model-3_task-socialdoors_type-nppi-dmn_cnum-4_cname-win-loss_randomise/_vox_corrp_tstat2.nii.gz
0.000000 0.917600 
/data/projects/istart-socdoors/derivatives/fsl/L3_model-3_task-socialdoors_n92_flame1+2_randomise/L3_model-3_task-socialdoors_type-nppi-dmn_cnum-4_cname-win-loss_randomise/_vox_corrp_tstat3.nii.gz
0.000000 0.008800 
/data/projects/istart-socdoors/derivatives/fsl/L3_model-3_task-socialdoors_n92_flame1+2_randomise/L3_model-3_task-socialdoors_type-nppi-dmn_cnum-4_cname-win-loss_randomise/_vox_corrp_tstat4.nii.gz
0.000000 0.776600 
/data/projects/istart-socdoors/derivatives/fsl/L3_model-3_task-socialdoors_n92_flame1+2_randomise/L3_model-3_task-socialdoors_type-nppi-dmn_cnum-4_cname-win-loss_randomise/_vox_corrp_tstat5.nii.gz
0.000000 0.969800 
/data/projects/istart-socdoors/derivatives/fsl/L3_model-3_task-socialdoors_n92_flame1+2_randomise/L3_model-3_task-socialdoors_type-nppi-dmn_cnum-4_cname-win-loss_randomise/_vox_corrp_tstat6.nii.gz
0.000000 0.834000 
/data/projects/istart-socdoors/derivatives/fsl/L3_model-3_task-socialdoors_n92_flame1+2_randomise/L3_model-3_task-socialdoors_type-nppi-dmn_cnum-4_cname-win-loss_randomise/_vox_corrp_tstat7.nii.gz
0.000000 0.519800 
/data/projects/istart-socdoors/derivatives/fsl/L3_model-3_task-socialdoors_n92_flame1+2_randomise/L3_model-3_task-socialdoors_type-nppi-dmn_cnum-4_cname-win-loss_randomise/_vox_corrp_tstat8.nii.gz
0.000000 0.660200 
/data/projects/istart-socdoors/derivatives/fsl/L3_model-3_task-socialdoors_n92_flame1+2_randomise/L3_model-3_task-socialdoors_type-ppi_seed-VS_thr5_cnum-4_cname-win-loss_randomise/_clustere_corrp_tstat1.nii.gz
0.000000 0.571600 
/data/projects/istart-socdoors/derivatives/fsl/L3_model-3_task-socialdoors_n92_flame1+2_randomise/L3_model-3_task-socialdoors_type-ppi_seed-VS_thr5_cnum-4_cname-win-loss_randomise/_clustere_corrp_tstat2.nii.gz
0.000000 0.472000 
/data/projects/istart-socdoors/derivatives/fsl/L3_model-3_task-socialdoors_n92_flame1+2_randomise/L3_model-3_task-socialdoors_type-ppi_seed-VS_thr5_cnum-4_cname-win-loss_randomise/_clustere_corrp_tstat3.nii.gz
0.000000 0.556800 
/data/projects/istart-socdoors/derivatives/fsl/L3_model-3_task-socialdoors_n92_flame1+2_randomise/L3_model-3_task-socialdoors_type-ppi_seed-VS_thr5_cnum-4_cname-win-loss_randomise/_clustere_corrp_tstat4.nii.gz
0.000000 0.289600 
/data/projects/istart-socdoors/derivatives/fsl/L3_model-3_task-socialdoors_n92_flame1+2_randomise/L3_model-3_task-socialdoors_type-ppi_seed-VS_thr5_cnum-4_cname-win-loss_randomise/_clustere_corrp_tstat5.nii.gz
0.000000 0.716200 
/data/projects/istart-socdoors/derivatives/fsl/L3_model-3_task-socialdoors_n92_flame1+2_randomise/L3_model-3_task-socialdoors_type-ppi_seed-VS_thr5_cnum-4_cname-win-loss_randomise/_clustere_corrp_tstat6.nii.gz
0.000000 0.806600 
/data/projects/istart-socdoors/derivatives/fsl/L3_model-3_task-socialdoors_n92_flame1+2_randomise/L3_model-3_task-socialdoors_type-ppi_seed-VS_thr5_cnum-4_cname-win-loss_randomise/_clustere_corrp_tstat7.nii.gz
0.000000 0.318000 
/data/projects/istart-socdoors/derivatives/fsl/L3_model-3_task-socialdoors_n92_flame1+2_randomise/L3_model-3_task-socialdoors_type-ppi_seed-VS_thr5_cnum-4_cname-win-loss_randomise/_clustere_corrp_tstat8.nii.gz
0.000000 0.447000 
/data/projects/istart-socdoors/derivatives/fsl/L3_model-3_task-socialdoors_n92_flame1+2_randomise/L3_model-3_task-socialdoors_type-ppi_seed-VS_thr5_cnum-4_cname-win-loss_randomise/_tfce_corrp_tstat1.nii.gz
0.000000 0.452800 
/data/projects/istart-socdoors/derivatives/fsl/L3_model-3_task-socialdoors_n92_flame1+2_randomise/L3_model-3_task-socialdoors_type-ppi_seed-VS_thr5_cnum-4_cname-win-loss_randomise/_tfce_corrp_tstat2.nii.gz
0.000000 0.270200 
/data/projects/istart-socdoors/derivatives/fsl/L3_model-3_task-socialdoors_n92_flame1+2_randomise/L3_model-3_task-socialdoors_type-ppi_seed-VS_thr5_cnum-4_cname-win-loss_randomise/_tfce_corrp_tstat3.nii.gz
0.000000 0.615000 
/data/projects/istart-socdoors/derivatives/fsl/L3_model-3_task-socialdoors_n92_flame1+2_randomise/L3_model-3_task-socialdoors_type-ppi_seed-VS_thr5_cnum-4_cname-win-loss_randomise/_tfce_corrp_tstat4.nii.gz
0.000000 0.533800 
/data/projects/istart-socdoors/derivatives/fsl/L3_model-3_task-socialdoors_n92_flame1+2_randomise/L3_model-3_task-socialdoors_type-ppi_seed-VS_thr5_cnum-4_cname-win-loss_randomise/_tfce_corrp_tstat5.nii.gz
0.000000 0.549600 
/data/projects/istart-socdoors/derivatives/fsl/L3_model-3_task-socialdoors_n92_flame1+2_randomise/L3_model-3_task-socialdoors_type-ppi_seed-VS_thr5_cnum-4_cname-win-loss_randomise/_tfce_corrp_tstat6.nii.gz
0.000000 0.921800 
/data/projects/istart-socdoors/derivatives/fsl/L3_model-3_task-socialdoors_n92_flame1+2_randomise/L3_model-3_task-socialdoors_type-ppi_seed-VS_thr5_cnum-4_cname-win-loss_randomise/_tfce_corrp_tstat7.nii.gz
0.000000 0.579600 
/data/projects/istart-socdoors/derivatives/fsl/L3_model-3_task-socialdoors_n92_flame1+2_randomise/L3_model-3_task-socialdoors_type-ppi_seed-VS_thr5_cnum-4_cname-win-loss_randomise/_tfce_corrp_tstat8.nii.gz
0.000000 0.617200 
/data/projects/istart-socdoors/derivatives/fsl/L3_model-3_task-socialdoors_n92_flame1+2_randomise/L3_model-3_task-socialdoors_type-ppi_seed-VS_thr5_cnum-4_cname-win-loss_randomise/_tstat1.nii.gz
-4.317031 4.225409 
/data/projects/istart-socdoors/derivatives/fsl/L3_model-3_task-socialdoors_n92_flame1+2_randomise/L3_model-3_task-socialdoors_type-ppi_seed-VS_thr5_cnum-4_cname-win-loss_randomise/_tstat2.nii.gz
-4.225409 4.317031 
/data/projects/istart-socdoors/derivatives/fsl/L3_model-3_task-socialdoors_n92_flame1+2_randomise/L3_model-3_task-socialdoors_type-ppi_seed-VS_thr5_cnum-4_cname-win-loss_randomise/_tstat3.nii.gz
-4.577834 4.801938 
/data/projects/istart-socdoors/derivatives/fsl/L3_model-3_task-socialdoors_n92_flame1+2_randomise/L3_model-3_task-socialdoors_type-ppi_seed-VS_thr5_cnum-4_cname-win-loss_randomise/_tstat4.nii.gz
-4.801938 4.577834 
/data/projects/istart-socdoors/derivatives/fsl/L3_model-3_task-socialdoors_n92_flame1+2_randomise/L3_model-3_task-socialdoors_type-ppi_seed-VS_thr5_cnum-4_cname-win-loss_randomise/_tstat5.nii.gz
-5.378019 4.010058 
/data/projects/istart-socdoors/derivatives/fsl/L3_model-3_task-socialdoors_n92_flame1+2_randomise/L3_model-3_task-socialdoors_type-ppi_seed-VS_thr5_cnum-4_cname-win-loss_randomise/_tstat6.nii.gz
-4.010058 5.378019 
/data/projects/istart-socdoors/derivatives/fsl/L3_model-3_task-socialdoors_n92_flame1+2_randomise/L3_model-3_task-socialdoors_type-ppi_seed-VS_thr5_cnum-4_cname-win-loss_randomise/_tstat7.nii.gz
-4.571886 4.602540 
/data/projects/istart-socdoors/derivatives/fsl/L3_model-3_task-socialdoors_n92_flame1+2_randomise/L3_model-3_task-socialdoors_type-ppi_seed-VS_thr5_cnum-4_cname-win-loss_randomise/_tstat8.nii.gz
-4.602540 4.571886 
/data/projects/istart-socdoors/derivatives/fsl/L3_model-3_task-socialdoors_n92_flame1+2_randomise/L3_model-3_task-socialdoors_type-ppi_seed-VS_thr5_cnum-4_cname-win-loss_randomise/type-ppi_seed-VS_thr5_model-3_randomise_filteredfunc_diff.nii.gz
-4343.704102 4063.581543 
/data/projects/istart-socdoors/derivatives/fsl/L3_model-3_task-socialdoors_n92_flame1+2_randomise/L3_model-3_task-socialdoors_type-ppi_seed-VS_thr5_cnum-4_cname-win-loss_randomise/_vox_corrp_tstat1.nii.gz
0.000000 0.347600 
/data/projects/istart-socdoors/derivatives/fsl/L3_model-3_task-socialdoors_n92_flame1+2_randomise/L3_model-3_task-socialdoors_type-ppi_seed-VS_thr5_cnum-4_cname-win-loss_randomise/_vox_corrp_tstat2.nii.gz
0.000000 0.396800 
/data/projects/istart-socdoors/derivatives/fsl/L3_model-3_task-socialdoors_n92_flame1+2_randomise/L3_model-3_task-socialdoors_type-ppi_seed-VS_thr5_cnum-4_cname-win-loss_randomise/_vox_corrp_tstat3.nii.gz
0.000000 0.767400 
/data/projects/istart-socdoors/derivatives/fsl/L3_model-3_task-socialdoors_n92_flame1+2_randomise/L3_model-3_task-socialdoors_type-ppi_seed-VS_thr5_cnum-4_cname-win-loss_randomise/_vox_corrp_tstat4.nii.gz
0.000000 0.620600 
/data/projects/istart-socdoors/derivatives/fsl/L3_model-3_task-socialdoors_n92_flame1+2_randomise/L3_model-3_task-socialdoors_type-ppi_seed-VS_thr5_cnum-4_cname-win-loss_randomise/_vox_corrp_tstat5.nii.gz
0.000000 0.215200 
/data/projects/istart-socdoors/derivatives/fsl/L3_model-3_task-socialdoors_n92_flame1+2_randomise/L3_model-3_task-socialdoors_type-ppi_seed-VS_thr5_cnum-4_cname-win-loss_randomise/_vox_corrp_tstat6.nii.gz
0.000000 0.943000 
/data/projects/istart-socdoors/derivatives/fsl/L3_model-3_task-socialdoors_n92_flame1+2_randomise/L3_model-3_task-socialdoors_type-ppi_seed-VS_thr5_cnum-4_cname-win-loss_randomise/_vox_corrp_tstat7.nii.gz
0.000000 0.377600 
/data/projects/istart-socdoors/derivatives/fsl/L3_model-3_task-socialdoors_n92_flame1+2_randomise/L3_model-3_task-socialdoors_type-ppi_seed-VS_thr5_cnum-4_cname-win-loss_randomise/_vox_corrp_tstat8.nii.gz
0.000000 0.368800 
