/data/projects/istart-socdoors/derivatives/fsl/L3_model-2_task-social+doors_n46_flame1+2/L3_task-social+doors_type-act_cnum-4_cname-win-loss_flame1+2.gfeat/cope1.feat/thresh_zstat10.nii.gz
0.000000 5.336664 
/data/projects/istart-socdoors/derivatives/fsl/L3_model-2_task-social+doors_n46_flame1+2/L3_task-social+doors_type-act_cnum-4_cname-win-loss_flame1+2.gfeat/cope1.feat/thresh_zstat11.nii.gz
0.000000 0.000000 
/data/projects/istart-socdoors/derivatives/fsl/L3_model-2_task-social+doors_n46_flame1+2/L3_task-social+doors_type-act_cnum-4_cname-win-loss_flame1+2.gfeat/cope1.feat/thresh_zstat12.nii.gz
0.000000 0.000000 
/data/projects/istart-socdoors/derivatives/fsl/L3_model-2_task-social+doors_n46_flame1+2/L3_task-social+doors_type-act_cnum-4_cname-win-loss_flame1+2.gfeat/cope1.feat/thresh_zstat1.nii.gz
0.000000 7.274777 
/data/projects/istart-socdoors/derivatives/fsl/L3_model-2_task-social+doors_n46_flame1+2/L3_task-social+doors_type-act_cnum-4_cname-win-loss_flame1+2.gfeat/cope1.feat/thresh_zstat2.nii.gz
0.000000 4.868657 
/data/projects/istart-socdoors/derivatives/fsl/L3_model-2_task-social+doors_n46_flame1+2/L3_task-social+doors_type-act_cnum-4_cname-win-loss_flame1+2.gfeat/cope1.feat/thresh_zstat3.nii.gz
0.000000 0.000000 
/data/projects/istart-socdoors/derivatives/fsl/L3_model-2_task-social+doors_n46_flame1+2/L3_task-social+doors_type-act_cnum-4_cname-win-loss_flame1+2.gfeat/cope1.feat/thresh_zstat4.nii.gz
0.000000 4.356999 
/data/projects/istart-socdoors/derivatives/fsl/L3_model-2_task-social+doors_n46_flame1+2/L3_task-social+doors_type-act_cnum-4_cname-win-loss_flame1+2.gfeat/cope1.feat/thresh_zstat5.nii.gz
0.000000 0.000000 
/data/projects/istart-socdoors/derivatives/fsl/L3_model-2_task-social+doors_n46_flame1+2/L3_task-social+doors_type-act_cnum-4_cname-win-loss_flame1+2.gfeat/cope1.feat/thresh_zstat6.nii.gz
0.000000 0.000000 
/data/projects/istart-socdoors/derivatives/fsl/L3_model-2_task-social+doors_n46_flame1+2/L3_task-social+doors_type-act_cnum-4_cname-win-loss_flame1+2.gfeat/cope1.feat/thresh_zstat7.nii.gz
0.000000 4.361111 
/data/projects/istart-socdoors/derivatives/fsl/L3_model-2_task-social+doors_n46_flame1+2/L3_task-social+doors_type-act_cnum-4_cname-win-loss_flame1+2.gfeat/cope1.feat/thresh_zstat8.nii.gz
0.000000 0.000000 
/data/projects/istart-socdoors/derivatives/fsl/L3_model-2_task-social+doors_n46_flame1+2/L3_task-social+doors_type-act_cnum-4_cname-win-loss_flame1+2.gfeat/cope1.feat/thresh_zstat9.nii.gz
0.000000 0.000000 
/data/projects/istart-socdoors/derivatives/fsl/L3_model-2_task-social+doors_n46_flame1+2/L3_task-social+doors_type-nppi-dmn_cnum-4_cname-win-loss_flame1+2.gfeat/cope1.feat/thresh_zstat10.nii.gz
0.000000 0.000000 
/data/projects/istart-socdoors/derivatives/fsl/L3_model-2_task-social+doors_n46_flame1+2/L3_task-social+doors_type-nppi-dmn_cnum-4_cname-win-loss_flame1+2.gfeat/cope1.feat/thresh_zstat11.nii.gz
0.000000 0.000000 
/data/projects/istart-socdoors/derivatives/fsl/L3_model-2_task-social+doors_n46_flame1+2/L3_task-social+doors_type-nppi-dmn_cnum-4_cname-win-loss_flame1+2.gfeat/cope1.feat/thresh_zstat12.nii.gz
0.000000 0.000000 
/data/projects/istart-socdoors/derivatives/fsl/L3_model-2_task-social+doors_n46_flame1+2/L3_task-social+doors_type-nppi-dmn_cnum-4_cname-win-loss_flame1+2.gfeat/cope1.feat/thresh_zstat1.nii.gz
0.000000 0.000000 
/data/projects/istart-socdoors/derivatives/fsl/L3_model-2_task-social+doors_n46_flame1+2/L3_task-social+doors_type-nppi-dmn_cnum-4_cname-win-loss_flame1+2.gfeat/cope1.feat/thresh_zstat2.nii.gz
0.000000 0.000000 
/data/projects/istart-socdoors/derivatives/fsl/L3_model-2_task-social+doors_n46_flame1+2/L3_task-social+doors_type-nppi-dmn_cnum-4_cname-win-loss_flame1+2.gfeat/cope1.feat/thresh_zstat3.nii.gz
0.000000 0.000000 
/data/projects/istart-socdoors/derivatives/fsl/L3_model-2_task-social+doors_n46_flame1+2/L3_task-social+doors_type-nppi-dmn_cnum-4_cname-win-loss_flame1+2.gfeat/cope1.feat/thresh_zstat4.nii.gz
0.000000 0.000000 
/data/projects/istart-socdoors/derivatives/fsl/L3_model-2_task-social+doors_n46_flame1+2/L3_task-social+doors_type-nppi-dmn_cnum-4_cname-win-loss_flame1+2.gfeat/cope1.feat/thresh_zstat5.nii.gz
0.000000 0.000000 
/data/projects/istart-socdoors/derivatives/fsl/L3_model-2_task-social+doors_n46_flame1+2/L3_task-social+doors_type-nppi-dmn_cnum-4_cname-win-loss_flame1+2.gfeat/cope1.feat/thresh_zstat6.nii.gz
0.000000 0.000000 
/data/projects/istart-socdoors/derivatives/fsl/L3_model-2_task-social+doors_n46_flame1+2/L3_task-social+doors_type-nppi-dmn_cnum-4_cname-win-loss_flame1+2.gfeat/cope1.feat/thresh_zstat7.nii.gz
0.000000 0.000000 
/data/projects/istart-socdoors/derivatives/fsl/L3_model-2_task-social+doors_n46_flame1+2/L3_task-social+doors_type-nppi-dmn_cnum-4_cname-win-loss_flame1+2.gfeat/cope1.feat/thresh_zstat8.nii.gz
0.000000 4.528002 
/data/projects/istart-socdoors/derivatives/fsl/L3_model-2_task-social+doors_n46_flame1+2/L3_task-social+doors_type-nppi-dmn_cnum-4_cname-win-loss_flame1+2.gfeat/cope1.feat/thresh_zstat9.nii.gz
0.000000 0.000000 
/data/projects/istart-socdoors/derivatives/fsl/L3_model-2_task-social+doors_n46_flame1+2/L3_task-social+doors_type-ppi_seed-VS_thr5_cnum-4_cname-win-loss_flame1+2.gfeat/cope1.feat/thresh_zstat10.nii.gz
0.000000 0.000000 
/data/projects/istart-socdoors/derivatives/fsl/L3_model-2_task-social+doors_n46_flame1+2/L3_task-social+doors_type-ppi_seed-VS_thr5_cnum-4_cname-win-loss_flame1+2.gfeat/cope1.feat/thresh_zstat11.nii.gz
0.000000 0.000000 
/data/projects/istart-socdoors/derivatives/fsl/L3_model-2_task-social+doors_n46_flame1+2/L3_task-social+doors_type-ppi_seed-VS_thr5_cnum-4_cname-win-loss_flame1+2.gfeat/cope1.feat/thresh_zstat12.nii.gz
0.000000 0.000000 
/data/projects/istart-socdoors/derivatives/fsl/L3_model-2_task-social+doors_n46_flame1+2/L3_task-social+doors_type-ppi_seed-VS_thr5_cnum-4_cname-win-loss_flame1+2.gfeat/cope1.feat/thresh_zstat1.nii.gz
0.000000 3.922529 
/data/projects/istart-socdoors/derivatives/fsl/L3_model-2_task-social+doors_n46_flame1+2/L3_task-social+doors_type-ppi_seed-VS_thr5_cnum-4_cname-win-loss_flame1+2.gfeat/cope1.feat/thresh_zstat2.nii.gz
0.000000 0.000000 
/data/projects/istart-socdoors/derivatives/fsl/L3_model-2_task-social+doors_n46_flame1+2/L3_task-social+doors_type-ppi_seed-VS_thr5_cnum-4_cname-win-loss_flame1+2.gfeat/cope1.feat/thresh_zstat3.nii.gz
0.000000 0.000000 
/data/projects/istart-socdoors/derivatives/fsl/L3_model-2_task-social+doors_n46_flame1+2/L3_task-social+doors_type-ppi_seed-VS_thr5_cnum-4_cname-win-loss_flame1+2.gfeat/cope1.feat/thresh_zstat4.nii.gz
0.000000 0.000000 
/data/projects/istart-socdoors/derivatives/fsl/L3_model-2_task-social+doors_n46_flame1+2/L3_task-social+doors_type-ppi_seed-VS_thr5_cnum-4_cname-win-loss_flame1+2.gfeat/cope1.feat/thresh_zstat5.nii.gz
0.000000 3.989631 
/data/projects/istart-socdoors/derivatives/fsl/L3_model-2_task-social+doors_n46_flame1+2/L3_task-social+doors_type-ppi_seed-VS_thr5_cnum-4_cname-win-loss_flame1+2.gfeat/cope1.feat/thresh_zstat6.nii.gz
0.000000 0.000000 
/data/projects/istart-socdoors/derivatives/fsl/L3_model-2_task-social+doors_n46_flame1+2/L3_task-social+doors_type-ppi_seed-VS_thr5_cnum-4_cname-win-loss_flame1+2.gfeat/cope1.feat/thresh_zstat7.nii.gz
0.000000 0.000000 
/data/projects/istart-socdoors/derivatives/fsl/L3_model-2_task-social+doors_n46_flame1+2/L3_task-social+doors_type-ppi_seed-VS_thr5_cnum-4_cname-win-loss_flame1+2.gfeat/cope1.feat/thresh_zstat8.nii.gz
0.000000 0.000000 
/data/projects/istart-socdoors/derivatives/fsl/L3_model-2_task-social+doors_n46_flame1+2/L3_task-social+doors_type-ppi_seed-VS_thr5_cnum-4_cname-win-loss_flame1+2.gfeat/cope1.feat/thresh_zstat9.nii.gz
0.000000 0.000000 
/data/projects/istart-socdoors/derivatives/fsl/L3_model-3_task-social+doors_n46_flame1+2/L3_task-social+doors_type-act_cnum-4_cname-win-loss_flame1+2.gfeat/cope1.feat/thresh_zstat1.nii.gz
0.000000 7.446449 
/data/projects/istart-socdoors/derivatives/fsl/L3_model-3_task-social+doors_n46_flame1+2/L3_task-social+doors_type-act_cnum-4_cname-win-loss_flame1+2.gfeat/cope1.feat/thresh_zstat2.nii.gz
0.000000 4.697402 
/data/projects/istart-socdoors/derivatives/fsl/L3_model-3_task-social+doors_n46_flame1+2/L3_task-social+doors_type-act_cnum-4_cname-win-loss_flame1+2.gfeat/cope1.feat/thresh_zstat3.nii.gz
0.000000 3.964835 
/data/projects/istart-socdoors/derivatives/fsl/L3_model-3_task-social+doors_n46_flame1+2/L3_task-social+doors_type-act_cnum-4_cname-win-loss_flame1+2.gfeat/cope1.feat/thresh_zstat4.nii.gz
0.000000 0.000000 
/data/projects/istart-socdoors/derivatives/fsl/L3_model-3_task-social+doors_n46_flame1+2/L3_task-social+doors_type-act_cnum-4_cname-win-loss_flame1+2.gfeat/cope1.feat/thresh_zstat5.nii.gz
0.000000 0.000000 
/data/projects/istart-socdoors/derivatives/fsl/L3_model-3_task-social+doors_n46_flame1+2/L3_task-social+doors_type-act_cnum-4_cname-win-loss_flame1+2.gfeat/cope1.feat/thresh_zstat6.nii.gz
0.000000 0.000000 
/data/projects/istart-socdoors/derivatives/fsl/L3_model-3_task-social+doors_n46_flame1+2/L3_task-social+doors_type-act_cnum-4_cname-win-loss_flame1+2.gfeat/cope1.feat/thresh_zstat7.nii.gz
0.000000 4.175060 
/data/projects/istart-socdoors/derivatives/fsl/L3_model-3_task-social+doors_n46_flame1+2/L3_task-social+doors_type-act_cnum-4_cname-win-loss_flame1+2.gfeat/cope1.feat/thresh_zstat8.nii.gz
0.000000 0.000000 
/data/projects/istart-socdoors/derivatives/fsl/L3_model-3_task-social+doors_n46_flame1+2/L3_task-social+doors_type-nppi-dmn_cnum-4_cname-win-loss_flame1+2.gfeat/cope1.feat/thresh_zstat1.nii.gz
0.000000 0.000000 
/data/projects/istart-socdoors/derivatives/fsl/L3_model-3_task-social+doors_n46_flame1+2/L3_task-social+doors_type-nppi-dmn_cnum-4_cname-win-loss_flame1+2.gfeat/cope1.feat/thresh_zstat2.nii.gz
0.000000 0.000000 
/data/projects/istart-socdoors/derivatives/fsl/L3_model-3_task-social+doors_n46_flame1+2/L3_task-social+doors_type-nppi-dmn_cnum-4_cname-win-loss_flame1+2.gfeat/cope1.feat/thresh_zstat3.nii.gz
0.000000 0.000000 
/data/projects/istart-socdoors/derivatives/fsl/L3_model-3_task-social+doors_n46_flame1+2/L3_task-social+doors_type-nppi-dmn_cnum-4_cname-win-loss_flame1+2.gfeat/cope1.feat/thresh_zstat4.nii.gz
0.000000 0.000000 
/data/projects/istart-socdoors/derivatives/fsl/L3_model-3_task-social+doors_n46_flame1+2/L3_task-social+doors_type-nppi-dmn_cnum-4_cname-win-loss_flame1+2.gfeat/cope1.feat/thresh_zstat5.nii.gz
0.000000 0.000000 
/data/projects/istart-socdoors/derivatives/fsl/L3_model-3_task-social+doors_n46_flame1+2/L3_task-social+doors_type-nppi-dmn_cnum-4_cname-win-loss_flame1+2.gfeat/cope1.feat/thresh_zstat6.nii.gz
0.000000 0.000000 
/data/projects/istart-socdoors/derivatives/fsl/L3_model-3_task-social+doors_n46_flame1+2/L3_task-social+doors_type-nppi-dmn_cnum-4_cname-win-loss_flame1+2.gfeat/cope1.feat/thresh_zstat7.nii.gz
0.000000 0.000000 
/data/projects/istart-socdoors/derivatives/fsl/L3_model-3_task-social+doors_n46_flame1+2/L3_task-social+doors_type-nppi-dmn_cnum-4_cname-win-loss_flame1+2.gfeat/cope1.feat/thresh_zstat8.nii.gz
0.000000 0.000000 
/data/projects/istart-socdoors/derivatives/fsl/L3_model-3_task-social+doors_n46_flame1+2/L3_task-social+doors_type-ppi_seed-VS_thr5_cnum-4_cname-win-loss_flame1+2.gfeat/cope1.feat/thresh_zstat1.nii.gz
0.000000 4.063008 
/data/projects/istart-socdoors/derivatives/fsl/L3_model-3_task-social+doors_n46_flame1+2/L3_task-social+doors_type-ppi_seed-VS_thr5_cnum-4_cname-win-loss_flame1+2.gfeat/cope1.feat/thresh_zstat2.nii.gz
0.000000 0.000000 
/data/projects/istart-socdoors/derivatives/fsl/L3_model-3_task-social+doors_n46_flame1+2/L3_task-social+doors_type-ppi_seed-VS_thr5_cnum-4_cname-win-loss_flame1+2.gfeat/cope1.feat/thresh_zstat3.nii.gz
0.000000 3.858157 
/data/projects/istart-socdoors/derivatives/fsl/L3_model-3_task-social+doors_n46_flame1+2/L3_task-social+doors_type-ppi_seed-VS_thr5_cnum-4_cname-win-loss_flame1+2.gfeat/cope1.feat/thresh_zstat4.nii.gz
0.000000 0.000000 
/data/projects/istart-socdoors/derivatives/fsl/L3_model-3_task-social+doors_n46_flame1+2/L3_task-social+doors_type-ppi_seed-VS_thr5_cnum-4_cname-win-loss_flame1+2.gfeat/cope1.feat/thresh_zstat5.nii.gz
0.000000 0.000000 
/data/projects/istart-socdoors/derivatives/fsl/L3_model-3_task-social+doors_n46_flame1+2/L3_task-social+doors_type-ppi_seed-VS_thr5_cnum-4_cname-win-loss_flame1+2.gfeat/cope1.feat/thresh_zstat6.nii.gz
0.000000 0.000000 
/data/projects/istart-socdoors/derivatives/fsl/L3_model-3_task-social+doors_n46_flame1+2/L3_task-social+doors_type-ppi_seed-VS_thr5_cnum-4_cname-win-loss_flame1+2.gfeat/cope1.feat/thresh_zstat7.nii.gz
0.000000 3.924086 
/data/projects/istart-socdoors/derivatives/fsl/L3_model-3_task-social+doors_n46_flame1+2/L3_task-social+doors_type-ppi_seed-VS_thr5_cnum-4_cname-win-loss_flame1+2.gfeat/cope1.feat/thresh_zstat8.nii.gz
0.000000 0.000000 
/data/projects/istart-socdoors/derivatives/fsl/L3_model-4_task-social+doors_n46_flame1+2/L3_task-social+doors_type-act_cnum-4_cname-win-loss_flame1+2.gfeat/cope1.feat/thresh_zstat10.nii.gz
0.000000 5.099750 
/data/projects/istart-socdoors/derivatives/fsl/L3_model-4_task-social+doors_n46_flame1+2/L3_task-social+doors_type-act_cnum-4_cname-win-loss_flame1+2.gfeat/cope1.feat/thresh_zstat11.nii.gz
0.000000 0.000000 
/data/projects/istart-socdoors/derivatives/fsl/L3_model-4_task-social+doors_n46_flame1+2/L3_task-social+doors_type-act_cnum-4_cname-win-loss_flame1+2.gfeat/cope1.feat/thresh_zstat12.nii.gz
0.000000 0.000000 
/data/projects/istart-socdoors/derivatives/fsl/L3_model-4_task-social+doors_n46_flame1+2/L3_task-social+doors_type-act_cnum-4_cname-win-loss_flame1+2.gfeat/cope1.feat/thresh_zstat13.nii.gz
0.000000 0.000000 
/data/projects/istart-socdoors/derivatives/fsl/L3_model-4_task-social+doors_n46_flame1+2/L3_task-social+doors_type-act_cnum-4_cname-win-loss_flame1+2.gfeat/cope1.feat/thresh_zstat14.nii.gz
0.000000 0.000000 
/data/projects/istart-socdoors/derivatives/fsl/L3_model-4_task-social+doors_n46_flame1+2/L3_task-social+doors_type-act_cnum-4_cname-win-loss_flame1+2.gfeat/cope1.feat/thresh_zstat1.nii.gz
0.000000 7.454202 
/data/projects/istart-socdoors/derivatives/fsl/L3_model-4_task-social+doors_n46_flame1+2/L3_task-social+doors_type-act_cnum-4_cname-win-loss_flame1+2.gfeat/cope1.feat/thresh_zstat2.nii.gz
0.000000 5.109985 
/data/projects/istart-socdoors/derivatives/fsl/L3_model-4_task-social+doors_n46_flame1+2/L3_task-social+doors_type-act_cnum-4_cname-win-loss_flame1+2.gfeat/cope1.feat/thresh_zstat3.nii.gz
0.000000 0.000000 
/data/projects/istart-socdoors/derivatives/fsl/L3_model-4_task-social+doors_n46_flame1+2/L3_task-social+doors_type-act_cnum-4_cname-win-loss_flame1+2.gfeat/cope1.feat/thresh_zstat4.nii.gz
0.000000 4.518383 
/data/projects/istart-socdoors/derivatives/fsl/L3_model-4_task-social+doors_n46_flame1+2/L3_task-social+doors_type-act_cnum-4_cname-win-loss_flame1+2.gfeat/cope1.feat/thresh_zstat5.nii.gz
0.000000 0.000000 
/data/projects/istart-socdoors/derivatives/fsl/L3_model-4_task-social+doors_n46_flame1+2/L3_task-social+doors_type-act_cnum-4_cname-win-loss_flame1+2.gfeat/cope1.feat/thresh_zstat6.nii.gz
0.000000 0.000000 
/data/projects/istart-socdoors/derivatives/fsl/L3_model-4_task-social+doors_n46_flame1+2/L3_task-social+doors_type-act_cnum-4_cname-win-loss_flame1+2.gfeat/cope1.feat/thresh_zstat7.nii.gz
0.000000 4.061532 
/data/projects/istart-socdoors/derivatives/fsl/L3_model-4_task-social+doors_n46_flame1+2/L3_task-social+doors_type-act_cnum-4_cname-win-loss_flame1+2.gfeat/cope1.feat/thresh_zstat8.nii.gz
0.000000 0.000000 
/data/projects/istart-socdoors/derivatives/fsl/L3_model-4_task-social+doors_n46_flame1+2/L3_task-social+doors_type-act_cnum-4_cname-win-loss_flame1+2.gfeat/cope1.feat/thresh_zstat9.nii.gz
0.000000 0.000000 
/data/projects/istart-socdoors/derivatives/fsl/L3_model-4_task-social+doors_n46_flame1+2/L3_task-social+doors_type-nppi-dmn_cnum-4_cname-win-loss_flame1+2.gfeat/cope1.feat/thresh_zstat10.nii.gz
0.000000 0.000000 
/data/projects/istart-socdoors/derivatives/fsl/L3_model-4_task-social+doors_n46_flame1+2/L3_task-social+doors_type-nppi-dmn_cnum-4_cname-win-loss_flame1+2.gfeat/cope1.feat/thresh_zstat11.nii.gz
0.000000 0.000000 
/data/projects/istart-socdoors/derivatives/fsl/L3_model-4_task-social+doors_n46_flame1+2/L3_task-social+doors_type-nppi-dmn_cnum-4_cname-win-loss_flame1+2.gfeat/cope1.feat/thresh_zstat12.nii.gz
0.000000 0.000000 
/data/projects/istart-socdoors/derivatives/fsl/L3_model-4_task-social+doors_n46_flame1+2/L3_task-social+doors_type-nppi-dmn_cnum-4_cname-win-loss_flame1+2.gfeat/cope1.feat/thresh_zstat13.nii.gz
0.000000 0.000000 
/data/projects/istart-socdoors/derivatives/fsl/L3_model-4_task-social+doors_n46_flame1+2/L3_task-social+doors_type-nppi-dmn_cnum-4_cname-win-loss_flame1+2.gfeat/cope1.feat/thresh_zstat14.nii.gz
0.000000 0.000000 
/data/projects/istart-socdoors/derivatives/fsl/L3_model-4_task-social+doors_n46_flame1+2/L3_task-social+doors_type-nppi-dmn_cnum-4_cname-win-loss_flame1+2.gfeat/cope1.feat/thresh_zstat1.nii.gz
0.000000 0.000000 
/data/projects/istart-socdoors/derivatives/fsl/L3_model-4_task-social+doors_n46_flame1+2/L3_task-social+doors_type-nppi-dmn_cnum-4_cname-win-loss_flame1+2.gfeat/cope1.feat/thresh_zstat2.nii.gz
0.000000 0.000000 
/data/projects/istart-socdoors/derivatives/fsl/L3_model-4_task-social+doors_n46_flame1+2/L3_task-social+doors_type-nppi-dmn_cnum-4_cname-win-loss_flame1+2.gfeat/cope1.feat/thresh_zstat3.nii.gz
0.000000 0.000000 
/data/projects/istart-socdoors/derivatives/fsl/L3_model-4_task-social+doors_n46_flame1+2/L3_task-social+doors_type-nppi-dmn_cnum-4_cname-win-loss_flame1+2.gfeat/cope1.feat/thresh_zstat4.nii.gz
0.000000 0.000000 
/data/projects/istart-socdoors/derivatives/fsl/L3_model-4_task-social+doors_n46_flame1+2/L3_task-social+doors_type-nppi-dmn_cnum-4_cname-win-loss_flame1+2.gfeat/cope1.feat/thresh_zstat5.nii.gz
0.000000 0.000000 
/data/projects/istart-socdoors/derivatives/fsl/L3_model-4_task-social+doors_n46_flame1+2/L3_task-social+doors_type-nppi-dmn_cnum-4_cname-win-loss_flame1+2.gfeat/cope1.feat/thresh_zstat6.nii.gz
0.000000 0.000000 
/data/projects/istart-socdoors/derivatives/fsl/L3_model-4_task-social+doors_n46_flame1+2/L3_task-social+doors_type-nppi-dmn_cnum-4_cname-win-loss_flame1+2.gfeat/cope1.feat/thresh_zstat7.nii.gz
0.000000 0.000000 
/data/projects/istart-socdoors/derivatives/fsl/L3_model-4_task-social+doors_n46_flame1+2/L3_task-social+doors_type-nppi-dmn_cnum-4_cname-win-loss_flame1+2.gfeat/cope1.feat/thresh_zstat8.nii.gz
0.000000 0.000000 
/data/projects/istart-socdoors/derivatives/fsl/L3_model-4_task-social+doors_n46_flame1+2/L3_task-social+doors_type-nppi-dmn_cnum-4_cname-win-loss_flame1+2.gfeat/cope1.feat/thresh_zstat9.nii.gz
0.000000 0.000000 
/data/projects/istart-socdoors/derivatives/fsl/L3_model-4_task-social+doors_n46_flame1+2/L3_task-social+doors_type-ppi_seed-VS_thr5_cnum-4_cname-win-loss_flame1+2.gfeat/cope1.feat/thresh_zstat10.nii.gz
0.000000 0.000000 
/data/projects/istart-socdoors/derivatives/fsl/L3_model-4_task-social+doors_n46_flame1+2/L3_task-social+doors_type-ppi_seed-VS_thr5_cnum-4_cname-win-loss_flame1+2.gfeat/cope1.feat/thresh_zstat11.nii.gz
0.000000 0.000000 
/data/projects/istart-socdoors/derivatives/fsl/L3_model-4_task-social+doors_n46_flame1+2/L3_task-social+doors_type-ppi_seed-VS_thr5_cnum-4_cname-win-loss_flame1+2.gfeat/cope1.feat/thresh_zstat12.nii.gz
0.000000 0.000000 
/data/projects/istart-socdoors/derivatives/fsl/L3_model-4_task-social+doors_n46_flame1+2/L3_task-social+doors_type-ppi_seed-VS_thr5_cnum-4_cname-win-loss_flame1+2.gfeat/cope1.feat/thresh_zstat13.nii.gz
0.000000 0.000000 
/data/projects/istart-socdoors/derivatives/fsl/L3_model-4_task-social+doors_n46_flame1+2/L3_task-social+doors_type-ppi_seed-VS_thr5_cnum-4_cname-win-loss_flame1+2.gfeat/cope1.feat/thresh_zstat14.nii.gz
0.000000 0.000000 
/data/projects/istart-socdoors/derivatives/fsl/L3_model-4_task-social+doors_n46_flame1+2/L3_task-social+doors_type-ppi_seed-VS_thr5_cnum-4_cname-win-loss_flame1+2.gfeat/cope1.feat/thresh_zstat1.nii.gz
0.000000 3.951192 
/data/projects/istart-socdoors/derivatives/fsl/L3_model-4_task-social+doors_n46_flame1+2/L3_task-social+doors_type-ppi_seed-VS_thr5_cnum-4_cname-win-loss_flame1+2.gfeat/cope1.feat/thresh_zstat2.nii.gz
0.000000 0.000000 
/data/projects/istart-socdoors/derivatives/fsl/L3_model-4_task-social+doors_n46_flame1+2/L3_task-social+doors_type-ppi_seed-VS_thr5_cnum-4_cname-win-loss_flame1+2.gfeat/cope1.feat/thresh_zstat3.nii.gz
0.000000 0.000000 
/data/projects/istart-socdoors/derivatives/fsl/L3_model-4_task-social+doors_n46_flame1+2/L3_task-social+doors_type-ppi_seed-VS_thr5_cnum-4_cname-win-loss_flame1+2.gfeat/cope1.feat/thresh_zstat4.nii.gz
0.000000 0.000000 
/data/projects/istart-socdoors/derivatives/fsl/L3_model-4_task-social+doors_n46_flame1+2/L3_task-social+doors_type-ppi_seed-VS_thr5_cnum-4_cname-win-loss_flame1+2.gfeat/cope1.feat/thresh_zstat5.nii.gz
0.000000 0.000000 
/data/projects/istart-socdoors/derivatives/fsl/L3_model-4_task-social+doors_n46_flame1+2/L3_task-social+doors_type-ppi_seed-VS_thr5_cnum-4_cname-win-loss_flame1+2.gfeat/cope1.feat/thresh_zstat6.nii.gz
0.000000 0.000000 
/data/projects/istart-socdoors/derivatives/fsl/L3_model-4_task-social+doors_n46_flame1+2/L3_task-social+doors_type-ppi_seed-VS_thr5_cnum-4_cname-win-loss_flame1+2.gfeat/cope1.feat/thresh_zstat7.nii.gz
0.000000 0.000000 
/data/projects/istart-socdoors/derivatives/fsl/L3_model-4_task-social+doors_n46_flame1+2/L3_task-social+doors_type-ppi_seed-VS_thr5_cnum-4_cname-win-loss_flame1+2.gfeat/cope1.feat/thresh_zstat8.nii.gz
0.000000 0.000000 
/data/projects/istart-socdoors/derivatives/fsl/L3_model-4_task-social+doors_n46_flame1+2/L3_task-social+doors_type-ppi_seed-VS_thr5_cnum-4_cname-win-loss_flame1+2.gfeat/cope1.feat/thresh_zstat9.nii.gz
0.000000 0.000000 
/data/projects/istart-socdoors/derivatives/fsl/L3_model-5_task-social+doors_n46_flame1+2/L3_task-social+doors_type-act_cnum-4_cname-win-loss_flame1+2.gfeat/cope1.feat/thresh_zstat10.nii.gz
0.000000 4.920223 
/data/projects/istart-socdoors/derivatives/fsl/L3_model-5_task-social+doors_n46_flame1+2/L3_task-social+doors_type-act_cnum-4_cname-win-loss_flame1+2.gfeat/cope1.feat/thresh_zstat1.nii.gz
0.000000 7.474077 
/data/projects/istart-socdoors/derivatives/fsl/L3_model-5_task-social+doors_n46_flame1+2/L3_task-social+doors_type-act_cnum-4_cname-win-loss_flame1+2.gfeat/cope1.feat/thresh_zstat2.nii.gz
0.000000 4.937609 
/data/projects/istart-socdoors/derivatives/fsl/L3_model-5_task-social+doors_n46_flame1+2/L3_task-social+doors_type-act_cnum-4_cname-win-loss_flame1+2.gfeat/cope1.feat/thresh_zstat3.nii.gz
0.000000 0.000000 
/data/projects/istart-socdoors/derivatives/fsl/L3_model-5_task-social+doors_n46_flame1+2/L3_task-social+doors_type-act_cnum-4_cname-win-loss_flame1+2.gfeat/cope1.feat/thresh_zstat4.nii.gz
0.000000 0.000000 
/data/projects/istart-socdoors/derivatives/fsl/L3_model-5_task-social+doors_n46_flame1+2/L3_task-social+doors_type-act_cnum-4_cname-win-loss_flame1+2.gfeat/cope1.feat/thresh_zstat5.nii.gz
0.000000 0.000000 
/data/projects/istart-socdoors/derivatives/fsl/L3_model-5_task-social+doors_n46_flame1+2/L3_task-social+doors_type-act_cnum-4_cname-win-loss_flame1+2.gfeat/cope1.feat/thresh_zstat6.nii.gz
0.000000 0.000000 
/data/projects/istart-socdoors/derivatives/fsl/L3_model-5_task-social+doors_n46_flame1+2/L3_task-social+doors_type-act_cnum-4_cname-win-loss_flame1+2.gfeat/cope1.feat/thresh_zstat7.nii.gz
0.000000 0.000000 
/data/projects/istart-socdoors/derivatives/fsl/L3_model-5_task-social+doors_n46_flame1+2/L3_task-social+doors_type-act_cnum-4_cname-win-loss_flame1+2.gfeat/cope1.feat/thresh_zstat8.nii.gz
0.000000 0.000000 
/data/projects/istart-socdoors/derivatives/fsl/L3_model-5_task-social+doors_n46_flame1+2/L3_task-social+doors_type-act_cnum-4_cname-win-loss_flame1+2.gfeat/cope1.feat/thresh_zstat9.nii.gz
0.000000 0.000000 
/data/projects/istart-socdoors/derivatives/fsl/L3_model-5_task-social+doors_n46_flame1+2/L3_task-social+doors_type-nppi-dmn_cnum-4_cname-win-loss_flame1+2.gfeat/cope1.feat/thresh_zstat10.nii.gz
0.000000 0.000000 
/data/projects/istart-socdoors/derivatives/fsl/L3_model-5_task-social+doors_n46_flame1+2/L3_task-social+doors_type-nppi-dmn_cnum-4_cname-win-loss_flame1+2.gfeat/cope1.feat/thresh_zstat1.nii.gz
0.000000 0.000000 
/data/projects/istart-socdoors/derivatives/fsl/L3_model-5_task-social+doors_n46_flame1+2/L3_task-social+doors_type-nppi-dmn_cnum-4_cname-win-loss_flame1+2.gfeat/cope1.feat/thresh_zstat2.nii.gz
0.000000 0.000000 
/data/projects/istart-socdoors/derivatives/fsl/L3_model-5_task-social+doors_n46_flame1+2/L3_task-social+doors_type-nppi-dmn_cnum-4_cname-win-loss_flame1+2.gfeat/cope1.feat/thresh_zstat3.nii.gz
0.000000 0.000000 
/data/projects/istart-socdoors/derivatives/fsl/L3_model-5_task-social+doors_n46_flame1+2/L3_task-social+doors_type-nppi-dmn_cnum-4_cname-win-loss_flame1+2.gfeat/cope1.feat/thresh_zstat4.nii.gz
0.000000 0.000000 
/data/projects/istart-socdoors/derivatives/fsl/L3_model-5_task-social+doors_n46_flame1+2/L3_task-social+doors_type-nppi-dmn_cnum-4_cname-win-loss_flame1+2.gfeat/cope1.feat/thresh_zstat5.nii.gz
0.000000 0.000000 
/data/projects/istart-socdoors/derivatives/fsl/L3_model-5_task-social+doors_n46_flame1+2/L3_task-social+doors_type-nppi-dmn_cnum-4_cname-win-loss_flame1+2.gfeat/cope1.feat/thresh_zstat6.nii.gz
0.000000 0.000000 
/data/projects/istart-socdoors/derivatives/fsl/L3_model-5_task-social+doors_n46_flame1+2/L3_task-social+doors_type-nppi-dmn_cnum-4_cname-win-loss_flame1+2.gfeat/cope1.feat/thresh_zstat7.nii.gz
0.000000 3.781756 
/data/projects/istart-socdoors/derivatives/fsl/L3_model-5_task-social+doors_n46_flame1+2/L3_task-social+doors_type-nppi-dmn_cnum-4_cname-win-loss_flame1+2.gfeat/cope1.feat/thresh_zstat8.nii.gz
0.000000 0.000000 
/data/projects/istart-socdoors/derivatives/fsl/L3_model-5_task-social+doors_n46_flame1+2/L3_task-social+doors_type-nppi-dmn_cnum-4_cname-win-loss_flame1+2.gfeat/cope1.feat/thresh_zstat9.nii.gz
0.000000 0.000000 
/data/projects/istart-socdoors/derivatives/fsl/L3_model-5_task-social+doors_n46_flame1+2/L3_task-social+doors_type-ppi_seed-VS_thr5_cnum-4_cname-win-loss_flame1+2.gfeat/cope1.feat/thresh_zstat10.nii.gz
0.000000 0.000000 
/data/projects/istart-socdoors/derivatives/fsl/L3_model-5_task-social+doors_n46_flame1+2/L3_task-social+doors_type-ppi_seed-VS_thr5_cnum-4_cname-win-loss_flame1+2.gfeat/cope1.feat/thresh_zstat1.nii.gz
0.000000 4.071611 
/data/projects/istart-socdoors/derivatives/fsl/L3_model-5_task-social+doors_n46_flame1+2/L3_task-social+doors_type-ppi_seed-VS_thr5_cnum-4_cname-win-loss_flame1+2.gfeat/cope1.feat/thresh_zstat2.nii.gz
0.000000 0.000000 
/data/projects/istart-socdoors/derivatives/fsl/L3_model-5_task-social+doors_n46_flame1+2/L3_task-social+doors_type-ppi_seed-VS_thr5_cnum-4_cname-win-loss_flame1+2.gfeat/cope1.feat/thresh_zstat3.nii.gz
0.000000 3.835262 
/data/projects/istart-socdoors/derivatives/fsl/L3_model-5_task-social+doors_n46_flame1+2/L3_task-social+doors_type-ppi_seed-VS_thr5_cnum-4_cname-win-loss_flame1+2.gfeat/cope1.feat/thresh_zstat4.nii.gz
0.000000 0.000000 
/data/projects/istart-socdoors/derivatives/fsl/L3_model-5_task-social+doors_n46_flame1+2/L3_task-social+doors_type-ppi_seed-VS_thr5_cnum-4_cname-win-loss_flame1+2.gfeat/cope1.feat/thresh_zstat5.nii.gz
0.000000 0.000000 
/data/projects/istart-socdoors/derivatives/fsl/L3_model-5_task-social+doors_n46_flame1+2/L3_task-social+doors_type-ppi_seed-VS_thr5_cnum-4_cname-win-loss_flame1+2.gfeat/cope1.feat/thresh_zstat6.nii.gz
0.000000 0.000000 
/data/projects/istart-socdoors/derivatives/fsl/L3_model-5_task-social+doors_n46_flame1+2/L3_task-social+doors_type-ppi_seed-VS_thr5_cnum-4_cname-win-loss_flame1+2.gfeat/cope1.feat/thresh_zstat7.nii.gz
0.000000 3.729447 
/data/projects/istart-socdoors/derivatives/fsl/L3_model-5_task-social+doors_n46_flame1+2/L3_task-social+doors_type-ppi_seed-VS_thr5_cnum-4_cname-win-loss_flame1+2.gfeat/cope1.feat/thresh_zstat8.nii.gz
0.000000 0.000000 
/data/projects/istart-socdoors/derivatives/fsl/L3_model-5_task-social+doors_n46_flame1+2/L3_task-social+doors_type-ppi_seed-VS_thr5_cnum-4_cname-win-loss_flame1+2.gfeat/cope1.feat/thresh_zstat9.nii.gz
0.000000 0.000000 
