~~~~~~Model 2, type act~~~~~~
 
Created binary mask for /data/projects/istart-socdoors/derivatives/fsl/L3_model-2_task-social+doors_n46_flame1+2/L3_task-social+doors_type-act_cnum-4_cname-win-loss_flame1+2.gfeat/cope1.feat/cluster_mask_zstat4.nii.gz
 
Created binary mask for /data/projects/istart-socdoors/derivatives/fsl/L3_model-2_task-social+doors_n46_flame1+2/L3_task-social+doors_type-act_cnum-4_cname-win-loss_flame1+2.gfeat/cope1.feat/cluster_mask_zstat7.nii.gz
 
More than one cluster for /data/projects/istart-socdoors/derivatives/fsl/L3_model-2_task-social+doors_n46_flame1+2/L3_task-social+doors_type-act_cnum-4_cname-win-loss_flame1+2.gfeat/cope1.feat/cluster_mask_zstat10.nii.gz
 
~~~~~~Model 2, type nppi-dmn~~~~~~
 
Created binary mask for /data/projects/istart-socdoors/derivatives/fsl/L3_model-2_task-social+doors_n46_flame1+2/L3_task-social+doors_type-nppi-dmn_cnum-4_cname-win-loss_flame1+2.gfeat/cope1.feat/cluster_mask_zstat8.nii.gz
 
~~~~~~Model 2, type ppi_seed-VS_thr5~~~~~~
 
Created binary mask for /data/projects/istart-socdoors/derivatives/fsl/L3_model-2_task-social+doors_n46_flame1+2/L3_task-social+doors_type-ppi_seed-VS_thr5_cnum-4_cname-win-loss_flame1+2.gfeat/cope1.feat/cluster_mask_zstat5.nii.gz
 
~~~~~~Model 3, type act~~~~~~
 
Created binary mask for /data/projects/istart-socdoors/derivatives/fsl/L3_model-3_task-social+doors_n46_flame1+2/L3_task-social+doors_type-act_cnum-4_cname-win-loss_flame1+2.gfeat/cope1.feat/cluster_mask_zstat3.nii.gz
 
Created binary mask for /data/projects/istart-socdoors/derivatives/fsl/L3_model-3_task-social+doors_n46_flame1+2/L3_task-social+doors_type-act_cnum-4_cname-win-loss_flame1+2.gfeat/cope1.feat/cluster_mask_zstat7.nii.gz
 
~~~~~~Model 3, type nppi-dmn~~~~~~
 
~~~~~~Model 3, type ppi_seed-VS_thr5~~~~~~
 
Created binary mask for /data/projects/istart-socdoors/derivatives/fsl/L3_model-3_task-social+doors_n46_flame1+2/L3_task-social+doors_type-ppi_seed-VS_thr5_cnum-4_cname-win-loss_flame1+2.gfeat/cope1.feat/cluster_mask_zstat3.nii.gz
 
Created binary mask for /data/projects/istart-socdoors/derivatives/fsl/L3_model-3_task-social+doors_n46_flame1+2/L3_task-social+doors_type-ppi_seed-VS_thr5_cnum-4_cname-win-loss_flame1+2.gfeat/cope1.feat/cluster_mask_zstat7.nii.gz
 
~~~~~~Model 4, type act~~~~~~
 
Created binary mask for /data/projects/istart-socdoors/derivatives/fsl/L3_model-4_task-social+doors_n46_flame1+2/L3_task-social+doors_type-act_cnum-4_cname-win-loss_flame1+2.gfeat/cope1.feat/cluster_mask_zstat4.nii.gz
 
Created binary mask for /data/projects/istart-socdoors/derivatives/fsl/L3_model-4_task-social+doors_n46_flame1+2/L3_task-social+doors_type-act_cnum-4_cname-win-loss_flame1+2.gfeat/cope1.feat/cluster_mask_zstat7.nii.gz
 
More than one cluster for /data/projects/istart-socdoors/derivatives/fsl/L3_model-4_task-social+doors_n46_flame1+2/L3_task-social+doors_type-act_cnum-4_cname-win-loss_flame1+2.gfeat/cope1.feat/cluster_mask_zstat10.nii.gz
 
~~~~~~Model 4, type nppi-dmn~~~~~~
 
~~~~~~Model 4, type ppi_seed-VS_thr5~~~~~~
 
~~~~~~Model 5, type act~~~~~~
 
Created binary mask for /data/projects/istart-socdoors/derivatives/fsl/L3_model-5_task-social+doors_n46_flame1+2/L3_task-social+doors_type-act_cnum-4_cname-win-loss_flame1+2.gfeat/cope1.feat/cluster_mask_zstat10.nii.gz
 
~~~~~~Model 5, type nppi-dmn~~~~~~
 
Created binary mask for /data/projects/istart-socdoors/derivatives/fsl/L3_model-5_task-social+doors_n46_flame1+2/L3_task-social+doors_type-nppi-dmn_cnum-4_cname-win-loss_flame1+2.gfeat/cope1.feat/cluster_mask_zstat7.nii.gz
 
~~~~~~Model 5, type ppi_seed-VS_thr5~~~~~~
 
Created binary mask for /data/projects/istart-socdoors/derivatives/fsl/L3_model-5_task-social+doors_n46_flame1+2/L3_task-social+doors_type-ppi_seed-VS_thr5_cnum-4_cname-win-loss_flame1+2.gfeat/cope1.feat/cluster_mask_zstat3.nii.gz
 
Created binary mask for /data/projects/istart-socdoors/derivatives/fsl/L3_model-5_task-social+doors_n46_flame1+2/L3_task-social+doors_type-ppi_seed-VS_thr5_cnum-4_cname-win-loss_flame1+2.gfeat/cope1.feat/cluster_mask_zstat7.nii.gz
 
