Image Exception : #63 :: No image files match: /data/projects/istart-socdoors/derivatives/fsl/sub-3125/L1_task-doors_model-1_type-act_run-1_sm-6.feat/thresh_zstat3
terminate called after throwing an instance of 'std::runtime_error'
  what():  No image files match: /data/projects/istart-socdoors/derivatives/fsl/sub-3125/L1_task-doors_model-1_type-act_run-1_sm-6.feat/thresh_zstat3
make_diffimage.sh: line 12: 10040 Aborted                 (core dumped) fslmaths ${maindir}/derivatives/fsl/sub-${sub}/L1_task-${task}_model-1_type-${type}_run-1_sm-6.feat/thresh_zstat${cope}.nii.gz -sub ${maindir}/derivatives/_fsl-archive2/sub-${sub}/L1_task-${task}_model-1_type-${type}_run-1_sm-6.feat/thresh_zstat${cope}.nii.gz sub-${sub}_task-${task}_type-${type}_cope${cope}_diffimage.nii.gz

Image Exception : #63 :: No image files match: /data/projects/istart-socdoors/derivatives/fsl/sub-3125/L1_task-doors_model-1_type-act_run-1_sm-6.feat/thresh_zstat4
terminate called after throwing an instance of 'std::runtime_error'
  what():  No image files match: /data/projects/istart-socdoors/derivatives/fsl/sub-3125/L1_task-doors_model-1_type-act_run-1_sm-6.feat/thresh_zstat4
make_diffimage.sh: line 12: 10047 Aborted                 (core dumped) fslmaths ${maindir}/derivatives/fsl/sub-${sub}/L1_task-${task}_model-1_type-${type}_run-1_sm-6.feat/thresh_zstat${cope}.nii.gz -sub ${maindir}/derivatives/_fsl-archive2/sub-${sub}/L1_task-${task}_model-1_type-${type}_run-1_sm-6.feat/thresh_zstat${cope}.nii.gz sub-${sub}_task-${task}_type-${type}_cope${cope}_diffimage.nii.gz

Image Exception : #63 :: No image files match: /data/projects/istart-socdoors/derivatives/fsl/sub-3125/L1_task-doors_model-1_type-ppi_seed-VS_r26_run-1_sm-6.feat/thresh_zstat3
terminate called after throwing an instance of 'std::runtime_error'
  what():  No image files match: /data/projects/istart-socdoors/derivatives/fsl/sub-3125/L1_task-doors_model-1_type-ppi_seed-VS_r26_run-1_sm-6.feat/thresh_zstat3
make_diffimage.sh: line 12: 10055 Aborted                 (core dumped) fslmaths ${maindir}/derivatives/fsl/sub-${sub}/L1_task-${task}_model-1_type-${type}_run-1_sm-6.feat/thresh_zstat${cope}.nii.gz -sub ${maindir}/derivatives/_fsl-archive2/sub-${sub}/L1_task-${task}_model-1_type-${type}_run-1_sm-6.feat/thresh_zstat${cope}.nii.gz sub-${sub}_task-${task}_type-${type}_cope${cope}_diffimage.nii.gz

Image Exception : #63 :: No image files match: /data/projects/istart-socdoors/derivatives/fsl/sub-3125/L1_task-doors_model-1_type-ppi_seed-VS_r26_run-1_sm-6.feat/thresh_zstat4
terminate called after throwing an instance of 'std::runtime_error'
  what():  No image files match: /data/projects/istart-socdoors/derivatives/fsl/sub-3125/L1_task-doors_model-1_type-ppi_seed-VS_r26_run-1_sm-6.feat/thresh_zstat4
make_diffimage.sh: line 12: 10062 Aborted                 (core dumped) fslmaths ${maindir}/derivatives/fsl/sub-${sub}/L1_task-${task}_model-1_type-${type}_run-1_sm-6.feat/thresh_zstat${cope}.nii.gz -sub ${maindir}/derivatives/_fsl-archive2/sub-${sub}/L1_task-${task}_model-1_type-${type}_run-1_sm-6.feat/thresh_zstat${cope}.nii.gz sub-${sub}_task-${task}_type-${type}_cope${cope}_diffimage.nii.gz

Image Exception : #63 :: No image files match: /data/projects/istart-socdoors/derivatives/fsl/sub-3125/L1_task-socialdoors_model-1_type-act_run-1_sm-6.feat/thresh_zstat3
terminate called after throwing an instance of 'std::runtime_error'
  what():  No image files match: /data/projects/istart-socdoors/derivatives/fsl/sub-3125/L1_task-socialdoors_model-1_type-act_run-1_sm-6.feat/thresh_zstat3
make_diffimage.sh: line 12: 10067 Aborted                 (core dumped) fslmaths ${maindir}/derivatives/fsl/sub-${sub}/L1_task-${task}_model-1_type-${type}_run-1_sm-6.feat/thresh_zstat${cope}.nii.gz -sub ${maindir}/derivatives/_fsl-archive2/sub-${sub}/L1_task-${task}_model-1_type-${type}_run-1_sm-6.feat/thresh_zstat${cope}.nii.gz sub-${sub}_task-${task}_type-${type}_cope${cope}_diffimage.nii.gz

Image Exception : #63 :: No image files match: /data/projects/istart-socdoors/derivatives/fsl/sub-3125/L1_task-socialdoors_model-1_type-act_run-1_sm-6.feat/thresh_zstat4
terminate called after throwing an instance of 'std::runtime_error'
  what():  No image files match: /data/projects/istart-socdoors/derivatives/fsl/sub-3125/L1_task-socialdoors_model-1_type-act_run-1_sm-6.feat/thresh_zstat4
make_diffimage.sh: line 12: 10072 Aborted                 (core dumped) fslmaths ${maindir}/derivatives/fsl/sub-${sub}/L1_task-${task}_model-1_type-${type}_run-1_sm-6.feat/thresh_zstat${cope}.nii.gz -sub ${maindir}/derivatives/_fsl-archive2/sub-${sub}/L1_task-${task}_model-1_type-${type}_run-1_sm-6.feat/thresh_zstat${cope}.nii.gz sub-${sub}_task-${task}_type-${type}_cope${cope}_diffimage.nii.gz

Image Exception : #63 :: No image files match: /data/projects/istart-socdoors/derivatives/fsl/sub-3125/L1_task-socialdoors_model-1_type-ppi_seed-VS_r26_run-1_sm-6.feat/thresh_zstat3
terminate called after throwing an instance of 'std::runtime_error'
  what():  No image files match: /data/projects/istart-socdoors/derivatives/fsl/sub-3125/L1_task-socialdoors_model-1_type-ppi_seed-VS_r26_run-1_sm-6.feat/thresh_zstat3
make_diffimage.sh: line 12: 10077 Aborted                 (core dumped) fslmaths ${maindir}/derivatives/fsl/sub-${sub}/L1_task-${task}_model-1_type-${type}_run-1_sm-6.feat/thresh_zstat${cope}.nii.gz -sub ${maindir}/derivatives/_fsl-archive2/sub-${sub}/L1_task-${task}_model-1_type-${type}_run-1_sm-6.feat/thresh_zstat${cope}.nii.gz sub-${sub}_task-${task}_type-${type}_cope${cope}_diffimage.nii.gz

Image Exception : #63 :: No image files match: /data/projects/istart-socdoors/derivatives/fsl/sub-3125/L1_task-socialdoors_model-1_type-ppi_seed-VS_r26_run-1_sm-6.feat/thresh_zstat4
terminate called after throwing an instance of 'std::runtime_error'
  what():  No image files match: /data/projects/istart-socdoors/derivatives/fsl/sub-3125/L1_task-socialdoors_model-1_type-ppi_seed-VS_r26_run-1_sm-6.feat/thresh_zstat4
make_diffimage.sh: line 12: 10082 Aborted                 (core dumped) fslmaths ${maindir}/derivatives/fsl/sub-${sub}/L1_task-${task}_model-1_type-${type}_run-1_sm-6.feat/thresh_zstat${cope}.nii.gz -sub ${maindir}/derivatives/_fsl-archive2/sub-${sub}/L1_task-${task}_model-1_type-${type}_run-1_sm-6.feat/thresh_zstat${cope}.nii.gz sub-${sub}_task-${task}_type-${type}_cope${cope}_diffimage.nii.gz

# All 3125 images did not get produced;

Image Exception : #63 :: No image files match: /data/projects/istart-socdoors/derivatives/fsl/sub-3152/L1_task-doors_model-1_type-act_run-1_sm-6.feat/thresh_zstat3
terminate called after throwing an instance of 'std::runtime_error'
  what():  No image files match: /data/projects/istart-socdoors/derivatives/fsl/sub-3152/L1_task-doors_model-1_type-act_run-1_sm-6.feat/thresh_zstat3
make_diffimage.sh: line 12: 10114 Aborted                 (core dumped) fslmaths ${maindir}/derivatives/fsl/sub-${sub}/L1_task-${task}_model-1_type-${type}_run-1_sm-6.feat/thresh_zstat${cope}.nii.gz -sub ${maindir}/derivatives/_fsl-archive2/sub-${sub}/L1_task-${task}_model-1_type-${type}_run-1_sm-6.feat/thresh_zstat${cope}.nii.gz sub-${sub}_task-${task}_type-${type}_cope${cope}_diffimage.nii.gz

Image Exception : #63 :: No image files match: /data/projects/istart-socdoors/derivatives/fsl/sub-3152/L1_task-doors_model-1_type-act_run-1_sm-6.feat/thresh_zstat4
terminate called after throwing an instance of 'std::runtime_error'
  what():  No image files match: /data/projects/istart-socdoors/derivatives/fsl/sub-3152/L1_task-doors_model-1_type-act_run-1_sm-6.feat/thresh_zstat4
make_diffimage.sh: line 12: 10124 Aborted                 (core dumped) fslmaths ${maindir}/derivatives/fsl/sub-${sub}/L1_task-${task}_model-1_type-${type}_run-1_sm-6.feat/thresh_zstat${cope}.nii.gz -sub ${maindir}/derivatives/_fsl-archive2/sub-${sub}/L1_task-${task}_model-1_type-${type}_run-1_sm-6.feat/thresh_zstat${cope}.nii.gz sub-${sub}_task-${task}_type-${type}_cope${cope}_diffimage.nii.gz

Image Exception : #63 :: No image files match: /data/projects/istart-socdoors/derivatives/fsl/sub-3152/L1_task-doors_model-1_type-ppi_seed-VS_r26_run-1_sm-6.feat/thresh_zstat3
terminate called after throwing an instance of 'std::runtime_error'
  what():  No image files match: /data/projects/istart-socdoors/derivatives/fsl/sub-3152/L1_task-doors_model-1_type-ppi_seed-VS_r26_run-1_sm-6.feat/thresh_zstat3
make_diffimage.sh: line 12: 10133 Aborted                 (core dumped) fslmaths ${maindir}/derivatives/fsl/sub-${sub}/L1_task-${task}_model-1_type-${type}_run-1_sm-6.feat/thresh_zstat${cope}.nii.gz -sub ${maindir}/derivatives/_fsl-archive2/sub-${sub}/L1_task-${task}_model-1_type-${type}_run-1_sm-6.feat/thresh_zstat${cope}.nii.gz sub-${sub}_task-${task}_type-${type}_cope${cope}_diffimage.nii.gz

Image Exception : #63 :: No image files match: /data/projects/istart-socdoors/derivatives/fsl/sub-3152/L1_task-doors_model-1_type-ppi_seed-VS_r26_run-1_sm-6.feat/thresh_zstat4
terminate called after throwing an instance of 'std::runtime_error'
  what():  No image files match: /data/projects/istart-socdoors/derivatives/fsl/sub-3152/L1_task-doors_model-1_type-ppi_seed-VS_r26_run-1_sm-6.feat/thresh_zstat4
make_diffimage.sh: line 12: 10142 Aborted                 (core dumped) fslmaths ${maindir}/derivatives/fsl/sub-${sub}/L1_task-${task}_model-1_type-${type}_run-1_sm-6.feat/thresh_zstat${cope}.nii.gz -sub ${maindir}/derivatives/_fsl-archive2/sub-${sub}/L1_task-${task}_model-1_type-${type}_run-1_sm-6.feat/thresh_zstat${cope}.nii.gz sub-${sub}_task-${task}_type-${type}_cope${cope}_diffimage.nii.gz

Image Exception : #63 :: No image files match: /data/projects/istart-socdoors/derivatives/fsl/sub-3152/L1_task-socialdoors_model-1_type-act_run-1_sm-6.feat/thresh_zstat3
terminate called after throwing an instance of 'std::runtime_error'
  what():  No image files match: /data/projects/istart-socdoors/derivatives/fsl/sub-3152/L1_task-socialdoors_model-1_type-act_run-1_sm-6.feat/thresh_zstat3
make_diffimage.sh: line 12: 10151 Aborted                 (core dumped) fslmaths ${maindir}/derivatives/fsl/sub-${sub}/L1_task-${task}_model-1_type-${type}_run-1_sm-6.feat/thresh_zstat${cope}.nii.gz -sub ${maindir}/derivatives/_fsl-archive2/sub-${sub}/L1_task-${task}_model-1_type-${type}_run-1_sm-6.feat/thresh_zstat${cope}.nii.gz sub-${sub}_task-${task}_type-${type}_cope${cope}_diffimage.nii.gz

Image Exception : #63 :: No image files match: /data/projects/istart-socdoors/derivatives/fsl/sub-3152/L1_task-socialdoors_model-1_type-act_run-1_sm-6.feat/thresh_zstat4
terminate called after throwing an instance of 'std::runtime_error'
  what():  No image files match: /data/projects/istart-socdoors/derivatives/fsl/sub-3152/L1_task-socialdoors_model-1_type-act_run-1_sm-6.feat/thresh_zstat4
make_diffimage.sh: line 12: 10158 Aborted                 (core dumped) fslmaths ${maindir}/derivatives/fsl/sub-${sub}/L1_task-${task}_model-1_type-${type}_run-1_sm-6.feat/thresh_zstat${cope}.nii.gz -sub ${maindir}/derivatives/_fsl-archive2/sub-${sub}/L1_task-${task}_model-1_type-${type}_run-1_sm-6.feat/thresh_zstat${cope}.nii.gz sub-${sub}_task-${task}_type-${type}_cope${cope}_diffimage.nii.gz

Image Exception : #63 :: No image files match: /data/projects/istart-socdoors/derivatives/fsl/sub-3152/L1_task-socialdoors_model-1_type-ppi_seed-VS_r26_run-1_sm-6.feat/thresh_zstat3
terminate called after throwing an instance of 'std::runtime_error'
  what():  No image files match: /data/projects/istart-socdoors/derivatives/fsl/sub-3152/L1_task-socialdoors_model-1_type-ppi_seed-VS_r26_run-1_sm-6.feat/thresh_zstat3
make_diffimage.sh: line 12: 10163 Aborted                 (core dumped) fslmaths ${maindir}/derivatives/fsl/sub-${sub}/L1_task-${task}_model-1_type-${type}_run-1_sm-6.feat/thresh_zstat${cope}.nii.gz -sub ${maindir}/derivatives/_fsl-archive2/sub-${sub}/L1_task-${task}_model-1_type-${type}_run-1_sm-6.feat/thresh_zstat${cope}.nii.gz sub-${sub}_task-${task}_type-${type}_cope${cope}_diffimage.nii.gz

Image Exception : #63 :: No image files match: /data/projects/istart-socdoors/derivatives/fsl/sub-3152/L1_task-socialdoors_model-1_type-ppi_seed-VS_r26_run-1_sm-6.feat/thresh_zstat4
terminate called after throwing an instance of 'std::runtime_error'
  what():  No image files match: /data/projects/istart-socdoors/derivatives/fsl/sub-3152/L1_task-socialdoors_model-1_type-ppi_seed-VS_r26_run-1_sm-6.feat/thresh_zstat4
make_diffimage.sh: line 12: 10168 Aborted                 (core dumped) fslmaths ${maindir}/derivatives/fsl/sub-${sub}/L1_task-${task}_model-1_type-${type}_run-1_sm-6.feat/thresh_zstat${cope}.nii.gz -sub ${maindir}/derivatives/_fsl-archive2/sub-${sub}/L1_task-${task}_model-1_type-${type}_run-1_sm-6.feat/thresh_zstat${cope}.nii.gz sub-${sub}_task-${task}_type-${type}_cope${cope}_diffimage.nii.gz

# All 3152 images did not get produced


Image Exception : #63 :: No image files match: /data/projects/istart-socdoors/derivatives/fsl/sub-3186/L1_task-doors_model-1_type-act_run-1_sm-6.feat/thresh_zstat3
terminate called after throwing an instance of 'std::runtime_error'
  what():  No image files match: /data/projects/istart-socdoors/derivatives/fsl/sub-3186/L1_task-doors_model-1_type-act_run-1_sm-6.feat/thresh_zstat3
make_diffimage.sh: line 12: 10243 Aborted                 (core dumped) fslmaths ${maindir}/derivatives/fsl/sub-${sub}/L1_task-${task}_model-1_type-${type}_run-1_sm-6.feat/thresh_zstat${cope}.nii.gz -sub ${maindir}/derivatives/_fsl-archive2/sub-${sub}/L1_task-${task}_model-1_type-${type}_run-1_sm-6.feat/thresh_zstat${cope}.nii.gz sub-${sub}_task-${task}_type-${type}_cope${cope}_diffimage.nii.gz

Image Exception : #63 :: No image files match: /data/projects/istart-socdoors/derivatives/fsl/sub-3186/L1_task-doors_model-1_type-act_run-1_sm-6.feat/thresh_zstat4
terminate called after throwing an instance of 'std::runtime_error'
  what():  No image files match: /data/projects/istart-socdoors/derivatives/fsl/sub-3186/L1_task-doors_model-1_type-act_run-1_sm-6.feat/thresh_zstat4
make_diffimage.sh: line 12: 10253 Aborted                 (core dumped) fslmaths ${maindir}/derivatives/fsl/sub-${sub}/L1_task-${task}_model-1_type-${type}_run-1_sm-6.feat/thresh_zstat${cope}.nii.gz -sub ${maindir}/derivatives/_fsl-archive2/sub-${sub}/L1_task-${task}_model-1_type-${type}_run-1_sm-6.feat/thresh_zstat${cope}.nii.gz sub-${sub}_task-${task}_type-${type}_cope${cope}_diffimage.nii.gz

Image Exception : #63 :: No image files match: /data/projects/istart-socdoors/derivatives/fsl/sub-3186/L1_task-doors_model-1_type-ppi_seed-VS_r26_run-1_sm-6.feat/thresh_zstat3
terminate called after throwing an instance of 'std::runtime_error'
  what():  No image files match: /data/projects/istart-socdoors/derivatives/fsl/sub-3186/L1_task-doors_model-1_type-ppi_seed-VS_r26_run-1_sm-6.feat/thresh_zstat3
make_diffimage.sh: line 12: 10261 Aborted                 (core dumped) fslmaths ${maindir}/derivatives/fsl/sub-${sub}/L1_task-${task}_model-1_type-${type}_run-1_sm-6.feat/thresh_zstat${cope}.nii.gz -sub ${maindir}/derivatives/_fsl-archive2/sub-${sub}/L1_task-${task}_model-1_type-${type}_run-1_sm-6.feat/thresh_zstat${cope}.nii.gz sub-${sub}_task-${task}_type-${type}_cope${cope}_diffimage.nii.gz

Image Exception : #63 :: No image files match: /data/projects/istart-socdoors/derivatives/fsl/sub-3186/L1_task-doors_model-1_type-ppi_seed-VS_r26_run-1_sm-6.feat/thresh_zstat4
terminate called after throwing an instance of 'std::runtime_error'
  what():  No image files match: /data/projects/istart-socdoors/derivatives/fsl/sub-3186/L1_task-doors_model-1_type-ppi_seed-VS_r26_run-1_sm-6.feat/thresh_zstat4
make_diffimage.sh: line 12: 10266 Aborted                 (core dumped) fslmaths ${maindir}/derivatives/fsl/sub-${sub}/L1_task-${task}_model-1_type-${type}_run-1_sm-6.feat/thresh_zstat${cope}.nii.gz -sub ${maindir}/derivatives/_fsl-archive2/sub-${sub}/L1_task-${task}_model-1_type-${type}_run-1_sm-6.feat/thresh_zstat${cope}.nii.gz sub-${sub}_task-${task}_type-${type}_cope${cope}_diffimage.nii.gz

Image Exception : #63 :: No image files match: /data/projects/istart-socdoors/derivatives/fsl/sub-3186/L1_task-socialdoors_model-1_type-act_run-1_sm-6.feat/thresh_zstat3
terminate called after throwing an instance of 'std::runtime_error'
  what():  No image files match: /data/projects/istart-socdoors/derivatives/fsl/sub-3186/L1_task-socialdoors_model-1_type-act_run-1_sm-6.feat/thresh_zstat3
make_diffimage.sh: line 12: 10271 Aborted                 (core dumped) fslmaths ${maindir}/derivatives/fsl/sub-${sub}/L1_task-${task}_model-1_type-${type}_run-1_sm-6.feat/thresh_zstat${cope}.nii.gz -sub ${maindir}/derivatives/_fsl-archive2/sub-${sub}/L1_task-${task}_model-1_type-${type}_run-1_sm-6.feat/thresh_zstat${cope}.nii.gz sub-${sub}_task-${task}_type-${type}_cope${cope}_diffimage.nii.gz

Image Exception : #63 :: No image files match: /data/projects/istart-socdoors/derivatives/fsl/sub-3186/L1_task-socialdoors_model-1_type-act_run-1_sm-6.feat/thresh_zstat4
terminate called after throwing an instance of 'std::runtime_error'
  what():  No image files match: /data/projects/istart-socdoors/derivatives/fsl/sub-3186/L1_task-socialdoors_model-1_type-act_run-1_sm-6.feat/thresh_zstat4
make_diffimage.sh: line 12: 10278 Aborted                 (core dumped) fslmaths ${maindir}/derivatives/fsl/sub-${sub}/L1_task-${task}_model-1_type-${type}_run-1_sm-6.feat/thresh_zstat${cope}.nii.gz -sub ${maindir}/derivatives/_fsl-archive2/sub-${sub}/L1_task-${task}_model-1_type-${type}_run-1_sm-6.feat/thresh_zstat${cope}.nii.gz sub-${sub}_task-${task}_type-${type}_cope${cope}_diffimage.nii.gz

Image Exception : #63 :: No image files match: /data/projects/istart-socdoors/derivatives/fsl/sub-3186/L1_task-socialdoors_model-1_type-ppi_seed-VS_r26_run-1_sm-6.feat/thresh_zstat3
terminate called after throwing an instance of 'std::runtime_error'
  what():  No image files match: /data/projects/istart-socdoors/derivatives/fsl/sub-3186/L1_task-socialdoors_model-1_type-ppi_seed-VS_r26_run-1_sm-6.feat/thresh_zstat3
make_diffimage.sh: line 12: 10283 Aborted                 (core dumped) fslmaths ${maindir}/derivatives/fsl/sub-${sub}/L1_task-${task}_model-1_type-${type}_run-1_sm-6.feat/thresh_zstat${cope}.nii.gz -sub ${maindir}/derivatives/_fsl-archive2/sub-${sub}/L1_task-${task}_model-1_type-${type}_run-1_sm-6.feat/thresh_zstat${cope}.nii.gz sub-${sub}_task-${task}_type-${type}_cope${cope}_diffimage.nii.gz

Image Exception : #63 :: No image files match: /data/projects/istart-socdoors/derivatives/fsl/sub-3186/L1_task-socialdoors_model-1_type-ppi_seed-VS_r26_run-1_sm-6.feat/thresh_zstat4
terminate called after throwing an instance of 'std::runtime_error'
  what():  No image files match: /data/projects/istart-socdoors/derivatives/fsl/sub-3186/L1_task-socialdoors_model-1_type-ppi_seed-VS_r26_run-1_sm-6.feat/thresh_zstat4
make_diffimage.sh: line 12: 10288 Aborted                 (core dumped) fslmaths ${maindir}/derivatives/fsl/sub-${sub}/L1_task-${task}_model-1_type-${type}_run-1_sm-6.feat/thresh_zstat${cope}.nii.gz -sub ${maindir}/derivatives/_fsl-archive2/sub-${sub}/L1_task-${task}_model-1_type-${type}_run-1_sm-6.feat/thresh_zstat${cope}.nii.gz sub-${sub}_task-${task}_type-${type}_cope${cope}_diffimage.nii.gz

# All 3186 images did not get produced
