/data/projects/istart-socdoors/derivatives/fsl/L3_model-2_task-socialdoors_n92_flame1+2_randomise/L3_model-2_task-socialdoors_type-act_cnum-4_cname-win-loss_randomise/_clustere_corrp_tstat10.nii.gz
0.000000 0.872000 
/data/projects/istart-socdoors/derivatives/fsl/L3_model-2_task-socialdoors_n92_flame1+2_randomise/L3_model-2_task-socialdoors_type-act_cnum-4_cname-win-loss_randomise/_clustere_corrp_tstat11.nii.gz
0.000000 0.185000 
/data/projects/istart-socdoors/derivatives/fsl/L3_model-2_task-socialdoors_n92_flame1+2_randomise/L3_model-2_task-socialdoors_type-act_cnum-4_cname-win-loss_randomise/_clustere_corrp_tstat12.nii.gz
0.000000 0.607000 
/data/projects/istart-socdoors/derivatives/fsl/L3_model-2_task-socialdoors_n92_flame1+2_randomise/L3_model-2_task-socialdoors_type-act_cnum-4_cname-win-loss_randomise/_clustere_corrp_tstat1.nii.gz
0.000000 0.980600 
/data/projects/istart-socdoors/derivatives/fsl/L3_model-2_task-socialdoors_n92_flame1+2_randomise/L3_model-2_task-socialdoors_type-act_cnum-4_cname-win-loss_randomise/_clustere_corrp_tstat2.nii.gz
0.000000 0.265600 
/data/projects/istart-socdoors/derivatives/fsl/L3_model-2_task-socialdoors_n92_flame1+2_randomise/L3_model-2_task-socialdoors_type-act_cnum-4_cname-win-loss_randomise/_clustere_corrp_tstat3.nii.gz
0.000000 0.430600 
/data/projects/istart-socdoors/derivatives/fsl/L3_model-2_task-socialdoors_n92_flame1+2_randomise/L3_model-2_task-socialdoors_type-act_cnum-4_cname-win-loss_randomise/_clustere_corrp_tstat4.nii.gz
0.000000 0.803000 
/data/projects/istart-socdoors/derivatives/fsl/L3_model-2_task-socialdoors_n92_flame1+2_randomise/L3_model-2_task-socialdoors_type-act_cnum-4_cname-win-loss_randomise/_clustere_corrp_tstat5.nii.gz
0.000000 0.276400 
/data/projects/istart-socdoors/derivatives/fsl/L3_model-2_task-socialdoors_n92_flame1+2_randomise/L3_model-2_task-socialdoors_type-act_cnum-4_cname-win-loss_randomise/_clustere_corrp_tstat6.nii.gz
0.000000 0.744600 
/data/projects/istart-socdoors/derivatives/fsl/L3_model-2_task-socialdoors_n92_flame1+2_randomise/L3_model-2_task-socialdoors_type-act_cnum-4_cname-win-loss_randomise/_clustere_corrp_tstat7.nii.gz
0.000000 0.009600 
/data/projects/istart-socdoors/derivatives/fsl/L3_model-2_task-socialdoors_n92_flame1+2_randomise/L3_model-2_task-socialdoors_type-act_cnum-4_cname-win-loss_randomise/_clustere_corrp_tstat8.nii.gz
0.000000 0.661000 
/data/projects/istart-socdoors/derivatives/fsl/L3_model-2_task-socialdoors_n92_flame1+2_randomise/L3_model-2_task-socialdoors_type-act_cnum-4_cname-win-loss_randomise/_clustere_corrp_tstat9.nii.gz
0.000000 0.550200 
/data/projects/istart-socdoors/derivatives/fsl/L3_model-2_task-socialdoors_n92_flame1+2_randomise/L3_model-2_task-socialdoors_type-act_cnum-4_cname-win-loss_randomise/_tfce_corrp_tstat10.nii.gz
0.000000 0.481600 
/data/projects/istart-socdoors/derivatives/fsl/L3_model-2_task-socialdoors_n92_flame1+2_randomise/L3_model-2_task-socialdoors_type-act_cnum-4_cname-win-loss_randomise/_tfce_corrp_tstat11.nii.gz
0.000000 0.241000 
/data/projects/istart-socdoors/derivatives/fsl/L3_model-2_task-socialdoors_n92_flame1+2_randomise/L3_model-2_task-socialdoors_type-act_cnum-4_cname-win-loss_randomise/_tfce_corrp_tstat12.nii.gz
0.000000 0.645200 
/data/projects/istart-socdoors/derivatives/fsl/L3_model-2_task-socialdoors_n92_flame1+2_randomise/L3_model-2_task-socialdoors_type-act_cnum-4_cname-win-loss_randomise/_tfce_corrp_tstat1.nii.gz
0.000000 0.940200 
/data/projects/istart-socdoors/derivatives/fsl/L3_model-2_task-socialdoors_n92_flame1+2_randomise/L3_model-2_task-socialdoors_type-act_cnum-4_cname-win-loss_randomise/_tfce_corrp_tstat2.nii.gz
0.000000 0.176200 
/data/projects/istart-socdoors/derivatives/fsl/L3_model-2_task-socialdoors_n92_flame1+2_randomise/L3_model-2_task-socialdoors_type-act_cnum-4_cname-win-loss_randomise/_tfce_corrp_tstat3.nii.gz
0.000000 0.224200 
/data/projects/istart-socdoors/derivatives/fsl/L3_model-2_task-socialdoors_n92_flame1+2_randomise/L3_model-2_task-socialdoors_type-act_cnum-4_cname-win-loss_randomise/_tfce_corrp_tstat4.nii.gz
0.000000 0.874800 
/data/projects/istart-socdoors/derivatives/fsl/L3_model-2_task-socialdoors_n92_flame1+2_randomise/L3_model-2_task-socialdoors_type-act_cnum-4_cname-win-loss_randomise/_tfce_corrp_tstat5.nii.gz
0.000000 0.314200 
/data/projects/istart-socdoors/derivatives/fsl/L3_model-2_task-socialdoors_n92_flame1+2_randomise/L3_model-2_task-socialdoors_type-act_cnum-4_cname-win-loss_randomise/_tfce_corrp_tstat6.nii.gz
0.000000 0.881200 
/data/projects/istart-socdoors/derivatives/fsl/L3_model-2_task-socialdoors_n92_flame1+2_randomise/L3_model-2_task-socialdoors_type-act_cnum-4_cname-win-loss_randomise/_tfce_corrp_tstat7.nii.gz
0.000000 0.102000 
/data/projects/istart-socdoors/derivatives/fsl/L3_model-2_task-socialdoors_n92_flame1+2_randomise/L3_model-2_task-socialdoors_type-act_cnum-4_cname-win-loss_randomise/_tfce_corrp_tstat8.nii.gz
0.000000 0.624600 
/data/projects/istart-socdoors/derivatives/fsl/L3_model-2_task-socialdoors_n92_flame1+2_randomise/L3_model-2_task-socialdoors_type-act_cnum-4_cname-win-loss_randomise/_tfce_corrp_tstat9.nii.gz
0.000000 0.438600 
/data/projects/istart-socdoors/derivatives/fsl/L3_model-2_task-socialdoors_n92_flame1+2_randomise/L3_model-2_task-socialdoors_type-act_cnum-4_cname-win-loss_randomise/_tstat10.nii.gz
-5.154094 4.716197 
/data/projects/istart-socdoors/derivatives/fsl/L3_model-2_task-socialdoors_n92_flame1+2_randomise/L3_model-2_task-socialdoors_type-act_cnum-4_cname-win-loss_randomise/_tstat11.nii.gz
-4.219808 4.827758 
/data/projects/istart-socdoors/derivatives/fsl/L3_model-2_task-socialdoors_n92_flame1+2_randomise/L3_model-2_task-socialdoors_type-act_cnum-4_cname-win-loss_randomise/_tstat12.nii.gz
-4.827758 4.219808 
/data/projects/istart-socdoors/derivatives/fsl/L3_model-2_task-socialdoors_n92_flame1+2_randomise/L3_model-2_task-socialdoors_type-act_cnum-4_cname-win-loss_randomise/_tstat1.nii.gz
-4.570786 4.746707 
/data/projects/istart-socdoors/derivatives/fsl/L3_model-2_task-socialdoors_n92_flame1+2_randomise/L3_model-2_task-socialdoors_type-act_cnum-4_cname-win-loss_randomise/_tstat2.nii.gz
-4.746707 4.570786 
/data/projects/istart-socdoors/derivatives/fsl/L3_model-2_task-socialdoors_n92_flame1+2_randomise/L3_model-2_task-socialdoors_type-act_cnum-4_cname-win-loss_randomise/_tstat3.nii.gz
-4.666087 5.716648 
/data/projects/istart-socdoors/derivatives/fsl/L3_model-2_task-socialdoors_n92_flame1+2_randomise/L3_model-2_task-socialdoors_type-act_cnum-4_cname-win-loss_randomise/_tstat4.nii.gz
-5.716648 4.666087 
/data/projects/istart-socdoors/derivatives/fsl/L3_model-2_task-socialdoors_n92_flame1+2_randomise/L3_model-2_task-socialdoors_type-act_cnum-4_cname-win-loss_randomise/_tstat5.nii.gz
-4.656308 3.992108 
/data/projects/istart-socdoors/derivatives/fsl/L3_model-2_task-socialdoors_n92_flame1+2_randomise/L3_model-2_task-socialdoors_type-act_cnum-4_cname-win-loss_randomise/_tstat6.nii.gz
-3.992108 4.656308 
/data/projects/istart-socdoors/derivatives/fsl/L3_model-2_task-socialdoors_n92_flame1+2_randomise/L3_model-2_task-socialdoors_type-act_cnum-4_cname-win-loss_randomise/_tstat7.nii.gz
-5.335009 5.659689 
/data/projects/istart-socdoors/derivatives/fsl/L3_model-2_task-socialdoors_n92_flame1+2_randomise/L3_model-2_task-socialdoors_type-act_cnum-4_cname-win-loss_randomise/_tstat8.nii.gz
-5.659689 5.335009 
/data/projects/istart-socdoors/derivatives/fsl/L3_model-2_task-socialdoors_n92_flame1+2_randomise/L3_model-2_task-socialdoors_type-act_cnum-4_cname-win-loss_randomise/_tstat9.nii.gz
-4.716197 5.154094 
/data/projects/istart-socdoors/derivatives/fsl/L3_model-2_task-socialdoors_n92_flame1+2_randomise/L3_model-2_task-socialdoors_type-act_cnum-4_cname-win-loss_randomise/type-act_model-2_randomise_filteredfunc_diff.nii.gz
-5100.061523 3607.188232 
/data/projects/istart-socdoors/derivatives/fsl/L3_model-2_task-socialdoors_n92_flame1+2_randomise/L3_model-2_task-socialdoors_type-act_cnum-4_cname-win-loss_randomise/_vox_corrp_tstat10.nii.gz
0.000000 0.382800 
/data/projects/istart-socdoors/derivatives/fsl/L3_model-2_task-socialdoors_n92_flame1+2_randomise/L3_model-2_task-socialdoors_type-act_cnum-4_cname-win-loss_randomise/_vox_corrp_tstat11.nii.gz
0.000000 0.545400 
/data/projects/istart-socdoors/derivatives/fsl/L3_model-2_task-socialdoors_n92_flame1+2_randomise/L3_model-2_task-socialdoors_type-act_cnum-4_cname-win-loss_randomise/_vox_corrp_tstat12.nii.gz
0.000000 0.167400 
/data/projects/istart-socdoors/derivatives/fsl/L3_model-2_task-socialdoors_n92_flame1+2_randomise/L3_model-2_task-socialdoors_type-act_cnum-4_cname-win-loss_randomise/_vox_corrp_tstat1.nii.gz
0.000000 0.722600 
/data/projects/istart-socdoors/derivatives/fsl/L3_model-2_task-socialdoors_n92_flame1+2_randomise/L3_model-2_task-socialdoors_type-act_cnum-4_cname-win-loss_randomise/_vox_corrp_tstat2.nii.gz
0.000000 0.611600 
/data/projects/istart-socdoors/derivatives/fsl/L3_model-2_task-socialdoors_n92_flame1+2_randomise/L3_model-2_task-socialdoors_type-act_cnum-4_cname-win-loss_randomise/_vox_corrp_tstat3.nii.gz
0.000000 0.899000 
/data/projects/istart-socdoors/derivatives/fsl/L3_model-2_task-socialdoors_n92_flame1+2_randomise/L3_model-2_task-socialdoors_type-act_cnum-4_cname-win-loss_randomise/_vox_corrp_tstat4.nii.gz
0.000000 0.417000 
/data/projects/istart-socdoors/derivatives/fsl/L3_model-2_task-socialdoors_n92_flame1+2_randomise/L3_model-2_task-socialdoors_type-act_cnum-4_cname-win-loss_randomise/_vox_corrp_tstat5.nii.gz
0.000000 0.107600 
/data/projects/istart-socdoors/derivatives/fsl/L3_model-2_task-socialdoors_n92_flame1+2_randomise/L3_model-2_task-socialdoors_type-act_cnum-4_cname-win-loss_randomise/_vox_corrp_tstat6.nii.gz
0.000000 0.542600 
/data/projects/istart-socdoors/derivatives/fsl/L3_model-2_task-socialdoors_n92_flame1+2_randomise/L3_model-2_task-socialdoors_type-act_cnum-4_cname-win-loss_randomise/_vox_corrp_tstat7.nii.gz
0.000000 0.916400 
/data/projects/istart-socdoors/derivatives/fsl/L3_model-2_task-socialdoors_n92_flame1+2_randomise/L3_model-2_task-socialdoors_type-act_cnum-4_cname-win-loss_randomise/_vox_corrp_tstat8.nii.gz
0.000000 0.829000 
/data/projects/istart-socdoors/derivatives/fsl/L3_model-2_task-socialdoors_n92_flame1+2_randomise/L3_model-2_task-socialdoors_type-act_cnum-4_cname-win-loss_randomise/_vox_corrp_tstat9.nii.gz
0.000000 0.654400 
/data/projects/istart-socdoors/derivatives/fsl/L3_model-2_task-socialdoors_n92_flame1+2_randomise/L3_model-2_task-socialdoors_type-nppi-dmn_cnum-4_cname-win-loss_randomise/_clustere_corrp_tstat10.nii.gz
0.000000 0.004600 
/data/projects/istart-socdoors/derivatives/fsl/L3_model-2_task-socialdoors_n92_flame1+2_randomise/L3_model-2_task-socialdoors_type-nppi-dmn_cnum-4_cname-win-loss_randomise/_clustere_corrp_tstat11.nii.gz
0.000000 0.156600 
/data/projects/istart-socdoors/derivatives/fsl/L3_model-2_task-socialdoors_n92_flame1+2_randomise/L3_model-2_task-socialdoors_type-nppi-dmn_cnum-4_cname-win-loss_randomise/_clustere_corrp_tstat12.nii.gz
0.000000 0.021000 
/data/projects/istart-socdoors/derivatives/fsl/L3_model-2_task-socialdoors_n92_flame1+2_randomise/L3_model-2_task-socialdoors_type-nppi-dmn_cnum-4_cname-win-loss_randomise/_clustere_corrp_tstat1.nii.gz
0.000000 0.888400 
/data/projects/istart-socdoors/derivatives/fsl/L3_model-2_task-socialdoors_n92_flame1+2_randomise/L3_model-2_task-socialdoors_type-nppi-dmn_cnum-4_cname-win-loss_randomise/_clustere_corrp_tstat2.nii.gz
0.000000 0.677000 
/data/projects/istart-socdoors/derivatives/fsl/L3_model-2_task-socialdoors_n92_flame1+2_randomise/L3_model-2_task-socialdoors_type-nppi-dmn_cnum-4_cname-win-loss_randomise/_clustere_corrp_tstat3.nii.gz
0.000000 0.062200 
/data/projects/istart-socdoors/derivatives/fsl/L3_model-2_task-socialdoors_n92_flame1+2_randomise/L3_model-2_task-socialdoors_type-nppi-dmn_cnum-4_cname-win-loss_randomise/_clustere_corrp_tstat4.nii.gz
0.000000 0.450400 
/data/projects/istart-socdoors/derivatives/fsl/L3_model-2_task-socialdoors_n92_flame1+2_randomise/L3_model-2_task-socialdoors_type-nppi-dmn_cnum-4_cname-win-loss_randomise/_clustere_corrp_tstat5.nii.gz
0.000000 0.605400 
/data/projects/istart-socdoors/derivatives/fsl/L3_model-2_task-socialdoors_n92_flame1+2_randomise/L3_model-2_task-socialdoors_type-nppi-dmn_cnum-4_cname-win-loss_randomise/_clustere_corrp_tstat6.nii.gz
0.000000 0.898000 
/data/projects/istart-socdoors/derivatives/fsl/L3_model-2_task-socialdoors_n92_flame1+2_randomise/L3_model-2_task-socialdoors_type-nppi-dmn_cnum-4_cname-win-loss_randomise/_clustere_corrp_tstat7.nii.gz
0.000000 0.316200 
/data/projects/istart-socdoors/derivatives/fsl/L3_model-2_task-socialdoors_n92_flame1+2_randomise/L3_model-2_task-socialdoors_type-nppi-dmn_cnum-4_cname-win-loss_randomise/_clustere_corrp_tstat8.nii.gz
0.000000 0.058600 
/data/projects/istart-socdoors/derivatives/fsl/L3_model-2_task-socialdoors_n92_flame1+2_randomise/L3_model-2_task-socialdoors_type-nppi-dmn_cnum-4_cname-win-loss_randomise/_clustere_corrp_tstat9.nii.gz
0.000000 0.170600 
/data/projects/istart-socdoors/derivatives/fsl/L3_model-2_task-socialdoors_n92_flame1+2_randomise/L3_model-2_task-socialdoors_type-nppi-dmn_cnum-4_cname-win-loss_randomise/_tfce_corrp_tstat10.nii.gz
0.000000 0.050400 
/data/projects/istart-socdoors/derivatives/fsl/L3_model-2_task-socialdoors_n92_flame1+2_randomise/L3_model-2_task-socialdoors_type-nppi-dmn_cnum-4_cname-win-loss_randomise/_tfce_corrp_tstat11.nii.gz
0.000000 0.247200 
/data/projects/istart-socdoors/derivatives/fsl/L3_model-2_task-socialdoors_n92_flame1+2_randomise/L3_model-2_task-socialdoors_type-nppi-dmn_cnum-4_cname-win-loss_randomise/_tfce_corrp_tstat12.nii.gz
0.000000 0.055000 
/data/projects/istart-socdoors/derivatives/fsl/L3_model-2_task-socialdoors_n92_flame1+2_randomise/L3_model-2_task-socialdoors_type-nppi-dmn_cnum-4_cname-win-loss_randomise/_tfce_corrp_tstat1.nii.gz
0.000000 0.706800 
/data/projects/istart-socdoors/derivatives/fsl/L3_model-2_task-socialdoors_n92_flame1+2_randomise/L3_model-2_task-socialdoors_type-nppi-dmn_cnum-4_cname-win-loss_randomise/_tfce_corrp_tstat2.nii.gz
0.000000 0.596000 
/data/projects/istart-socdoors/derivatives/fsl/L3_model-2_task-socialdoors_n92_flame1+2_randomise/L3_model-2_task-socialdoors_type-nppi-dmn_cnum-4_cname-win-loss_randomise/_tfce_corrp_tstat3.nii.gz
0.000000 0.046800 
/data/projects/istart-socdoors/derivatives/fsl/L3_model-2_task-socialdoors_n92_flame1+2_randomise/L3_model-2_task-socialdoors_type-nppi-dmn_cnum-4_cname-win-loss_randomise/_tfce_corrp_tstat4.nii.gz
0.000000 0.701200 
/data/projects/istart-socdoors/derivatives/fsl/L3_model-2_task-socialdoors_n92_flame1+2_randomise/L3_model-2_task-socialdoors_type-nppi-dmn_cnum-4_cname-win-loss_randomise/_tfce_corrp_tstat5.nii.gz
0.000000 0.731000 
/data/projects/istart-socdoors/derivatives/fsl/L3_model-2_task-socialdoors_n92_flame1+2_randomise/L3_model-2_task-socialdoors_type-nppi-dmn_cnum-4_cname-win-loss_randomise/_tfce_corrp_tstat6.nii.gz
0.000000 0.741200 
/data/projects/istart-socdoors/derivatives/fsl/L3_model-2_task-socialdoors_n92_flame1+2_randomise/L3_model-2_task-socialdoors_type-nppi-dmn_cnum-4_cname-win-loss_randomise/_tfce_corrp_tstat7.nii.gz
0.000000 0.392200 
/data/projects/istart-socdoors/derivatives/fsl/L3_model-2_task-socialdoors_n92_flame1+2_randomise/L3_model-2_task-socialdoors_type-nppi-dmn_cnum-4_cname-win-loss_randomise/_tfce_corrp_tstat8.nii.gz
0.000000 0.100800 
/data/projects/istart-socdoors/derivatives/fsl/L3_model-2_task-socialdoors_n92_flame1+2_randomise/L3_model-2_task-socialdoors_type-nppi-dmn_cnum-4_cname-win-loss_randomise/_tfce_corrp_tstat9.nii.gz
0.000000 0.298800 
/data/projects/istart-socdoors/derivatives/fsl/L3_model-2_task-socialdoors_n92_flame1+2_randomise/L3_model-2_task-socialdoors_type-nppi-dmn_cnum-4_cname-win-loss_randomise/_tstat10.nii.gz
-4.645367 4.468481 
/data/projects/istart-socdoors/derivatives/fsl/L3_model-2_task-socialdoors_n92_flame1+2_randomise/L3_model-2_task-socialdoors_type-nppi-dmn_cnum-4_cname-win-loss_randomise/_tstat11.nii.gz
-4.224549 4.672893 
/data/projects/istart-socdoors/derivatives/fsl/L3_model-2_task-socialdoors_n92_flame1+2_randomise/L3_model-2_task-socialdoors_type-nppi-dmn_cnum-4_cname-win-loss_randomise/_tstat12.nii.gz
-4.672893 4.224549 
/data/projects/istart-socdoors/derivatives/fsl/L3_model-2_task-socialdoors_n92_flame1+2_randomise/L3_model-2_task-socialdoors_type-nppi-dmn_cnum-4_cname-win-loss_randomise/_tstat1.nii.gz
-5.534309 4.417174 
/data/projects/istart-socdoors/derivatives/fsl/L3_model-2_task-socialdoors_n92_flame1+2_randomise/L3_model-2_task-socialdoors_type-nppi-dmn_cnum-4_cname-win-loss_randomise/_tstat2.nii.gz
-4.417174 5.534309 
/data/projects/istart-socdoors/derivatives/fsl/L3_model-2_task-socialdoors_n92_flame1+2_randomise/L3_model-2_task-socialdoors_type-nppi-dmn_cnum-4_cname-win-loss_randomise/_tstat3.nii.gz
-4.594550 3.910442 
/data/projects/istart-socdoors/derivatives/fsl/L3_model-2_task-socialdoors_n92_flame1+2_randomise/L3_model-2_task-socialdoors_type-nppi-dmn_cnum-4_cname-win-loss_randomise/_tstat4.nii.gz
-3.910442 4.594550 
/data/projects/istart-socdoors/derivatives/fsl/L3_model-2_task-socialdoors_n92_flame1+2_randomise/L3_model-2_task-socialdoors_type-nppi-dmn_cnum-4_cname-win-loss_randomise/_tstat5.nii.gz
-4.345201 5.396244 
/data/projects/istart-socdoors/derivatives/fsl/L3_model-2_task-socialdoors_n92_flame1+2_randomise/L3_model-2_task-socialdoors_type-nppi-dmn_cnum-4_cname-win-loss_randomise/_tstat6.nii.gz
-5.396244 4.345201 
/data/projects/istart-socdoors/derivatives/fsl/L3_model-2_task-socialdoors_n92_flame1+2_randomise/L3_model-2_task-socialdoors_type-nppi-dmn_cnum-4_cname-win-loss_randomise/_tstat7.nii.gz
-4.283570 4.380828 
/data/projects/istart-socdoors/derivatives/fsl/L3_model-2_task-socialdoors_n92_flame1+2_randomise/L3_model-2_task-socialdoors_type-nppi-dmn_cnum-4_cname-win-loss_randomise/_tstat8.nii.gz
-4.380828 4.283570 
/data/projects/istart-socdoors/derivatives/fsl/L3_model-2_task-socialdoors_n92_flame1+2_randomise/L3_model-2_task-socialdoors_type-nppi-dmn_cnum-4_cname-win-loss_randomise/_tstat9.nii.gz
-4.468481 4.645367 
/data/projects/istart-socdoors/derivatives/fsl/L3_model-2_task-socialdoors_n92_flame1+2_randomise/L3_model-2_task-socialdoors_type-nppi-dmn_cnum-4_cname-win-loss_randomise/type-nppi-dmn_model-2_randomise_filteredfunc_diff.nii.gz
-802.024780 1082.093140 
/data/projects/istart-socdoors/derivatives/fsl/L3_model-2_task-socialdoors_n92_flame1+2_randomise/L3_model-2_task-socialdoors_type-nppi-dmn_cnum-4_cname-win-loss_randomise/_vox_corrp_tstat10.nii.gz
0.000000 0.231600 
/data/projects/istart-socdoors/derivatives/fsl/L3_model-2_task-socialdoors_n92_flame1+2_randomise/L3_model-2_task-socialdoors_type-nppi-dmn_cnum-4_cname-win-loss_randomise/_vox_corrp_tstat11.nii.gz
0.000000 0.389200 
/data/projects/istart-socdoors/derivatives/fsl/L3_model-2_task-socialdoors_n92_flame1+2_randomise/L3_model-2_task-socialdoors_type-nppi-dmn_cnum-4_cname-win-loss_randomise/_vox_corrp_tstat12.nii.gz
0.000000 0.143800 
/data/projects/istart-socdoors/derivatives/fsl/L3_model-2_task-socialdoors_n92_flame1+2_randomise/L3_model-2_task-socialdoors_type-nppi-dmn_cnum-4_cname-win-loss_randomise/_vox_corrp_tstat1.nii.gz
0.000000 0.381800 
/data/projects/istart-socdoors/derivatives/fsl/L3_model-2_task-socialdoors_n92_flame1+2_randomise/L3_model-2_task-socialdoors_type-nppi-dmn_cnum-4_cname-win-loss_randomise/_vox_corrp_tstat2.nii.gz
0.000000 0.963200 
/data/projects/istart-socdoors/derivatives/fsl/L3_model-2_task-socialdoors_n92_flame1+2_randomise/L3_model-2_task-socialdoors_type-nppi-dmn_cnum-4_cname-win-loss_randomise/_vox_corrp_tstat3.nii.gz
0.000000 0.054000 
/data/projects/istart-socdoors/derivatives/fsl/L3_model-2_task-socialdoors_n92_flame1+2_randomise/L3_model-2_task-socialdoors_type-nppi-dmn_cnum-4_cname-win-loss_randomise/_vox_corrp_tstat4.nii.gz
0.000000 0.342800 
/data/projects/istart-socdoors/derivatives/fsl/L3_model-2_task-socialdoors_n92_flame1+2_randomise/L3_model-2_task-socialdoors_type-nppi-dmn_cnum-4_cname-win-loss_randomise/_vox_corrp_tstat5.nii.gz
0.000000 0.890800 
/data/projects/istart-socdoors/derivatives/fsl/L3_model-2_task-socialdoors_n92_flame1+2_randomise/L3_model-2_task-socialdoors_type-nppi-dmn_cnum-4_cname-win-loss_randomise/_vox_corrp_tstat6.nii.gz
0.000000 0.252400 
/data/projects/istart-socdoors/derivatives/fsl/L3_model-2_task-socialdoors_n92_flame1+2_randomise/L3_model-2_task-socialdoors_type-nppi-dmn_cnum-4_cname-win-loss_randomise/_vox_corrp_tstat7.nii.gz
0.000000 0.233000 
/data/projects/istart-socdoors/derivatives/fsl/L3_model-2_task-socialdoors_n92_flame1+2_randomise/L3_model-2_task-socialdoors_type-nppi-dmn_cnum-4_cname-win-loss_randomise/_vox_corrp_tstat8.nii.gz
0.000000 0.187600 
/data/projects/istart-socdoors/derivatives/fsl/L3_model-2_task-socialdoors_n92_flame1+2_randomise/L3_model-2_task-socialdoors_type-nppi-dmn_cnum-4_cname-win-loss_randomise/_vox_corrp_tstat9.nii.gz
0.000000 0.329400 
/data/projects/istart-socdoors/derivatives/fsl/L3_model-2_task-socialdoors_n92_flame1+2_randomise/L3_model-2_task-socialdoors_type-ppi_seed-VS_thr5_cnum-4_cname-win-loss_randomise/_clustere_corrp_tstat10.nii.gz
0.000000 0.062400 
/data/projects/istart-socdoors/derivatives/fsl/L3_model-2_task-socialdoors_n92_flame1+2_randomise/L3_model-2_task-socialdoors_type-ppi_seed-VS_thr5_cnum-4_cname-win-loss_randomise/_clustere_corrp_tstat11.nii.gz
0.000000 0.337200 
/data/projects/istart-socdoors/derivatives/fsl/L3_model-2_task-socialdoors_n92_flame1+2_randomise/L3_model-2_task-socialdoors_type-ppi_seed-VS_thr5_cnum-4_cname-win-loss_randomise/_clustere_corrp_tstat12.nii.gz
0.000000 0.061800 
/data/projects/istart-socdoors/derivatives/fsl/L3_model-2_task-socialdoors_n92_flame1+2_randomise/L3_model-2_task-socialdoors_type-ppi_seed-VS_thr5_cnum-4_cname-win-loss_randomise/_clustere_corrp_tstat1.nii.gz
0.000000 0.649400 
/data/projects/istart-socdoors/derivatives/fsl/L3_model-2_task-socialdoors_n92_flame1+2_randomise/L3_model-2_task-socialdoors_type-ppi_seed-VS_thr5_cnum-4_cname-win-loss_randomise/_clustere_corrp_tstat2.nii.gz
0.000000 0.419000 
/data/projects/istart-socdoors/derivatives/fsl/L3_model-2_task-socialdoors_n92_flame1+2_randomise/L3_model-2_task-socialdoors_type-ppi_seed-VS_thr5_cnum-4_cname-win-loss_randomise/_clustere_corrp_tstat3.nii.gz
0.000000 0.835400 
/data/projects/istart-socdoors/derivatives/fsl/L3_model-2_task-socialdoors_n92_flame1+2_randomise/L3_model-2_task-socialdoors_type-ppi_seed-VS_thr5_cnum-4_cname-win-loss_randomise/_clustere_corrp_tstat4.nii.gz
0.000000 0.413200 
/data/projects/istart-socdoors/derivatives/fsl/L3_model-2_task-socialdoors_n92_flame1+2_randomise/L3_model-2_task-socialdoors_type-ppi_seed-VS_thr5_cnum-4_cname-win-loss_randomise/_clustere_corrp_tstat5.nii.gz
0.000000 0.071000 
/data/projects/istart-socdoors/derivatives/fsl/L3_model-2_task-socialdoors_n92_flame1+2_randomise/L3_model-2_task-socialdoors_type-ppi_seed-VS_thr5_cnum-4_cname-win-loss_randomise/_clustere_corrp_tstat6.nii.gz
0.000000 0.658800 
/data/projects/istart-socdoors/derivatives/fsl/L3_model-2_task-socialdoors_n92_flame1+2_randomise/L3_model-2_task-socialdoors_type-ppi_seed-VS_thr5_cnum-4_cname-win-loss_randomise/_clustere_corrp_tstat7.nii.gz
0.000000 0.354600 
/data/projects/istart-socdoors/derivatives/fsl/L3_model-2_task-socialdoors_n92_flame1+2_randomise/L3_model-2_task-socialdoors_type-ppi_seed-VS_thr5_cnum-4_cname-win-loss_randomise/_clustere_corrp_tstat8.nii.gz
0.000000 0.215400 
/data/projects/istart-socdoors/derivatives/fsl/L3_model-2_task-socialdoors_n92_flame1+2_randomise/L3_model-2_task-socialdoors_type-ppi_seed-VS_thr5_cnum-4_cname-win-loss_randomise/_clustere_corrp_tstat9.nii.gz
0.000000 0.464800 
/data/projects/istart-socdoors/derivatives/fsl/L3_model-2_task-socialdoors_n92_flame1+2_randomise/L3_model-2_task-socialdoors_type-ppi_seed-VS_thr5_cnum-4_cname-win-loss_randomise/_tfce_corrp_tstat10.nii.gz
0.000000 0.267800 
/data/projects/istart-socdoors/derivatives/fsl/L3_model-2_task-socialdoors_n92_flame1+2_randomise/L3_model-2_task-socialdoors_type-ppi_seed-VS_thr5_cnum-4_cname-win-loss_randomise/_tfce_corrp_tstat11.nii.gz
0.000000 0.570400 
/data/projects/istart-socdoors/derivatives/fsl/L3_model-2_task-socialdoors_n92_flame1+2_randomise/L3_model-2_task-socialdoors_type-ppi_seed-VS_thr5_cnum-4_cname-win-loss_randomise/_tfce_corrp_tstat12.nii.gz
0.000000 0.053800 
/data/projects/istart-socdoors/derivatives/fsl/L3_model-2_task-socialdoors_n92_flame1+2_randomise/L3_model-2_task-socialdoors_type-ppi_seed-VS_thr5_cnum-4_cname-win-loss_randomise/_tfce_corrp_tstat1.nii.gz
0.000000 0.486200 
/data/projects/istart-socdoors/derivatives/fsl/L3_model-2_task-socialdoors_n92_flame1+2_randomise/L3_model-2_task-socialdoors_type-ppi_seed-VS_thr5_cnum-4_cname-win-loss_randomise/_tfce_corrp_tstat2.nii.gz
0.000000 0.252200 
/data/projects/istart-socdoors/derivatives/fsl/L3_model-2_task-socialdoors_n92_flame1+2_randomise/L3_model-2_task-socialdoors_type-ppi_seed-VS_thr5_cnum-4_cname-win-loss_randomise/_tfce_corrp_tstat3.nii.gz
0.000000 0.688600 
/data/projects/istart-socdoors/derivatives/fsl/L3_model-2_task-socialdoors_n92_flame1+2_randomise/L3_model-2_task-socialdoors_type-ppi_seed-VS_thr5_cnum-4_cname-win-loss_randomise/_tfce_corrp_tstat4.nii.gz
0.000000 0.434000 
/data/projects/istart-socdoors/derivatives/fsl/L3_model-2_task-socialdoors_n92_flame1+2_randomise/L3_model-2_task-socialdoors_type-ppi_seed-VS_thr5_cnum-4_cname-win-loss_randomise/_tfce_corrp_tstat5.nii.gz
0.000000 0.240000 
/data/projects/istart-socdoors/derivatives/fsl/L3_model-2_task-socialdoors_n92_flame1+2_randomise/L3_model-2_task-socialdoors_type-ppi_seed-VS_thr5_cnum-4_cname-win-loss_randomise/_tfce_corrp_tstat6.nii.gz
0.000000 0.848400 
/data/projects/istart-socdoors/derivatives/fsl/L3_model-2_task-socialdoors_n92_flame1+2_randomise/L3_model-2_task-socialdoors_type-ppi_seed-VS_thr5_cnum-4_cname-win-loss_randomise/_tfce_corrp_tstat7.nii.gz
0.000000 0.608800 
/data/projects/istart-socdoors/derivatives/fsl/L3_model-2_task-socialdoors_n92_flame1+2_randomise/L3_model-2_task-socialdoors_type-ppi_seed-VS_thr5_cnum-4_cname-win-loss_randomise/_tfce_corrp_tstat8.nii.gz
0.000000 0.199400 
/data/projects/istart-socdoors/derivatives/fsl/L3_model-2_task-socialdoors_n92_flame1+2_randomise/L3_model-2_task-socialdoors_type-ppi_seed-VS_thr5_cnum-4_cname-win-loss_randomise/_tfce_corrp_tstat9.nii.gz
0.000000 0.636400 
/data/projects/istart-socdoors/derivatives/fsl/L3_model-2_task-socialdoors_n92_flame1+2_randomise/L3_model-2_task-socialdoors_type-ppi_seed-VS_thr5_cnum-4_cname-win-loss_randomise/_tstat10.nii.gz
-4.124567 5.223005 
/data/projects/istart-socdoors/derivatives/fsl/L3_model-2_task-socialdoors_n92_flame1+2_randomise/L3_model-2_task-socialdoors_type-ppi_seed-VS_thr5_cnum-4_cname-win-loss_randomise/_tstat11.nii.gz
-4.426238 4.663988 
/data/projects/istart-socdoors/derivatives/fsl/L3_model-2_task-socialdoors_n92_flame1+2_randomise/L3_model-2_task-socialdoors_type-ppi_seed-VS_thr5_cnum-4_cname-win-loss_randomise/_tstat12.nii.gz
-4.663988 4.426238 
/data/projects/istart-socdoors/derivatives/fsl/L3_model-2_task-socialdoors_n92_flame1+2_randomise/L3_model-2_task-socialdoors_type-ppi_seed-VS_thr5_cnum-4_cname-win-loss_randomise/_tstat1.nii.gz
-4.253063 4.369363 
/data/projects/istart-socdoors/derivatives/fsl/L3_model-2_task-socialdoors_n92_flame1+2_randomise/L3_model-2_task-socialdoors_type-ppi_seed-VS_thr5_cnum-4_cname-win-loss_randomise/_tstat2.nii.gz
-4.369363 4.253063 
/data/projects/istart-socdoors/derivatives/fsl/L3_model-2_task-socialdoors_n92_flame1+2_randomise/L3_model-2_task-socialdoors_type-ppi_seed-VS_thr5_cnum-4_cname-win-loss_randomise/_tstat3.nii.gz
-4.540094 4.791982 
/data/projects/istart-socdoors/derivatives/fsl/L3_model-2_task-socialdoors_n92_flame1+2_randomise/L3_model-2_task-socialdoors_type-ppi_seed-VS_thr5_cnum-4_cname-win-loss_randomise/_tstat4.nii.gz
-4.791982 4.540094 
/data/projects/istart-socdoors/derivatives/fsl/L3_model-2_task-socialdoors_n92_flame1+2_randomise/L3_model-2_task-socialdoors_type-ppi_seed-VS_thr5_cnum-4_cname-win-loss_randomise/_tstat5.nii.gz
-4.960417 4.227364 
/data/projects/istart-socdoors/derivatives/fsl/L3_model-2_task-socialdoors_n92_flame1+2_randomise/L3_model-2_task-socialdoors_type-ppi_seed-VS_thr5_cnum-4_cname-win-loss_randomise/_tstat6.nii.gz
-4.227364 4.960417 
/data/projects/istart-socdoors/derivatives/fsl/L3_model-2_task-socialdoors_n92_flame1+2_randomise/L3_model-2_task-socialdoors_type-ppi_seed-VS_thr5_cnum-4_cname-win-loss_randomise/_tstat7.nii.gz
-4.780860 4.641525 
/data/projects/istart-socdoors/derivatives/fsl/L3_model-2_task-socialdoors_n92_flame1+2_randomise/L3_model-2_task-socialdoors_type-ppi_seed-VS_thr5_cnum-4_cname-win-loss_randomise/_tstat8.nii.gz
-4.641525 4.780860 
/data/projects/istart-socdoors/derivatives/fsl/L3_model-2_task-socialdoors_n92_flame1+2_randomise/L3_model-2_task-socialdoors_type-ppi_seed-VS_thr5_cnum-4_cname-win-loss_randomise/_tstat9.nii.gz
-5.223005 4.124567 
/data/projects/istart-socdoors/derivatives/fsl/L3_model-2_task-socialdoors_n92_flame1+2_randomise/L3_model-2_task-socialdoors_type-ppi_seed-VS_thr5_cnum-4_cname-win-loss_randomise/type-ppi_seed-VS_thr5_model-2_randomise_filteredfunc_diff.nii.gz
-4343.704102 4063.581543 
/data/projects/istart-socdoors/derivatives/fsl/L3_model-2_task-socialdoors_n92_flame1+2_randomise/L3_model-2_task-socialdoors_type-ppi_seed-VS_thr5_cnum-4_cname-win-loss_randomise/_vox_corrp_tstat10.nii.gz
0.000000 0.694600 
/data/projects/istart-socdoors/derivatives/fsl/L3_model-2_task-socialdoors_n92_flame1+2_randomise/L3_model-2_task-socialdoors_type-ppi_seed-VS_thr5_cnum-4_cname-win-loss_randomise/_vox_corrp_tstat11.nii.gz
0.000000 0.493600 
/data/projects/istart-socdoors/derivatives/fsl/L3_model-2_task-socialdoors_n92_flame1+2_randomise/L3_model-2_task-socialdoors_type-ppi_seed-VS_thr5_cnum-4_cname-win-loss_randomise/_vox_corrp_tstat12.nii.gz
0.000000 0.358600 
/data/projects/istart-socdoors/derivatives/fsl/L3_model-2_task-socialdoors_n92_flame1+2_randomise/L3_model-2_task-socialdoors_type-ppi_seed-VS_thr5_cnum-4_cname-win-loss_randomise/_vox_corrp_tstat1.nii.gz
0.000000 0.514000 
/data/projects/istart-socdoors/derivatives/fsl/L3_model-2_task-socialdoors_n92_flame1+2_randomise/L3_model-2_task-socialdoors_type-ppi_seed-VS_thr5_cnum-4_cname-win-loss_randomise/_vox_corrp_tstat2.nii.gz
0.000000 0.418800 
/data/projects/istart-socdoors/derivatives/fsl/L3_model-2_task-socialdoors_n92_flame1+2_randomise/L3_model-2_task-socialdoors_type-ppi_seed-VS_thr5_cnum-4_cname-win-loss_randomise/_vox_corrp_tstat3.nii.gz
0.000000 0.546800 
/data/projects/istart-socdoors/derivatives/fsl/L3_model-2_task-socialdoors_n92_flame1+2_randomise/L3_model-2_task-socialdoors_type-ppi_seed-VS_thr5_cnum-4_cname-win-loss_randomise/_vox_corrp_tstat4.nii.gz
0.000000 0.403400 
/data/projects/istart-socdoors/derivatives/fsl/L3_model-2_task-socialdoors_n92_flame1+2_randomise/L3_model-2_task-socialdoors_type-ppi_seed-VS_thr5_cnum-4_cname-win-loss_randomise/_vox_corrp_tstat5.nii.gz
0.000000 0.308000 
/data/projects/istart-socdoors/derivatives/fsl/L3_model-2_task-socialdoors_n92_flame1+2_randomise/L3_model-2_task-socialdoors_type-ppi_seed-VS_thr5_cnum-4_cname-win-loss_randomise/_vox_corrp_tstat6.nii.gz
0.000000 0.762400 
/data/projects/istart-socdoors/derivatives/fsl/L3_model-2_task-socialdoors_n92_flame1+2_randomise/L3_model-2_task-socialdoors_type-ppi_seed-VS_thr5_cnum-4_cname-win-loss_randomise/_vox_corrp_tstat7.nii.gz
0.000000 0.510600 
/data/projects/istart-socdoors/derivatives/fsl/L3_model-2_task-socialdoors_n92_flame1+2_randomise/L3_model-2_task-socialdoors_type-ppi_seed-VS_thr5_cnum-4_cname-win-loss_randomise/_vox_corrp_tstat8.nii.gz
0.000000 0.607800 
/data/projects/istart-socdoors/derivatives/fsl/L3_model-2_task-socialdoors_n92_flame1+2_randomise/L3_model-2_task-socialdoors_type-ppi_seed-VS_thr5_cnum-4_cname-win-loss_randomise/_vox_corrp_tstat9.nii.gz
0.000000 0.162800 
/data/projects/istart-socdoors/derivatives/fsl/L3_model-3_task-socialdoors_n92_flame1+2_randomise/L3_model-3_task-socialdoors_type-act_cnum-4_cname-win-loss_randomise/_clustere_corrp_tstat1.nii.gz
0.000000 0.980400 
/data/projects/istart-socdoors/derivatives/fsl/L3_model-3_task-socialdoors_n92_flame1+2_randomise/L3_model-3_task-socialdoors_type-act_cnum-4_cname-win-loss_randomise/_clustere_corrp_tstat2.nii.gz
0.000000 0.245000 
/data/projects/istart-socdoors/derivatives/fsl/L3_model-3_task-socialdoors_n92_flame1+2_randomise/L3_model-3_task-socialdoors_type-act_cnum-4_cname-win-loss_randomise/_clustere_corrp_tstat3.nii.gz
0.000000 0.043400 
/data/projects/istart-socdoors/derivatives/fsl/L3_model-3_task-socialdoors_n92_flame1+2_randomise/L3_model-3_task-socialdoors_type-act_cnum-4_cname-win-loss_randomise/_clustere_corrp_tstat4.nii.gz
0.000000 0.985800 
/data/projects/istart-socdoors/derivatives/fsl/L3_model-3_task-socialdoors_n92_flame1+2_randomise/L3_model-3_task-socialdoors_type-act_cnum-4_cname-win-loss_randomise/_clustere_corrp_tstat5.nii.gz
0.000000 0.875600 
/data/projects/istart-socdoors/derivatives/fsl/L3_model-3_task-socialdoors_n92_flame1+2_randomise/L3_model-3_task-socialdoors_type-act_cnum-4_cname-win-loss_randomise/_clustere_corrp_tstat6.nii.gz
0.000000 0.891000 
/data/projects/istart-socdoors/derivatives/fsl/L3_model-3_task-socialdoors_n92_flame1+2_randomise/L3_model-3_task-socialdoors_type-act_cnum-4_cname-win-loss_randomise/_clustere_corrp_tstat7.nii.gz
0.000000 0.166400 
/data/projects/istart-socdoors/derivatives/fsl/L3_model-3_task-socialdoors_n92_flame1+2_randomise/L3_model-3_task-socialdoors_type-act_cnum-4_cname-win-loss_randomise/_clustere_corrp_tstat8.nii.gz
0.000000 0.772600 
/data/projects/istart-socdoors/derivatives/fsl/L3_model-3_task-socialdoors_n92_flame1+2_randomise/L3_model-3_task-socialdoors_type-act_cnum-4_cname-win-loss_randomise/_tfce_corrp_tstat1.nii.gz
0.000000 0.946600 
/data/projects/istart-socdoors/derivatives/fsl/L3_model-3_task-socialdoors_n92_flame1+2_randomise/L3_model-3_task-socialdoors_type-act_cnum-4_cname-win-loss_randomise/_tfce_corrp_tstat2.nii.gz
0.000000 0.137200 
/data/projects/istart-socdoors/derivatives/fsl/L3_model-3_task-socialdoors_n92_flame1+2_randomise/L3_model-3_task-socialdoors_type-act_cnum-4_cname-win-loss_randomise/_tfce_corrp_tstat3.nii.gz
0.000000 0.025000 
/data/projects/istart-socdoors/derivatives/fsl/L3_model-3_task-socialdoors_n92_flame1+2_randomise/L3_model-3_task-socialdoors_type-act_cnum-4_cname-win-loss_randomise/_tfce_corrp_tstat4.nii.gz
0.000000 0.988800 
/data/projects/istart-socdoors/derivatives/fsl/L3_model-3_task-socialdoors_n92_flame1+2_randomise/L3_model-3_task-socialdoors_type-act_cnum-4_cname-win-loss_randomise/_tfce_corrp_tstat5.nii.gz
0.000000 0.629600 
/data/projects/istart-socdoors/derivatives/fsl/L3_model-3_task-socialdoors_n92_flame1+2_randomise/L3_model-3_task-socialdoors_type-act_cnum-4_cname-win-loss_randomise/_tfce_corrp_tstat6.nii.gz
0.000000 0.934000 
/data/projects/istart-socdoors/derivatives/fsl/L3_model-3_task-socialdoors_n92_flame1+2_randomise/L3_model-3_task-socialdoors_type-act_cnum-4_cname-win-loss_randomise/_tfce_corrp_tstat7.nii.gz
0.000000 0.095800 
/data/projects/istart-socdoors/derivatives/fsl/L3_model-3_task-socialdoors_n92_flame1+2_randomise/L3_model-3_task-socialdoors_type-act_cnum-4_cname-win-loss_randomise/_tfce_corrp_tstat8.nii.gz
0.000000 0.722400 
/data/projects/istart-socdoors/derivatives/fsl/L3_model-3_task-socialdoors_n92_flame1+2_randomise/L3_model-3_task-socialdoors_type-act_cnum-4_cname-win-loss_randomise/_tstat1.nii.gz
-4.475209 4.759574 
/data/projects/istart-socdoors/derivatives/fsl/L3_model-3_task-socialdoors_n92_flame1+2_randomise/L3_model-3_task-socialdoors_type-act_cnum-4_cname-win-loss_randomise/_tstat2.nii.gz
-4.759574 4.475209 
/data/projects/istart-socdoors/derivatives/fsl/L3_model-3_task-socialdoors_n92_flame1+2_randomise/L3_model-3_task-socialdoors_type-act_cnum-4_cname-win-loss_randomise/_tstat3.nii.gz
-5.144186 4.181618 
/data/projects/istart-socdoors/derivatives/fsl/L3_model-3_task-socialdoors_n92_flame1+2_randomise/L3_model-3_task-socialdoors_type-act_cnum-4_cname-win-loss_randomise/_tstat4.nii.gz
-4.181618 5.144186 
/data/projects/istart-socdoors/derivatives/fsl/L3_model-3_task-socialdoors_n92_flame1+2_randomise/L3_model-3_task-socialdoors_type-act_cnum-4_cname-win-loss_randomise/_tstat5.nii.gz
-4.908445 4.328123 
/data/projects/istart-socdoors/derivatives/fsl/L3_model-3_task-socialdoors_n92_flame1+2_randomise/L3_model-3_task-socialdoors_type-act_cnum-4_cname-win-loss_randomise/_tstat6.nii.gz
-4.328123 4.908445 
/data/projects/istart-socdoors/derivatives/fsl/L3_model-3_task-socialdoors_n92_flame1+2_randomise/L3_model-3_task-socialdoors_type-act_cnum-4_cname-win-loss_randomise/_tstat7.nii.gz
-4.909898 4.973555 
/data/projects/istart-socdoors/derivatives/fsl/L3_model-3_task-socialdoors_n92_flame1+2_randomise/L3_model-3_task-socialdoors_type-act_cnum-4_cname-win-loss_randomise/_tstat8.nii.gz
-4.973555 4.909898 
/data/projects/istart-socdoors/derivatives/fsl/L3_model-3_task-socialdoors_n92_flame1+2_randomise/L3_model-3_task-socialdoors_type-act_cnum-4_cname-win-loss_randomise/type-act_model-3_randomise_filteredfunc_diff.nii.gz
-5100.061523 3607.188232 
/data/projects/istart-socdoors/derivatives/fsl/L3_model-3_task-socialdoors_n92_flame1+2_randomise/L3_model-3_task-socialdoors_type-act_cnum-4_cname-win-loss_randomise/_vox_corrp_tstat1.nii.gz
0.000000 0.728200 
/data/projects/istart-socdoors/derivatives/fsl/L3_model-3_task-socialdoors_n92_flame1+2_randomise/L3_model-3_task-socialdoors_type-act_cnum-4_cname-win-loss_randomise/_vox_corrp_tstat2.nii.gz
0.000000 0.519600 
/data/projects/istart-socdoors/derivatives/fsl/L3_model-3_task-socialdoors_n92_flame1+2_randomise/L3_model-3_task-socialdoors_type-act_cnum-4_cname-win-loss_randomise/_vox_corrp_tstat3.nii.gz
0.000000 0.254600 
/data/projects/istart-socdoors/derivatives/fsl/L3_model-3_task-socialdoors_n92_flame1+2_randomise/L3_model-3_task-socialdoors_type-act_cnum-4_cname-win-loss_randomise/_vox_corrp_tstat4.nii.gz
0.000000 0.885400 
/data/projects/istart-socdoors/derivatives/fsl/L3_model-3_task-socialdoors_n92_flame1+2_randomise/L3_model-3_task-socialdoors_type-act_cnum-4_cname-win-loss_randomise/_vox_corrp_tstat5.nii.gz
0.000000 0.352800 
/data/projects/istart-socdoors/derivatives/fsl/L3_model-3_task-socialdoors_n92_flame1+2_randomise/L3_model-3_task-socialdoors_type-act_cnum-4_cname-win-loss_randomise/_vox_corrp_tstat6.nii.gz
0.000000 0.770000 
/data/projects/istart-socdoors/derivatives/fsl/L3_model-3_task-socialdoors_n92_flame1+2_randomise/L3_model-3_task-socialdoors_type-act_cnum-4_cname-win-loss_randomise/_vox_corrp_tstat7.nii.gz
0.000000 0.526400 
/data/projects/istart-socdoors/derivatives/fsl/L3_model-3_task-socialdoors_n92_flame1+2_randomise/L3_model-3_task-socialdoors_type-act_cnum-4_cname-win-loss_randomise/_vox_corrp_tstat8.nii.gz
0.000000 0.507400 
/data/projects/istart-socdoors/derivatives/fsl/L3_model-3_task-socialdoors_n92_flame1+2_randomise/L3_model-3_task-socialdoors_type-nppi-dmn_cnum-4_cname-win-loss_randomise/_clustere_corrp_tstat1.nii.gz
0.000000 0.916400 
/data/projects/istart-socdoors/derivatives/fsl/L3_model-3_task-socialdoors_n92_flame1+2_randomise/L3_model-3_task-socialdoors_type-nppi-dmn_cnum-4_cname-win-loss_randomise/_clustere_corrp_tstat2.nii.gz
0.000000 0.652400 
/data/projects/istart-socdoors/derivatives/fsl/L3_model-3_task-socialdoors_n92_flame1+2_randomise/L3_model-3_task-socialdoors_type-nppi-dmn_cnum-4_cname-win-loss_randomise/_clustere_corrp_tstat3.nii.gz
0.000000 0.115800 
/data/projects/istart-socdoors/derivatives/fsl/L3_model-3_task-socialdoors_n92_flame1+2_randomise/L3_model-3_task-socialdoors_type-nppi-dmn_cnum-4_cname-win-loss_randomise/_clustere_corrp_tstat4.nii.gz
0.000000 0.658200 
/data/projects/istart-socdoors/derivatives/fsl/L3_model-3_task-socialdoors_n92_flame1+2_randomise/L3_model-3_task-socialdoors_type-nppi-dmn_cnum-4_cname-win-loss_randomise/_clustere_corrp_tstat5.nii.gz
0.000000 0.831600 
/data/projects/istart-socdoors/derivatives/fsl/L3_model-3_task-socialdoors_n92_flame1+2_randomise/L3_model-3_task-socialdoors_type-nppi-dmn_cnum-4_cname-win-loss_randomise/_clustere_corrp_tstat6.nii.gz
0.000000 0.874400 
/data/projects/istart-socdoors/derivatives/fsl/L3_model-3_task-socialdoors_n92_flame1+2_randomise/L3_model-3_task-socialdoors_type-nppi-dmn_cnum-4_cname-win-loss_randomise/_clustere_corrp_tstat7.nii.gz
0.000000 0.822200 
/data/projects/istart-socdoors/derivatives/fsl/L3_model-3_task-socialdoors_n92_flame1+2_randomise/L3_model-3_task-socialdoors_type-nppi-dmn_cnum-4_cname-win-loss_randomise/_clustere_corrp_tstat8.nii.gz
0.000000 0.282000 
/data/projects/istart-socdoors/derivatives/fsl/L3_model-3_task-socialdoors_n92_flame1+2_randomise/L3_model-3_task-socialdoors_type-nppi-dmn_cnum-4_cname-win-loss_randomise/_tfce_corrp_tstat1.nii.gz
0.000000 0.686000 
/data/projects/istart-socdoors/derivatives/fsl/L3_model-3_task-socialdoors_n92_flame1+2_randomise/L3_model-3_task-socialdoors_type-nppi-dmn_cnum-4_cname-win-loss_randomise/_tfce_corrp_tstat2.nii.gz
0.000000 0.530200 
/data/projects/istart-socdoors/derivatives/fsl/L3_model-3_task-socialdoors_n92_flame1+2_randomise/L3_model-3_task-socialdoors_type-nppi-dmn_cnum-4_cname-win-loss_randomise/_tfce_corrp_tstat3.nii.gz
0.000000 0.112200 
/data/projects/istart-socdoors/derivatives/fsl/L3_model-3_task-socialdoors_n92_flame1+2_randomise/L3_model-3_task-socialdoors_type-nppi-dmn_cnum-4_cname-win-loss_randomise/_tfce_corrp_tstat4.nii.gz
0.000000 0.826600 
/data/projects/istart-socdoors/derivatives/fsl/L3_model-3_task-socialdoors_n92_flame1+2_randomise/L3_model-3_task-socialdoors_type-nppi-dmn_cnum-4_cname-win-loss_randomise/_tfce_corrp_tstat5.nii.gz
0.000000 0.899600 
/data/projects/istart-socdoors/derivatives/fsl/L3_model-3_task-socialdoors_n92_flame1+2_randomise/L3_model-3_task-socialdoors_type-nppi-dmn_cnum-4_cname-win-loss_randomise/_tfce_corrp_tstat6.nii.gz
0.000000 0.819400 
/data/projects/istart-socdoors/derivatives/fsl/L3_model-3_task-socialdoors_n92_flame1+2_randomise/L3_model-3_task-socialdoors_type-nppi-dmn_cnum-4_cname-win-loss_randomise/_tfce_corrp_tstat7.nii.gz
0.000000 0.794200 
/data/projects/istart-socdoors/derivatives/fsl/L3_model-3_task-socialdoors_n92_flame1+2_randomise/L3_model-3_task-socialdoors_type-nppi-dmn_cnum-4_cname-win-loss_randomise/_tfce_corrp_tstat8.nii.gz
0.000000 0.584800 
/data/projects/istart-socdoors/derivatives/fsl/L3_model-3_task-socialdoors_n92_flame1+2_randomise/L3_model-3_task-socialdoors_type-nppi-dmn_cnum-4_cname-win-loss_randomise/_tstat1.nii.gz
-5.249216 4.500094 
/data/projects/istart-socdoors/derivatives/fsl/L3_model-3_task-socialdoors_n92_flame1+2_randomise/L3_model-3_task-socialdoors_type-nppi-dmn_cnum-4_cname-win-loss_randomise/_tstat2.nii.gz
-4.500094 5.249216 
/data/projects/istart-socdoors/derivatives/fsl/L3_model-3_task-socialdoors_n92_flame1+2_randomise/L3_model-3_task-socialdoors_type-nppi-dmn_cnum-4_cname-win-loss_randomise/_tstat3.nii.gz
-5.163902 4.020663 
/data/projects/istart-socdoors/derivatives/fsl/L3_model-3_task-socialdoors_n92_flame1+2_randomise/L3_model-3_task-socialdoors_type-nppi-dmn_cnum-4_cname-win-loss_randomise/_tstat4.nii.gz
-4.020663 5.163902 
/data/projects/istart-socdoors/derivatives/fsl/L3_model-3_task-socialdoors_n92_flame1+2_randomise/L3_model-3_task-socialdoors_type-nppi-dmn_cnum-4_cname-win-loss_randomise/_tstat5.nii.gz
-4.337627 4.993010 
/data/projects/istart-socdoors/derivatives/fsl/L3_model-3_task-socialdoors_n92_flame1+2_randomise/L3_model-3_task-socialdoors_type-nppi-dmn_cnum-4_cname-win-loss_randomise/_tstat6.nii.gz
-4.993010 4.337627 
/data/projects/istart-socdoors/derivatives/fsl/L3_model-3_task-socialdoors_n92_flame1+2_randomise/L3_model-3_task-socialdoors_type-nppi-dmn_cnum-4_cname-win-loss_randomise/_tstat7.nii.gz
-5.711898 5.381490 
/data/projects/istart-socdoors/derivatives/fsl/L3_model-3_task-socialdoors_n92_flame1+2_randomise/L3_model-3_task-socialdoors_type-nppi-dmn_cnum-4_cname-win-loss_randomise/_tstat8.nii.gz
-5.381490 5.711898 
/data/projects/istart-socdoors/derivatives/fsl/L3_model-3_task-socialdoors_n92_flame1+2_randomise/L3_model-3_task-socialdoors_type-nppi-dmn_cnum-4_cname-win-loss_randomise/type-nppi-dmn_model-3_randomise_filteredfunc_diff.nii.gz
-802.024780 1082.093140 
/data/projects/istart-socdoors/derivatives/fsl/L3_model-3_task-socialdoors_n92_flame1+2_randomise/L3_model-3_task-socialdoors_type-nppi-dmn_cnum-4_cname-win-loss_randomise/_vox_corrp_tstat1.nii.gz
0.000000 0.428200 
/data/projects/istart-socdoors/derivatives/fsl/L3_model-3_task-socialdoors_n92_flame1+2_randomise/L3_model-3_task-socialdoors_type-nppi-dmn_cnum-4_cname-win-loss_randomise/_vox_corrp_tstat2.nii.gz
0.000000 0.906200 
/data/projects/istart-socdoors/derivatives/fsl/L3_model-3_task-socialdoors_n92_flame1+2_randomise/L3_model-3_task-socialdoors_type-nppi-dmn_cnum-4_cname-win-loss_randomise/_vox_corrp_tstat3.nii.gz
0.000000 0.086200 
/data/projects/istart-socdoors/derivatives/fsl/L3_model-3_task-socialdoors_n92_flame1+2_randomise/L3_model-3_task-socialdoors_type-nppi-dmn_cnum-4_cname-win-loss_randomise/_vox_corrp_tstat4.nii.gz
0.000000 0.873000 
/data/projects/istart-socdoors/derivatives/fsl/L3_model-3_task-socialdoors_n92_flame1+2_randomise/L3_model-3_task-socialdoors_type-nppi-dmn_cnum-4_cname-win-loss_randomise/_vox_corrp_tstat5.nii.gz
0.000000 0.790600 
/data/projects/istart-socdoors/derivatives/fsl/L3_model-3_task-socialdoors_n92_flame1+2_randomise/L3_model-3_task-socialdoors_type-nppi-dmn_cnum-4_cname-win-loss_randomise/_vox_corrp_tstat6.nii.gz
0.000000 0.285400 
/data/projects/istart-socdoors/derivatives/fsl/L3_model-3_task-socialdoors_n92_flame1+2_randomise/L3_model-3_task-socialdoors_type-nppi-dmn_cnum-4_cname-win-loss_randomise/_vox_corrp_tstat7.nii.gz
0.000000 0.747000 
/data/projects/istart-socdoors/derivatives/fsl/L3_model-3_task-socialdoors_n92_flame1+2_randomise/L3_model-3_task-socialdoors_type-nppi-dmn_cnum-4_cname-win-loss_randomise/_vox_corrp_tstat8.nii.gz
0.000000 0.849800 
/data/projects/istart-socdoors/derivatives/fsl/L3_model-3_task-socialdoors_n92_flame1+2_randomise/L3_model-3_task-socialdoors_type-ppi_seed-VS_thr5_cnum-4_cname-win-loss_randomise/_clustere_corrp_tstat1.nii.gz
0.000000 0.628000 
/data/projects/istart-socdoors/derivatives/fsl/L3_model-3_task-socialdoors_n92_flame1+2_randomise/L3_model-3_task-socialdoors_type-ppi_seed-VS_thr5_cnum-4_cname-win-loss_randomise/_clustere_corrp_tstat2.nii.gz
0.000000 0.321400 
/data/projects/istart-socdoors/derivatives/fsl/L3_model-3_task-socialdoors_n92_flame1+2_randomise/L3_model-3_task-socialdoors_type-ppi_seed-VS_thr5_cnum-4_cname-win-loss_randomise/_clustere_corrp_tstat3.nii.gz
0.000000 0.863600 
/data/projects/istart-socdoors/derivatives/fsl/L3_model-3_task-socialdoors_n92_flame1+2_randomise/L3_model-3_task-socialdoors_type-ppi_seed-VS_thr5_cnum-4_cname-win-loss_randomise/_clustere_corrp_tstat4.nii.gz
0.000000 0.579400 
/data/projects/istart-socdoors/derivatives/fsl/L3_model-3_task-socialdoors_n92_flame1+2_randomise/L3_model-3_task-socialdoors_type-ppi_seed-VS_thr5_cnum-4_cname-win-loss_randomise/_clustere_corrp_tstat5.nii.gz
0.000000 0.022200 
/data/projects/istart-socdoors/derivatives/fsl/L3_model-3_task-socialdoors_n92_flame1+2_randomise/L3_model-3_task-socialdoors_type-ppi_seed-VS_thr5_cnum-4_cname-win-loss_randomise/_clustere_corrp_tstat6.nii.gz
0.000000 0.643800 
/data/projects/istart-socdoors/derivatives/fsl/L3_model-3_task-socialdoors_n92_flame1+2_randomise/L3_model-3_task-socialdoors_type-ppi_seed-VS_thr5_cnum-4_cname-win-loss_randomise/_clustere_corrp_tstat7.nii.gz
0.000000 0.387000 
/data/projects/istart-socdoors/derivatives/fsl/L3_model-3_task-socialdoors_n92_flame1+2_randomise/L3_model-3_task-socialdoors_type-ppi_seed-VS_thr5_cnum-4_cname-win-loss_randomise/_clustere_corrp_tstat8.nii.gz
0.000000 0.630600 
/data/projects/istart-socdoors/derivatives/fsl/L3_model-3_task-socialdoors_n92_flame1+2_randomise/L3_model-3_task-socialdoors_type-ppi_seed-VS_thr5_cnum-4_cname-win-loss_randomise/_tfce_corrp_tstat1.nii.gz
0.000000 0.501600 
/data/projects/istart-socdoors/derivatives/fsl/L3_model-3_task-socialdoors_n92_flame1+2_randomise/L3_model-3_task-socialdoors_type-ppi_seed-VS_thr5_cnum-4_cname-win-loss_randomise/_tfce_corrp_tstat2.nii.gz
0.000000 0.230800 
/data/projects/istart-socdoors/derivatives/fsl/L3_model-3_task-socialdoors_n92_flame1+2_randomise/L3_model-3_task-socialdoors_type-ppi_seed-VS_thr5_cnum-4_cname-win-loss_randomise/_tfce_corrp_tstat3.nii.gz
0.000000 0.751600 
/data/projects/istart-socdoors/derivatives/fsl/L3_model-3_task-socialdoors_n92_flame1+2_randomise/L3_model-3_task-socialdoors_type-ppi_seed-VS_thr5_cnum-4_cname-win-loss_randomise/_tfce_corrp_tstat4.nii.gz
0.000000 0.636600 
/data/projects/istart-socdoors/derivatives/fsl/L3_model-3_task-socialdoors_n92_flame1+2_randomise/L3_model-3_task-socialdoors_type-ppi_seed-VS_thr5_cnum-4_cname-win-loss_randomise/_tfce_corrp_tstat5.nii.gz
0.000000 0.301600 
/data/projects/istart-socdoors/derivatives/fsl/L3_model-3_task-socialdoors_n92_flame1+2_randomise/L3_model-3_task-socialdoors_type-ppi_seed-VS_thr5_cnum-4_cname-win-loss_randomise/_tfce_corrp_tstat6.nii.gz
0.000000 0.817000 
/data/projects/istart-socdoors/derivatives/fsl/L3_model-3_task-socialdoors_n92_flame1+2_randomise/L3_model-3_task-socialdoors_type-ppi_seed-VS_thr5_cnum-4_cname-win-loss_randomise/_tfce_corrp_tstat7.nii.gz
0.000000 0.614800 
/data/projects/istart-socdoors/derivatives/fsl/L3_model-3_task-socialdoors_n92_flame1+2_randomise/L3_model-3_task-socialdoors_type-ppi_seed-VS_thr5_cnum-4_cname-win-loss_randomise/_tfce_corrp_tstat8.nii.gz
0.000000 0.710200 
/data/projects/istart-socdoors/derivatives/fsl/L3_model-3_task-socialdoors_n92_flame1+2_randomise/L3_model-3_task-socialdoors_type-ppi_seed-VS_thr5_cnum-4_cname-win-loss_randomise/_tstat1.nii.gz
-4.230897 4.456500 
/data/projects/istart-socdoors/derivatives/fsl/L3_model-3_task-socialdoors_n92_flame1+2_randomise/L3_model-3_task-socialdoors_type-ppi_seed-VS_thr5_cnum-4_cname-win-loss_randomise/_tstat2.nii.gz
-4.456500 4.230897 
/data/projects/istart-socdoors/derivatives/fsl/L3_model-3_task-socialdoors_n92_flame1+2_randomise/L3_model-3_task-socialdoors_type-ppi_seed-VS_thr5_cnum-4_cname-win-loss_randomise/_tstat3.nii.gz
-4.796426 4.737999 
/data/projects/istart-socdoors/derivatives/fsl/L3_model-3_task-socialdoors_n92_flame1+2_randomise/L3_model-3_task-socialdoors_type-ppi_seed-VS_thr5_cnum-4_cname-win-loss_randomise/_tstat4.nii.gz
-4.737999 4.796426 
/data/projects/istart-socdoors/derivatives/fsl/L3_model-3_task-socialdoors_n92_flame1+2_randomise/L3_model-3_task-socialdoors_type-ppi_seed-VS_thr5_cnum-4_cname-win-loss_randomise/_tstat5.nii.gz
-4.826598 3.771892 
/data/projects/istart-socdoors/derivatives/fsl/L3_model-3_task-socialdoors_n92_flame1+2_randomise/L3_model-3_task-socialdoors_type-ppi_seed-VS_thr5_cnum-4_cname-win-loss_randomise/_tstat6.nii.gz
-3.771892 4.826598 
/data/projects/istart-socdoors/derivatives/fsl/L3_model-3_task-socialdoors_n92_flame1+2_randomise/L3_model-3_task-socialdoors_type-ppi_seed-VS_thr5_cnum-4_cname-win-loss_randomise/_tstat7.nii.gz
-4.644493 4.782902 
/data/projects/istart-socdoors/derivatives/fsl/L3_model-3_task-socialdoors_n92_flame1+2_randomise/L3_model-3_task-socialdoors_type-ppi_seed-VS_thr5_cnum-4_cname-win-loss_randomise/_tstat8.nii.gz
-4.782902 4.644493 
/data/projects/istart-socdoors/derivatives/fsl/L3_model-3_task-socialdoors_n92_flame1+2_randomise/L3_model-3_task-socialdoors_type-ppi_seed-VS_thr5_cnum-4_cname-win-loss_randomise/type-ppi_seed-VS_thr5_model-3_randomise_filteredfunc_diff.nii.gz
-4343.704102 4063.581543 
/data/projects/istart-socdoors/derivatives/fsl/L3_model-3_task-socialdoors_n92_flame1+2_randomise/L3_model-3_task-socialdoors_type-ppi_seed-VS_thr5_cnum-4_cname-win-loss_randomise/_vox_corrp_tstat1.nii.gz
0.000000 0.577400 
/data/projects/istart-socdoors/derivatives/fsl/L3_model-3_task-socialdoors_n92_flame1+2_randomise/L3_model-3_task-socialdoors_type-ppi_seed-VS_thr5_cnum-4_cname-win-loss_randomise/_vox_corrp_tstat2.nii.gz
0.000000 0.392600 
/data/projects/istart-socdoors/derivatives/fsl/L3_model-3_task-socialdoors_n92_flame1+2_randomise/L3_model-3_task-socialdoors_type-ppi_seed-VS_thr5_cnum-4_cname-win-loss_randomise/_vox_corrp_tstat3.nii.gz
0.000000 0.742800 
/data/projects/istart-socdoors/derivatives/fsl/L3_model-3_task-socialdoors_n92_flame1+2_randomise/L3_model-3_task-socialdoors_type-ppi_seed-VS_thr5_cnum-4_cname-win-loss_randomise/_vox_corrp_tstat4.nii.gz
0.000000 0.773600 
/data/projects/istart-socdoors/derivatives/fsl/L3_model-3_task-socialdoors_n92_flame1+2_randomise/L3_model-3_task-socialdoors_type-ppi_seed-VS_thr5_cnum-4_cname-win-loss_randomise/_vox_corrp_tstat5.nii.gz
0.000000 0.094400 
/data/projects/istart-socdoors/derivatives/fsl/L3_model-3_task-socialdoors_n92_flame1+2_randomise/L3_model-3_task-socialdoors_type-ppi_seed-VS_thr5_cnum-4_cname-win-loss_randomise/_vox_corrp_tstat6.nii.gz
0.000000 0.787400 
/data/projects/istart-socdoors/derivatives/fsl/L3_model-3_task-socialdoors_n92_flame1+2_randomise/L3_model-3_task-socialdoors_type-ppi_seed-VS_thr5_cnum-4_cname-win-loss_randomise/_vox_corrp_tstat7.nii.gz
0.000000 0.485200 
/data/projects/istart-socdoors/derivatives/fsl/L3_model-3_task-socialdoors_n92_flame1+2_randomise/L3_model-3_task-socialdoors_type-ppi_seed-VS_thr5_cnum-4_cname-win-loss_randomise/_vox_corrp_tstat8.nii.gz
0.000000 0.421200 
